<?xml version="1.0" encoding="UTF-8"?>
<robot generator="Robot 5.0.1 (Python 3.8.2 on darwin)" generated="20221111 17:16:47.392" rpa="false" schemaversion="3">
<suite id="s1" name="Login Test" source="/Users/veereshp/PycharmProjects/Demo_api_login/Test scripts/login_test.robot">
<test id="s1-t1" name="Sign In Positive Test case" line="7">
<kw name="Set Variable" library="BuiltIn">
<var>${expected_status_code}</var>
<arg>200</arg>
<doc>Returns the given values which can then be assigned to a variables.</doc>
<msg timestamp="20221111 17:16:47.571" level="INFO">${expected_status_code} = 200</msg>
<status status="PASS" starttime="20221111 17:16:47.570" endtime="20221111 17:16:47.571"/>
</kw>
<kw name="Create Dictionary" library="BuiltIn">
<var>&amp;{data}</var>
<arg>email=${email}</arg>
<arg>password=${password}</arg>
<doc>Creates and returns a dictionary based on the given ``items``.</doc>
<msg timestamp="20221111 17:16:47.572" level="INFO">&amp;{data} = { email=sagar3@amagi.com | password=Amagi@123 }</msg>
<status status="PASS" starttime="20221111 17:16:47.571" endtime="20221111 17:16:47.572"/>
</kw>
<kw name="Set Variable" library="BuiltIn">
<var>${path}</var>
<arg>login</arg>
<doc>Returns the given values which can then be assigned to a variables.</doc>
<msg timestamp="20221111 17:16:47.572" level="INFO">${path} = login</msg>
<status status="PASS" starttime="20221111 17:16:47.572" endtime="20221111 17:16:47.572"/>
</kw>
<kw name="Make Post Request and validate response code" library="common_keywords">
<var>${response}</var>
<arg>${expected_status_code}</arg>
<arg>${path}</arg>
<arg>&amp;{data}</arg>
<tag>Make Post Request and validate response code</tag>
<doc>This Key word is used to make API requests
Author-Veeresh</doc>
<kw name="Create Dictionary" library="BuiltIn">
<var>&amp;{headers}</var>
<arg>Content-Type=application/json</arg>
<doc>Creates and returns a dictionary based on the given ``items``.</doc>
<msg timestamp="20221111 17:16:47.573" level="INFO">&amp;{headers} = { Content-Type=application/json }</msg>
<status status="PASS" starttime="20221111 17:16:47.573" endtime="20221111 17:16:47.573"/>
</kw>
<kw name="Get Current Date" library="DateTime">
<var>${time_before_api_call}</var>
<doc>Returns current local or UTC time with an optional increment.</doc>
<msg timestamp="20221111 17:16:47.573" level="INFO">${time_before_api_call} = 2022-11-11 17:16:47.573</msg>
<status status="PASS" starttime="20221111 17:16:47.573" endtime="20221111 17:16:47.573"/>
</kw>
<kw name="POST" library="RequestsLibrary">
<var>${response}</var>
<arg>url=${url}/${path}</arg>
<arg>json=&amp;{data}</arg>
<arg>headers=&amp;{headers}</arg>
<arg>expected_status=${expected_status_code}</arg>
<doc>Sends a POST request.</doc>
<msg timestamp="20221111 17:16:49.002" level="INFO">POST Request : url=http://34.236.189.23:31100/login 
 path_url=/login 
 headers={'User-Agent': 'python-requests/2.26.0', 'Accept-Encoding': 'gzip, deflate', 'Accept': '*/*', 'Connection': 'keep-alive', 'Content-Type': 'application/json', 'Content-Length': '54'} 
 body=b'{"email": "sagar3@amagi.com", "password": "Amagi@123"}' 
 </msg>
<msg timestamp="20221111 17:16:49.002" level="INFO">POST Response : url=http://34.236.189.23:31100/login 
 status=200, reason=OK 
 headers={'X-Powered-By': 'Express', 'Access-Control-Allow-Origin': '*', 'Access-Control-Allow-Headers': 'Origin, X-Requested-With, Content-Type, Accept, Authorization', 'Content-Type': 'application/json; charset=utf-8', 'Content-Length': '3178', 'ETag': 'W/"c6a-QJfIDjfQYiiWBsp5xEMYw8hMpes"', 'Date': 'Fri, 11 Nov 2022 11:46:48 GMT', 'Connection': 'keep-alive'} 
 body={"accesstoken":"eyJraWQiOiJwNEl3Y3d5d1NJMmFiZTdMUkp1bGpFeGszcE5OZHdsU0hmSlwvZjhhZ29SVT0iLCJhbGciOiJSUzI1NiJ9.eyJjdXN0b206YWN0aXZlc3RhdHVzIjoiYWN0aXZlIiwic3ViIjoiMGQ3MWMwMDgtMmY3OC00OTU4LTg1YjMtYTVkMjU1YzM5MDc1IiwiZW1haWxfdmVyaWZpZWQiOnRydWUsImlzcyI6Imh0dHBzOlwvXC9jb2duaXRvLWlkcC51cy1lYXN0LTEuYW1hem9uYXdzLmNvbVwvdXMtZWFzdC0xX3FoVkU0RTVYNSIsImNvZ25pdG86dXNlcm5hbWUiOiIwZDcxYzAwOC0yZjc4LTQ5NTgtODViMy1hNWQyNTVjMzkwNzUiLCJjdXN0b206bG9jYXRpb24iOiJCYW5iZ2Fsb3JlIiwib3JpZ2luX2p0aSI6IjY4ODM1YmYyLWRhYTctNGI4Zi04YTIyLWNkNzdiMmE2Mzk4YyIsImF1ZCI6IjM3cTJuaGZoYjRwcTk5YXNhaWJoczllODV1IiwiY3VzdG9tOmN1c3RvbWVyaWQiOiIxIiwiZXZlbnRfaWQiOiI1NzcxN2NkZS1iMTNiLTQyNjgtYWIzNi1jODFmYzAwNGU4OTgiLCJ0b2tlbl91c2UiOiJpZCIsImN1c3RvbTpyb2xlaWQiOiI2IiwiYXV0aF90aW1lIjoxNjY4MTY3MjA4LCJuYW1lIjoiYWwyIiwiY3VzdG9tOmN1c3RvbWVySWRzU3RyaW5nIjoiMSIsImV4cCI6MTY2ODE3MDgwOCwiY3VzdG9tOnBob25lbnVtYmVyIjoiOTg3NjU0MzIzMSIsImlhdCI6MTY2ODE2NzIwOCwianRpIjoiMmY1YWY1MjctZGNkYi00MTQ1LWI1ZDYtODI4MTAwMjc1NmVmIiwiZW1haWwiOiJzYWdhcjNAYW1hZ2kuY29tIn0.Qg_R4YLJ6BeYQSOGH4tBOyyRYBJqumIb73F1nKuR2nXzVVCqGTFigsDlPtVnumpBFpp0wUzBZcUOqYXYpWeRtQNzmrR_68IZrXiesF2DPh3bS0NosAlZ8PH_EGymPyCHYHwfX2pPwdtfu1mOVpyGh7OjSe9BPz1tbGjrH1nb6SuyLdGw_4Yz0l2l5bDqvPujt3oAGNORRgo_JUs3eW6zqtJsi7fe-yCycx8gbvCRul2avCg8G_HhCCT142Ya562DuDQgHrrZ5115YDcfuZYRvTsyUsznfZTs1uRONnyDbR0VeKR76PugL1ObEvZtWKRE8bXdSzvl3RJBPWAsB3se0w","refreshToken":"eyJjdHkiOiJKV1QiLCJlbmMiOiJBMjU2R0NNIiwiYWxnIjoiUlNBLU9BRVAifQ.DPRiYh25ing654-wGpoP__0DxE_Ao043oBP63lAr_hN69fwBonkGpKJdR9pcYjQzW3d_9ZJVckq4KbFK219FaMMEvzhAccdbwh6fXVN_ekPa_v9Eyoxm3aShF7jCa4z04Us6bdmhn1ym7At7zb7-njI3XnEeOtAA2eK12A7z7K4v_fdhhpentXVVZpx5zY-mFGvcxvfTx54sJhEFK0FFfIsGK-WgOjsT4yXbv1f6hnvtHIvIRoTiu2iRATO9EIf_Cd-sfamou-AKd9_3BpNKpCVhJGU0cUX8Afwgdvumw6pVqPSyNjjOtZ2ASn9_lHOaAI6mwjNg_NfbWDDL24QXFA.wJ-5fI7bzM3BA1OE.v6GmMGP4_8H9Rql1luDllgkoG6W9o8thnHjpAzR8g6sMAK-W_O1tqj-MVECh8705GksLTRLOsRIuBJtVCUjOypTeA_HLuKziFoAO_SflduotYLOO_3T4syoU95Cu2hfRLgxNdHBnXnPFwSZG0PTSA2JgcAM3J9oTaAqt41p619rkQF6GbvYktXpAiqTVmcGDtzFMrKGfBYqham0Eyeogvq_ov5puhdnN3QwfMHBH5b5J9lY6PL8_nbn4kl01bpXIjOZjM9MGGcrxKd0wvVIG8vm25-_SytpWHnIvQkA9ZAk9XVlRzkqYzjWf80kNSmix5hCfi-b1brd9Q2SNvOr1t9kdWmK1ulqlkMbpZRyBKdM9vQhg8KcYuUyKx5IlXDfILNwX9a_XCIOux60Ry3bDQYB2J4Xshrp9qBq65UjwV7H_HDL-8JLpGGI3c2peimTEyS9r_w9TQD5ZlU_jFpV7rOgv7Cr3Jh1T1yEDZfB5YUIwKDiWBjA6GHP-nizYAnqHpYZ5CK6nt_yu7KryhZioIPpjL1MDWZqh3YM4p1EvhgIrx7CyOjk2DgeTBlmmfmEWR1pFqw7iHMNW1uxOSnX8gVjJpWBfmXDJJQsBqVfTPp0qLNMbXEp9tQ2bEwo7-f24UZPXt3Yp0vmQM-ysYdr-9ELejtvxHYdOwsau2sUUZVT6wGTB8Tfl8HYSlLw6cy5U5CVtsj0vGg8T-fAAVaGtsW49OUtiTMUFb5ySsptc_mwga0tVRPRDgPP_M1_xzJ1ADhbQ9duULcNxo_8PVmZVKEkdC1booduQOnAZos8WDTLPvkD1stxPTmKiI36VNcmpx6Hovuk4pbn_W31fL6LXpwDYE2H3-zeTYKlBDQiwlcSzRu-2gubYMClUTJUhIfKEf9kM0kjkSZB3Az3J8vjoNtnAQOhQiKXiZJ8Qrxc33mIkCqnZPxVYoTox1O1_fF4ineEm10xyz39u5E2KOeFMvTD-A8Y3dZlHHMDScp2z4jJe0tStbGOlv5j1QaN86bE2yVsfswvqXa8Je3JDqRCQzqzYSBS16InnqyhpIEHdEPe8pNS6c2RJSBb7dUwQ-cFwz8V-U6--dUZ5sxAdF9vpC-QIcuxjL-qYMUAVBsO-gCNP62jIfNCIDtGIQcogcc0--as2PlDxHz_WRl2ndPuxhX2YKUSFXQADeEy56BxSDCWOWkElqlHgv1_r_zni01N5ec-PoKUxDBBcE1lXRSKDMtgwY7HKQxypgH2FgZHhN77fdj9lSSF1eKX1Cbcw7AGY0o1e2nfbRN9MTkN51jyFxge8fDnSJQMKOvhp88E3jTLv77GaY1SP00KwZxk.POUjjOAff7RzvGBZD9N9fA","roleid":"6","customerid":"1"} 
 </msg>
<msg timestamp="20221111 17:16:49.002" level="INFO">${response} = &lt;Response [200]&gt;</msg>
<status status="PASS" starttime="20221111 17:16:47.573" endtime="20221111 17:16:49.002"/>
</kw>
<kw name="Status Should Be" library="RequestsLibrary">
<arg>${expected_status_code}</arg>
<arg>${response}</arg>
<doc>Fails if response status code is different than the expected.</doc>
<status status="PASS" starttime="20221111 17:16:49.003" endtime="20221111 17:16:49.003"/>
</kw>
<kw name="Evaluate" library="BuiltIn">
<var>${res}</var>
<arg>json.loads("""${response.content}""")</arg>
<arg>json</arg>
<doc>Evaluates the given expression in Python and returns the result.</doc>
<msg timestamp="20221111 17:16:49.004" level="INFO">${res} = {'accesstoken': 'eyJraWQiOiJwNEl3Y3d5d1NJMmFiZTdMUkp1bGpFeGszcE5OZHdsU0hmSlwvZjhhZ29SVT0iLCJhbGciOiJSUzI1NiJ9.eyJjdXN0b206YWN0aXZlc3RhdHVzIjoiYWN0aXZlIiwic3ViIjoiMGQ3MWMwMDgtMmY3OC00OTU4LTg1YjMtYTVkMj...</msg>
<status status="PASS" starttime="20221111 17:16:49.003" endtime="20221111 17:16:49.004"/>
</kw>
<kw name="Get Current Date" library="DateTime">
<var>${time_after_api_call}</var>
<doc>Returns current local or UTC time with an optional increment.</doc>
<msg timestamp="20221111 17:16:49.004" level="INFO">${time_after_api_call} = 2022-11-11 17:16:49.004</msg>
<status status="PASS" starttime="20221111 17:16:49.004" endtime="20221111 17:16:49.004"/>
</kw>
<msg timestamp="20221111 17:16:49.005" level="INFO">${response} = ['2022-11-11 17:16:47.573', '2022-11-11 17:16:49.004', {'accesstoken': 'eyJraWQiOiJwNEl3Y3d5d1NJMmFiZTdMUkp1bGpFeGszcE5OZHdsU0hmSlwvZjhhZ29SVT0iLCJhbGciOiJSUzI1NiJ9.eyJjdXN0b206YWN0aXZlc3RhdHVzIjoiYWN...</msg>
<status status="PASS" starttime="20221111 17:16:47.572" endtime="20221111 17:16:49.005"/>
</kw>
<kw name="Validate positive sign in response" library="common_keywords">
<arg>${response}</arg>
<tag>Validate positive sign in response</tag>
<doc>This keyword is used to validate Positive response schema
Author-Veeresh</doc>
<kw name="Set Variable" library="BuiltIn">
<var>${time_before_api_call}</var>
<arg>${response}[0]</arg>
<doc>Returns the given values which can then be assigned to a variables.</doc>
<msg timestamp="20221111 17:16:49.006" level="INFO">${time_before_api_call} = 2022-11-11 17:16:47.573</msg>
<status status="PASS" starttime="20221111 17:16:49.005" endtime="20221111 17:16:49.006"/>
</kw>
<kw name="Set Variable" library="BuiltIn">
<var>${time_after_api_call}</var>
<arg>${response}[1]</arg>
<doc>Returns the given values which can then be assigned to a variables.</doc>
<msg timestamp="20221111 17:16:49.006" level="INFO">${time_after_api_call} = 2022-11-11 17:16:49.004</msg>
<status status="PASS" starttime="20221111 17:16:49.006" endtime="20221111 17:16:49.006"/>
</kw>
<kw name="Set Variable" library="BuiltIn">
<var>${res}</var>
<arg>${response}[2]</arg>
<doc>Returns the given values which can then be assigned to a variables.</doc>
<msg timestamp="20221111 17:16:49.007" level="INFO">${res} = {'accesstoken': 'eyJraWQiOiJwNEl3Y3d5d1NJMmFiZTdMUkp1bGpFeGszcE5OZHdsU0hmSlwvZjhhZ29SVT0iLCJhbGciOiJSUzI1NiJ9.eyJjdXN0b206YWN0aXZlc3RhdHVzIjoiYWN0aXZlIiwic3ViIjoiMGQ3MWMwMDgtMmY3OC00OTU4LTg1YjMtYTVkMj...</msg>
<status status="PASS" starttime="20221111 17:16:49.006" endtime="20221111 17:16:49.007"/>
</kw>
<kw name="Validate Execution time" library="common_keywords">
<arg>${time_before_api_call}</arg>
<arg>${time_after_api_call}</arg>
<tag>Validate Execution time</tag>
<doc>This key word is used to validate the execution time
Author-Veeresh</doc>
<kw name="Subtract Date From Date" library="DateTime">
<var>${executiontime}</var>
<arg>${time_after_api_call}</arg>
<arg>${time_before_api_call}</arg>
<doc>Subtracts date from another date and returns time between.</doc>
<msg timestamp="20221111 17:16:49.010" level="INFO">${executiontime} = 1.431</msg>
<status status="PASS" starttime="20221111 17:16:49.007" endtime="20221111 17:16:49.010"/>
</kw>
<if>
<branch type="IF" condition="${executiontime} &gt;= 2">
<kw name="Fail" library="BuiltIn">
<doc>Fails the test with the given message and optionally alters its tags.</doc>
<status status="NOT RUN" starttime="20221111 17:16:49.010" endtime="20221111 17:16:49.010"/>
</kw>
<status status="NOT RUN" starttime="20221111 17:16:49.010" endtime="20221111 17:16:49.011"/>
</branch>
<status status="PASS" starttime="20221111 17:16:49.010" endtime="20221111 17:16:49.011"/>
</if>
<status status="PASS" starttime="20221111 17:16:49.007" endtime="20221111 17:16:49.011"/>
</kw>
<kw name="Set Variable" library="BuiltIn">
<var>${expected_response_lenghth}</var>
<arg>4</arg>
<doc>Returns the given values which can then be assigned to a variables.</doc>
<msg timestamp="20221111 17:16:49.011" level="INFO">${expected_response_lenghth} = 4</msg>
<status status="PASS" starttime="20221111 17:16:49.011" endtime="20221111 17:16:49.011"/>
</kw>
<kw name="Validate Schema length" library="common_keywords">
<arg>${res}</arg>
<arg>${expected_response_lenghth}</arg>
<tag>Validate Schema</tag>
<doc>This keyword is used to validate the schema
Author-Veeresh</doc>
<kw name="Get Length" library="BuiltIn">
<var>${length_of_resp}</var>
<arg>${response}</arg>
<doc>Returns and logs the length of the given item as an integer.</doc>
<msg timestamp="20221111 17:16:49.012" level="INFO">Length is 4</msg>
<msg timestamp="20221111 17:16:49.012" level="INFO">${length_of_resp} = 4</msg>
<status status="PASS" starttime="20221111 17:16:49.012" endtime="20221111 17:16:49.012"/>
</kw>
<if>
<branch type="IF" condition="${length_of_resp} != ${expected_response_lenghth}">
<kw name="Fail" library="BuiltIn">
<doc>Fails the test with the given message and optionally alters its tags.</doc>
<status status="NOT RUN" starttime="20221111 17:16:49.013" endtime="20221111 17:16:49.013"/>
</kw>
<status status="NOT RUN" starttime="20221111 17:16:49.012" endtime="20221111 17:16:49.013"/>
</branch>
<status status="PASS" starttime="20221111 17:16:49.012" endtime="20221111 17:16:49.013"/>
</if>
<status status="PASS" starttime="20221111 17:16:49.011" endtime="20221111 17:16:49.013"/>
</kw>
<kw name="Validate data type and length for given key" library="common_keywords">
<arg>${res['accesstoken']}</arg>
<arg>&lt;class 'str'&gt;</arg>
<arg>1327</arg>
<doc>This keyword is used to validate data type and lenght of a key in given response
Author-Veeresh</doc>
<kw name="Evaluate" library="BuiltIn">
<var>${key_data_type}</var>
<arg>type("${key}")</arg>
<doc>Evaluates the given expression in Python and returns the result.</doc>
<msg timestamp="20221111 17:16:49.014" level="INFO">${key_data_type} = &lt;class 'str'&gt;</msg>
<status status="PASS" starttime="20221111 17:16:49.014" endtime="20221111 17:16:49.015"/>
</kw>
<if>
<branch type="IF" condition="&quot;${key_data_type}&quot; != &quot;${expected_key_data_type}&quot;">
<kw name="Fail" library="BuiltIn">
<doc>Fails the test with the given message and optionally alters its tags.</doc>
<status status="NOT RUN" starttime="20221111 17:16:49.015" endtime="20221111 17:16:49.015"/>
</kw>
<status status="NOT RUN" starttime="20221111 17:16:49.015" endtime="20221111 17:16:49.015"/>
</branch>
<status status="PASS" starttime="20221111 17:16:49.015" endtime="20221111 17:16:49.015"/>
</if>
<kw name="Get Length" library="BuiltIn">
<var>${key_len}</var>
<arg>${key}</arg>
<doc>Returns and logs the length of the given item as an integer.</doc>
<msg timestamp="20221111 17:16:49.015" level="INFO">Length is 1327</msg>
<msg timestamp="20221111 17:16:49.015" level="INFO">${key_len} = 1327</msg>
<status status="PASS" starttime="20221111 17:16:49.015" endtime="20221111 17:16:49.015"/>
</kw>
<if>
<branch type="IF" condition="${key_len} != ${expected_key_data_length}">
<kw name="Fail" library="BuiltIn">
<doc>Fails the test with the given message and optionally alters its tags.</doc>
<status status="NOT RUN" starttime="20221111 17:16:49.016" endtime="20221111 17:16:49.016"/>
</kw>
<status status="NOT RUN" starttime="20221111 17:16:49.016" endtime="20221111 17:16:49.016"/>
</branch>
<status status="PASS" starttime="20221111 17:16:49.015" endtime="20221111 17:16:49.016"/>
</if>
<status status="PASS" starttime="20221111 17:16:49.013" endtime="20221111 17:16:49.016"/>
</kw>
<kw name="Validate data type and length for given key" library="common_keywords">
<arg>${res['refreshToken']}</arg>
<arg>&lt;class 'str'&gt;</arg>
<arg>1785</arg>
<doc>This keyword is used to validate data type and lenght of a key in given response
Author-Veeresh</doc>
<kw name="Evaluate" library="BuiltIn">
<var>${key_data_type}</var>
<arg>type("${key}")</arg>
<doc>Evaluates the given expression in Python and returns the result.</doc>
<msg timestamp="20221111 17:16:49.017" level="INFO">${key_data_type} = &lt;class 'str'&gt;</msg>
<status status="PASS" starttime="20221111 17:16:49.017" endtime="20221111 17:16:49.017"/>
</kw>
<if>
<branch type="IF" condition="&quot;${key_data_type}&quot; != &quot;${expected_key_data_type}&quot;">
<kw name="Fail" library="BuiltIn">
<doc>Fails the test with the given message and optionally alters its tags.</doc>
<status status="NOT RUN" starttime="20221111 17:16:49.018" endtime="20221111 17:16:49.018"/>
</kw>
<status status="NOT RUN" starttime="20221111 17:16:49.017" endtime="20221111 17:16:49.018"/>
</branch>
<status status="PASS" starttime="20221111 17:16:49.017" endtime="20221111 17:16:49.018"/>
</if>
<kw name="Get Length" library="BuiltIn">
<var>${key_len}</var>
<arg>${key}</arg>
<doc>Returns and logs the length of the given item as an integer.</doc>
<msg timestamp="20221111 17:16:49.018" level="INFO">Length is 1785</msg>
<msg timestamp="20221111 17:16:49.018" level="INFO">${key_len} = 1785</msg>
<status status="PASS" starttime="20221111 17:16:49.018" endtime="20221111 17:16:49.018"/>
</kw>
<if>
<branch type="IF" condition="${key_len} != ${expected_key_data_length}">
<kw name="Fail" library="BuiltIn">
<doc>Fails the test with the given message and optionally alters its tags.</doc>
<status status="NOT RUN" starttime="20221111 17:16:49.019" endtime="20221111 17:16:49.019"/>
</kw>
<status status="NOT RUN" starttime="20221111 17:16:49.018" endtime="20221111 17:16:49.019"/>
</branch>
<status status="PASS" starttime="20221111 17:16:49.018" endtime="20221111 17:16:49.019"/>
</if>
<status status="PASS" starttime="20221111 17:16:49.016" endtime="20221111 17:16:49.019"/>
</kw>
<kw name="Validate data type and length for given key" library="common_keywords">
<arg>${res['roleid']}</arg>
<arg>&lt;class 'str'&gt;</arg>
<arg>1</arg>
<doc>This keyword is used to validate data type and lenght of a key in given response
Author-Veeresh</doc>
<kw name="Evaluate" library="BuiltIn">
<var>${key_data_type}</var>
<arg>type("${key}")</arg>
<doc>Evaluates the given expression in Python and returns the result.</doc>
<msg timestamp="20221111 17:16:49.020" level="INFO">${key_data_type} = &lt;class 'str'&gt;</msg>
<status status="PASS" starttime="20221111 17:16:49.020" endtime="20221111 17:16:49.020"/>
</kw>
<if>
<branch type="IF" condition="&quot;${key_data_type}&quot; != &quot;${expected_key_data_type}&quot;">
<kw name="Fail" library="BuiltIn">
<doc>Fails the test with the given message and optionally alters its tags.</doc>
<status status="NOT RUN" starttime="20221111 17:16:49.020" endtime="20221111 17:16:49.020"/>
</kw>
<status status="NOT RUN" starttime="20221111 17:16:49.020" endtime="20221111 17:16:49.020"/>
</branch>
<status status="PASS" starttime="20221111 17:16:49.020" endtime="20221111 17:16:49.020"/>
</if>
<kw name="Get Length" library="BuiltIn">
<var>${key_len}</var>
<arg>${key}</arg>
<doc>Returns and logs the length of the given item as an integer.</doc>
<msg timestamp="20221111 17:16:49.021" level="INFO">Length is 1</msg>
<msg timestamp="20221111 17:16:49.021" level="INFO">${key_len} = 1</msg>
<status status="PASS" starttime="20221111 17:16:49.021" endtime="20221111 17:16:49.021"/>
</kw>
<if>
<branch type="IF" condition="${key_len} != ${expected_key_data_length}">
<kw name="Fail" library="BuiltIn">
<doc>Fails the test with the given message and optionally alters its tags.</doc>
<status status="NOT RUN" starttime="20221111 17:16:49.021" endtime="20221111 17:16:49.021"/>
</kw>
<status status="NOT RUN" starttime="20221111 17:16:49.021" endtime="20221111 17:16:49.021"/>
</branch>
<status status="PASS" starttime="20221111 17:16:49.021" endtime="20221111 17:16:49.021"/>
</if>
<status status="PASS" starttime="20221111 17:16:49.019" endtime="20221111 17:16:49.021"/>
</kw>
<kw name="Validate data type and length for given key" library="common_keywords">
<arg>${res['customerid']}</arg>
<arg>&lt;class 'str'&gt;</arg>
<arg>1</arg>
<doc>This keyword is used to validate data type and lenght of a key in given response
Author-Veeresh</doc>
<kw name="Evaluate" library="BuiltIn">
<var>${key_data_type}</var>
<arg>type("${key}")</arg>
<doc>Evaluates the given expression in Python and returns the result.</doc>
<msg timestamp="20221111 17:16:49.023" level="INFO">${key_data_type} = &lt;class 'str'&gt;</msg>
<status status="PASS" starttime="20221111 17:16:49.022" endtime="20221111 17:16:49.023"/>
</kw>
<if>
<branch type="IF" condition="&quot;${key_data_type}&quot; != &quot;${expected_key_data_type}&quot;">
<kw name="Fail" library="BuiltIn">
<doc>Fails the test with the given message and optionally alters its tags.</doc>
<status status="NOT RUN" starttime="20221111 17:16:49.023" endtime="20221111 17:16:49.023"/>
</kw>
<status status="NOT RUN" starttime="20221111 17:16:49.023" endtime="20221111 17:16:49.023"/>
</branch>
<status status="PASS" starttime="20221111 17:16:49.023" endtime="20221111 17:16:49.023"/>
</if>
<kw name="Get Length" library="BuiltIn">
<var>${key_len}</var>
<arg>${key}</arg>
<doc>Returns and logs the length of the given item as an integer.</doc>
<msg timestamp="20221111 17:16:49.024" level="INFO">Length is 1</msg>
<msg timestamp="20221111 17:16:49.024" level="INFO">${key_len} = 1</msg>
<status status="PASS" starttime="20221111 17:16:49.023" endtime="20221111 17:16:49.024"/>
</kw>
<if>
<branch type="IF" condition="${key_len} != ${expected_key_data_length}">
<kw name="Fail" library="BuiltIn">
<doc>Fails the test with the given message and optionally alters its tags.</doc>
<status status="NOT RUN" starttime="20221111 17:16:49.024" endtime="20221111 17:16:49.024"/>
</kw>
<status status="NOT RUN" starttime="20221111 17:16:49.024" endtime="20221111 17:16:49.024"/>
</branch>
<status status="PASS" starttime="20221111 17:16:49.024" endtime="20221111 17:16:49.024"/>
</if>
<status status="PASS" starttime="20221111 17:16:49.022" endtime="20221111 17:16:49.024"/>
</kw>
<status status="PASS" starttime="20221111 17:16:49.005" endtime="20221111 17:16:49.024"/>
</kw>
<doc>Test to check positive sign in scenario
Author-Veeresh</doc>
<tag>positive</tag>
<tag>Sign In Positive Test case</tag>
<timeout value="5 seconds"/>
<status status="PASS" starttime="20221111 17:16:47.570" endtime="20221111 17:16:49.024"/>
</test>
<test id="s1-t2" name="Sign In Positive Test case with playload in query string" line="18">
<kw name="Set Variable" library="BuiltIn">
<var>${expected_status_code}</var>
<arg>200</arg>
<doc>Returns the given values which can then be assigned to a variables.</doc>
<msg timestamp="20221111 17:16:49.026" level="INFO">${expected_status_code} = 200</msg>
<status status="PASS" starttime="20221111 17:16:49.025" endtime="20221111 17:16:49.026"/>
</kw>
<kw name="Set Variable" library="BuiltIn">
<var>${path}</var>
<arg>login?email=sagar3@amagi.com&amp;password=Amagi@123</arg>
<doc>Returns the given values which can then be assigned to a variables.</doc>
<msg timestamp="20221111 17:16:49.026" level="INFO">${path} = login?email=sagar3@amagi.com&amp;password=Amagi@123</msg>
<status status="PASS" starttime="20221111 17:16:49.026" endtime="20221111 17:16:49.026"/>
</kw>
<kw name="Make Post Request and validate response code" library="common_keywords">
<var>${response}</var>
<arg>${expected_status_code}</arg>
<arg>${path}</arg>
<arg>&amp;{EMPTY}</arg>
<tag>Make Post Request and validate response code</tag>
<doc>This Key word is used to make API requests
Author-Veeresh</doc>
<kw name="Create Dictionary" library="BuiltIn">
<var>&amp;{headers}</var>
<arg>Content-Type=application/json</arg>
<doc>Creates and returns a dictionary based on the given ``items``.</doc>
<msg timestamp="20221111 17:16:49.028" level="INFO">&amp;{headers} = { Content-Type=application/json }</msg>
<status status="PASS" starttime="20221111 17:16:49.027" endtime="20221111 17:16:49.028"/>
</kw>
<kw name="Get Current Date" library="DateTime">
<var>${time_before_api_call}</var>
<doc>Returns current local or UTC time with an optional increment.</doc>
<msg timestamp="20221111 17:16:49.028" level="INFO">${time_before_api_call} = 2022-11-11 17:16:49.028</msg>
<status status="PASS" starttime="20221111 17:16:49.028" endtime="20221111 17:16:49.028"/>
</kw>
<kw name="POST" library="RequestsLibrary">
<var>${response}</var>
<arg>url=${url}/${path}</arg>
<arg>json=&amp;{data}</arg>
<arg>headers=&amp;{headers}</arg>
<arg>expected_status=${expected_status_code}</arg>
<doc>Sends a POST request.</doc>
<msg timestamp="20221111 17:16:54.027" level="FAIL">Test timeout 5 seconds exceeded.</msg>
<status status="FAIL" starttime="20221111 17:16:49.028" endtime="20221111 17:16:54.028"/>
</kw>
<kw name="Status Should Be" library="RequestsLibrary">
<arg>${expected_status_code}</arg>
<arg>${response}</arg>
<doc>Fails if response status code is different than the expected.</doc>
<status status="NOT RUN" starttime="20221111 17:16:54.028" endtime="20221111 17:16:54.028"/>
</kw>
<kw name="Evaluate" library="BuiltIn">
<var>${res}</var>
<arg>json.loads("""${response.content}""")</arg>
<arg>json</arg>
<doc>Evaluates the given expression in Python and returns the result.</doc>
<status status="NOT RUN" starttime="20221111 17:16:54.028" endtime="20221111 17:16:54.028"/>
</kw>
<kw name="Get Current Date" library="DateTime">
<var>${time_after_api_call}</var>
<doc>Returns current local or UTC time with an optional increment.</doc>
<status status="NOT RUN" starttime="20221111 17:16:54.029" endtime="20221111 17:16:54.029"/>
</kw>
<status status="FAIL" starttime="20221111 17:16:49.027" endtime="20221111 17:16:54.029"/>
</kw>
<kw name="Validate positive sign in response" library="common_keywords">
<arg>${response}</arg>
<tag>Validate positive sign in response</tag>
<doc>This keyword is used to validate Positive response schema
Author-Veeresh</doc>
<status status="NOT RUN" starttime="20221111 17:16:54.029" endtime="20221111 17:16:54.029"/>
</kw>
<doc>Test to check positive sign in scenario with playload in query string
Author-Veeresh</doc>
<tag>positive</tag>
<tag>Sign In Positive Test case</tag>
<timeout value="5 seconds"/>
<status status="FAIL" starttime="20221111 17:16:49.025" endtime="20221111 17:16:54.030">Test timeout 5 seconds exceeded.</status>
</test>
<test id="s1-t3" name="Sign In Negative Test Case Empty value for Email address valid password" line="27">
<kw name="Set Variable" library="BuiltIn">
<var>${expected_status_code}</var>
<arg>400</arg>
<doc>Returns the given values which can then be assigned to a variables.</doc>
<msg timestamp="20221111 17:16:54.032" level="INFO">${expected_status_code} = 400</msg>
<status status="PASS" starttime="20221111 17:16:54.032" endtime="20221111 17:16:54.032"/>
</kw>
<kw name="Create Dictionary" library="BuiltIn">
<var>&amp;{data}</var>
<arg>email=${empty_email}</arg>
<arg>password=${password}</arg>
<doc>Creates and returns a dictionary based on the given ``items``.</doc>
<msg timestamp="20221111 17:16:54.033" level="INFO">&amp;{data} = { email= | password=Amagi@123 }</msg>
<status status="PASS" starttime="20221111 17:16:54.032" endtime="20221111 17:16:54.033"/>
</kw>
<kw name="Set Variable" library="BuiltIn">
<var>${path}</var>
<arg>login</arg>
<doc>Returns the given values which can then be assigned to a variables.</doc>
<msg timestamp="20221111 17:16:54.033" level="INFO">${path} = login</msg>
<status status="PASS" starttime="20221111 17:16:54.033" endtime="20221111 17:16:54.033"/>
</kw>
<kw name="Make Post Request and validate response code" library="common_keywords">
<var>${response}</var>
<arg>${expected_status_code}</arg>
<arg>${path}</arg>
<arg>&amp;{data}</arg>
<tag>Make Post Request and validate response code</tag>
<doc>This Key word is used to make API requests
Author-Veeresh</doc>
<kw name="Create Dictionary" library="BuiltIn">
<var>&amp;{headers}</var>
<arg>Content-Type=application/json</arg>
<doc>Creates and returns a dictionary based on the given ``items``.</doc>
<msg timestamp="20221111 17:16:54.035" level="INFO">&amp;{headers} = { Content-Type=application/json }</msg>
<status status="PASS" starttime="20221111 17:16:54.034" endtime="20221111 17:16:54.035"/>
</kw>
<kw name="Get Current Date" library="DateTime">
<var>${time_before_api_call}</var>
<doc>Returns current local or UTC time with an optional increment.</doc>
<msg timestamp="20221111 17:16:54.035" level="INFO">${time_before_api_call} = 2022-11-11 17:16:54.035</msg>
<status status="PASS" starttime="20221111 17:16:54.035" endtime="20221111 17:16:54.035"/>
</kw>
<kw name="POST" library="RequestsLibrary">
<var>${response}</var>
<arg>url=${url}/${path}</arg>
<arg>json=&amp;{data}</arg>
<arg>headers=&amp;{headers}</arg>
<arg>expected_status=${expected_status_code}</arg>
<doc>Sends a POST request.</doc>
<msg timestamp="20221111 17:16:54.870" level="INFO">POST Request : url=http://34.236.189.23:31100/login 
 path_url=/login 
 headers={'User-Agent': 'python-requests/2.26.0', 'Accept-Encoding': 'gzip, deflate', 'Accept': '*/*', 'Connection': 'keep-alive', 'Content-Type': 'application/json', 'Content-Length': '38'} 
 body=b'{"email": "", "password": "Amagi@123"}' 
 </msg>
<msg timestamp="20221111 17:16:54.871" level="INFO">POST Response : url=http://34.236.189.23:31100/login 
 status=400, reason=Bad Request 
 headers={'X-Powered-By': 'Express', 'Access-Control-Allow-Origin': '*', 'Access-Control-Allow-Headers': 'Origin, X-Requested-With, Content-Type, Accept, Authorization', 'Content-Type': 'text/html; charset=utf-8', 'Content-Length': '57', 'ETag': 'W/"39-DMaoXXduy/h67B6IIx7+UJD7r5I"', 'Date': 'Fri, 11 Nov 2022 11:46:54 GMT', 'Connection': 'keep-alive'} 
 body={"status_code":"COG-ERR-010","description":"Login error"} 
 </msg>
<msg timestamp="20221111 17:16:54.871" level="INFO">${response} = &lt;Response [400]&gt;</msg>
<status status="PASS" starttime="20221111 17:16:54.035" endtime="20221111 17:16:54.871"/>
</kw>
<kw name="Status Should Be" library="RequestsLibrary">
<arg>${expected_status_code}</arg>
<arg>${response}</arg>
<doc>Fails if response status code is different than the expected.</doc>
<status status="PASS" starttime="20221111 17:16:54.871" endtime="20221111 17:16:54.872"/>
</kw>
<kw name="Evaluate" library="BuiltIn">
<var>${res}</var>
<arg>json.loads("""${response.content}""")</arg>
<arg>json</arg>
<doc>Evaluates the given expression in Python and returns the result.</doc>
<msg timestamp="20221111 17:16:54.873" level="INFO">${res} = {'status_code': 'COG-ERR-010', 'description': 'Login error'}</msg>
<status status="PASS" starttime="20221111 17:16:54.872" endtime="20221111 17:16:54.873"/>
</kw>
<kw name="Get Current Date" library="DateTime">
<var>${time_after_api_call}</var>
<doc>Returns current local or UTC time with an optional increment.</doc>
<msg timestamp="20221111 17:16:54.874" level="INFO">${time_after_api_call} = 2022-11-11 17:16:54.874</msg>
<status status="PASS" starttime="20221111 17:16:54.873" endtime="20221111 17:16:54.874"/>
</kw>
<msg timestamp="20221111 17:16:54.874" level="INFO">${response} = ['2022-11-11 17:16:54.035', '2022-11-11 17:16:54.874', {'status_code': 'COG-ERR-010', 'description': 'Login error'}]</msg>
<status status="PASS" starttime="20221111 17:16:54.034" endtime="20221111 17:16:54.874"/>
</kw>
<kw name="Validate negative response" library="common_keywords">
<arg>${response}</arg>
<tag>Validate negative response</tag>
<doc>This key word is used to validate negative response schema
Author-Veeresh</doc>
<kw name="Set Variable" library="BuiltIn">
<var>${time_before_api_call}</var>
<arg>${response}[0]</arg>
<doc>Returns the given values which can then be assigned to a variables.</doc>
<msg timestamp="20221111 17:16:54.876" level="INFO">${time_before_api_call} = 2022-11-11 17:16:54.035</msg>
<status status="PASS" starttime="20221111 17:16:54.875" endtime="20221111 17:16:54.876"/>
</kw>
<kw name="Set Variable" library="BuiltIn">
<var>${time_after_api_call}</var>
<arg>${response}[1]</arg>
<doc>Returns the given values which can then be assigned to a variables.</doc>
<msg timestamp="20221111 17:16:54.876" level="INFO">${time_after_api_call} = 2022-11-11 17:16:54.874</msg>
<status status="PASS" starttime="20221111 17:16:54.876" endtime="20221111 17:16:54.876"/>
</kw>
<kw name="Set Variable" library="BuiltIn">
<var>${res}</var>
<arg>${response}[2]</arg>
<doc>Returns the given values which can then be assigned to a variables.</doc>
<msg timestamp="20221111 17:16:54.877" level="INFO">${res} = {'status_code': 'COG-ERR-010', 'description': 'Login error'}</msg>
<status status="PASS" starttime="20221111 17:16:54.876" endtime="20221111 17:16:54.877"/>
</kw>
<kw name="Validate Execution time" library="common_keywords">
<arg>${time_before_api_call}</arg>
<arg>${time_after_api_call}</arg>
<tag>Validate Execution time</tag>
<doc>This key word is used to validate the execution time
Author-Veeresh</doc>
<kw name="Subtract Date From Date" library="DateTime">
<var>${executiontime}</var>
<arg>${time_after_api_call}</arg>
<arg>${time_before_api_call}</arg>
<doc>Subtracts date from another date and returns time between.</doc>
<msg timestamp="20221111 17:16:54.878" level="INFO">${executiontime} = 0.839</msg>
<status status="PASS" starttime="20221111 17:16:54.877" endtime="20221111 17:16:54.878"/>
</kw>
<if>
<branch type="IF" condition="${executiontime} &gt;= 2">
<kw name="Fail" library="BuiltIn">
<doc>Fails the test with the given message and optionally alters its tags.</doc>
<status status="NOT RUN" starttime="20221111 17:16:54.878" endtime="20221111 17:16:54.879"/>
</kw>
<status status="NOT RUN" starttime="20221111 17:16:54.878" endtime="20221111 17:16:54.879"/>
</branch>
<status status="PASS" starttime="20221111 17:16:54.878" endtime="20221111 17:16:54.879"/>
</if>
<status status="PASS" starttime="20221111 17:16:54.877" endtime="20221111 17:16:54.879"/>
</kw>
<kw name="Set Variable" library="BuiltIn">
<var>${expected_response_lenghth}</var>
<arg>2</arg>
<doc>Returns the given values which can then be assigned to a variables.</doc>
<msg timestamp="20221111 17:16:54.879" level="INFO">${expected_response_lenghth} = 2</msg>
<status status="PASS" starttime="20221111 17:16:54.879" endtime="20221111 17:16:54.879"/>
</kw>
<kw name="Validate Schema length" library="common_keywords">
<arg>${res}</arg>
<arg>${expected_response_lenghth}</arg>
<tag>Validate Schema</tag>
<doc>This keyword is used to validate the schema
Author-Veeresh</doc>
<kw name="Get Length" library="BuiltIn">
<var>${length_of_resp}</var>
<arg>${response}</arg>
<doc>Returns and logs the length of the given item as an integer.</doc>
<msg timestamp="20221111 17:16:54.880" level="INFO">Length is 2</msg>
<msg timestamp="20221111 17:16:54.880" level="INFO">${length_of_resp} = 2</msg>
<status status="PASS" starttime="20221111 17:16:54.880" endtime="20221111 17:16:54.880"/>
</kw>
<if>
<branch type="IF" condition="${length_of_resp} != ${expected_response_lenghth}">
<kw name="Fail" library="BuiltIn">
<doc>Fails the test with the given message and optionally alters its tags.</doc>
<status status="NOT RUN" starttime="20221111 17:16:54.881" endtime="20221111 17:16:54.881"/>
</kw>
<status status="NOT RUN" starttime="20221111 17:16:54.881" endtime="20221111 17:16:54.881"/>
</branch>
<status status="PASS" starttime="20221111 17:16:54.880" endtime="20221111 17:16:54.881"/>
</if>
<status status="PASS" starttime="20221111 17:16:54.879" endtime="20221111 17:16:54.881"/>
</kw>
<if>
<branch type="IF" condition="&quot;${res['status_code']}&quot; != &quot;COG-ERR-010&quot;">
<kw name="Fail" library="BuiltIn">
<doc>Fails the test with the given message and optionally alters its tags.</doc>
<status status="NOT RUN" starttime="20221111 17:16:54.882" endtime="20221111 17:16:54.882"/>
</kw>
<status status="NOT RUN" starttime="20221111 17:16:54.882" endtime="20221111 17:16:54.882"/>
</branch>
<status status="PASS" starttime="20221111 17:16:54.881" endtime="20221111 17:16:54.882"/>
</if>
<if>
<branch type="IF" condition="&quot;${res['description']}&quot; != &quot;Login error&quot;">
<kw name="Fail" library="BuiltIn">
<doc>Fails the test with the given message and optionally alters its tags.</doc>
<status status="NOT RUN" starttime="20221111 17:16:54.883" endtime="20221111 17:16:54.883"/>
</kw>
<status status="NOT RUN" starttime="20221111 17:16:54.883" endtime="20221111 17:16:54.883"/>
</branch>
<status status="PASS" starttime="20221111 17:16:54.882" endtime="20221111 17:16:54.883"/>
</if>
<kw name="Validate data type and length for given key" library="common_keywords">
<arg>${res['status_code']}</arg>
<arg>&lt;class 'str'&gt;</arg>
<arg>11</arg>
<doc>This keyword is used to validate data type and lenght of a key in given response
Author-Veeresh</doc>
<kw name="Evaluate" library="BuiltIn">
<var>${key_data_type}</var>
<arg>type("${key}")</arg>
<doc>Evaluates the given expression in Python and returns the result.</doc>
<msg timestamp="20221111 17:16:54.885" level="INFO">${key_data_type} = &lt;class 'str'&gt;</msg>
<status status="PASS" starttime="20221111 17:16:54.884" endtime="20221111 17:16:54.885"/>
</kw>
<if>
<branch type="IF" condition="&quot;${key_data_type}&quot; != &quot;${expected_key_data_type}&quot;">
<kw name="Fail" library="BuiltIn">
<doc>Fails the test with the given message and optionally alters its tags.</doc>
<status status="NOT RUN" starttime="20221111 17:16:54.885" endtime="20221111 17:16:54.885"/>
</kw>
<status status="NOT RUN" starttime="20221111 17:16:54.885" endtime="20221111 17:16:54.885"/>
</branch>
<status status="PASS" starttime="20221111 17:16:54.885" endtime="20221111 17:16:54.885"/>
</if>
<kw name="Get Length" library="BuiltIn">
<var>${key_len}</var>
<arg>${key}</arg>
<doc>Returns and logs the length of the given item as an integer.</doc>
<msg timestamp="20221111 17:16:54.886" level="INFO">Length is 11</msg>
<msg timestamp="20221111 17:16:54.886" level="INFO">${key_len} = 11</msg>
<status status="PASS" starttime="20221111 17:16:54.886" endtime="20221111 17:16:54.886"/>
</kw>
<if>
<branch type="IF" condition="${key_len} != ${expected_key_data_length}">
<kw name="Fail" library="BuiltIn">
<doc>Fails the test with the given message and optionally alters its tags.</doc>
<status status="NOT RUN" starttime="20221111 17:16:54.886" endtime="20221111 17:16:54.886"/>
</kw>
<status status="NOT RUN" starttime="20221111 17:16:54.886" endtime="20221111 17:16:54.886"/>
</branch>
<status status="PASS" starttime="20221111 17:16:54.886" endtime="20221111 17:16:54.886"/>
</if>
<status status="PASS" starttime="20221111 17:16:54.883" endtime="20221111 17:16:54.887"/>
</kw>
<kw name="Validate data type and length for given key" library="common_keywords">
<arg>${res['description']}</arg>
<arg>&lt;class 'str'&gt;</arg>
<arg>11</arg>
<doc>This keyword is used to validate data type and lenght of a key in given response
Author-Veeresh</doc>
<kw name="Evaluate" library="BuiltIn">
<var>${key_data_type}</var>
<arg>type("${key}")</arg>
<doc>Evaluates the given expression in Python and returns the result.</doc>
<msg timestamp="20221111 17:16:54.888" level="INFO">${key_data_type} = &lt;class 'str'&gt;</msg>
<status status="PASS" starttime="20221111 17:16:54.888" endtime="20221111 17:16:54.888"/>
</kw>
<if>
<branch type="IF" condition="&quot;${key_data_type}&quot; != &quot;${expected_key_data_type}&quot;">
<kw name="Fail" library="BuiltIn">
<doc>Fails the test with the given message and optionally alters its tags.</doc>
<status status="NOT RUN" starttime="20221111 17:16:54.889" endtime="20221111 17:16:54.889"/>
</kw>
<status status="NOT RUN" starttime="20221111 17:16:54.888" endtime="20221111 17:16:54.889"/>
</branch>
<status status="PASS" starttime="20221111 17:16:54.888" endtime="20221111 17:16:54.889"/>
</if>
<kw name="Get Length" library="BuiltIn">
<var>${key_len}</var>
<arg>${key}</arg>
<doc>Returns and logs the length of the given item as an integer.</doc>
<msg timestamp="20221111 17:16:54.889" level="INFO">Length is 11</msg>
<msg timestamp="20221111 17:16:54.889" level="INFO">${key_len} = 11</msg>
<status status="PASS" starttime="20221111 17:16:54.889" endtime="20221111 17:16:54.889"/>
</kw>
<if>
<branch type="IF" condition="${key_len} != ${expected_key_data_length}">
<kw name="Fail" library="BuiltIn">
<doc>Fails the test with the given message and optionally alters its tags.</doc>
<status status="NOT RUN" starttime="20221111 17:16:54.890" endtime="20221111 17:16:54.890"/>
</kw>
<status status="NOT RUN" starttime="20221111 17:16:54.890" endtime="20221111 17:16:54.890"/>
</branch>
<status status="PASS" starttime="20221111 17:16:54.889" endtime="20221111 17:16:54.890"/>
</if>
<status status="PASS" starttime="20221111 17:16:54.887" endtime="20221111 17:16:54.890"/>
</kw>
<status status="PASS" starttime="20221111 17:16:54.875" endtime="20221111 17:16:54.890"/>
</kw>
<doc>Test to check negative sign in scenario - Empty Email address valid password
Author-Veeresh</doc>
<tag>negative</tag>
<tag>Sign In Negative Test Case Empty value for Email address valid password</tag>
<timeout value="5 seconds"/>
<status status="PASS" starttime="20221111 17:16:54.031" endtime="20221111 17:16:54.890"/>
</test>
<test id="s1-t4" name="Sign In Negative Test Case Valid Email address empty value for password" line="38">
<kw name="Set Variable" library="BuiltIn">
<var>${expected_status_code}</var>
<arg>400</arg>
<doc>Returns the given values which can then be assigned to a variables.</doc>
<msg timestamp="20221111 17:16:54.892" level="INFO">${expected_status_code} = 400</msg>
<status status="PASS" starttime="20221111 17:16:54.891" endtime="20221111 17:16:54.892"/>
</kw>
<kw name="Create Dictionary" library="BuiltIn">
<var>&amp;{data}</var>
<arg>email=${email}</arg>
<arg>password=$${empty_password}</arg>
<doc>Creates and returns a dictionary based on the given ``items``.</doc>
<msg timestamp="20221111 17:16:54.892" level="INFO">&amp;{data} = { email=sagar3@amagi.com | password=$ }</msg>
<status status="PASS" starttime="20221111 17:16:54.892" endtime="20221111 17:16:54.892"/>
</kw>
<kw name="Set Variable" library="BuiltIn">
<var>${path}</var>
<arg>login</arg>
<doc>Returns the given values which can then be assigned to a variables.</doc>
<msg timestamp="20221111 17:16:54.893" level="INFO">${path} = login</msg>
<status status="PASS" starttime="20221111 17:16:54.893" endtime="20221111 17:16:54.893"/>
</kw>
<kw name="Make Post Request and validate response code" library="common_keywords">
<var>${response}</var>
<arg>${expected_status_code}</arg>
<arg>${path}</arg>
<arg>&amp;{data}</arg>
<tag>Make Post Request and validate response code</tag>
<doc>This Key word is used to make API requests
Author-Veeresh</doc>
<kw name="Create Dictionary" library="BuiltIn">
<var>&amp;{headers}</var>
<arg>Content-Type=application/json</arg>
<doc>Creates and returns a dictionary based on the given ``items``.</doc>
<msg timestamp="20221111 17:16:54.894" level="INFO">&amp;{headers} = { Content-Type=application/json }</msg>
<status status="PASS" starttime="20221111 17:16:54.894" endtime="20221111 17:16:54.894"/>
</kw>
<kw name="Get Current Date" library="DateTime">
<var>${time_before_api_call}</var>
<doc>Returns current local or UTC time with an optional increment.</doc>
<msg timestamp="20221111 17:16:54.895" level="INFO">${time_before_api_call} = 2022-11-11 17:16:54.894</msg>
<status status="PASS" starttime="20221111 17:16:54.894" endtime="20221111 17:16:54.895"/>
</kw>
<kw name="POST" library="RequestsLibrary">
<var>${response}</var>
<arg>url=${url}/${path}</arg>
<arg>json=&amp;{data}</arg>
<arg>headers=&amp;{headers}</arg>
<arg>expected_status=${expected_status_code}</arg>
<doc>Sends a POST request.</doc>
<msg timestamp="20221111 17:16:56.250" level="INFO">POST Request : url=http://34.236.189.23:31100/login 
 path_url=/login 
 headers={'User-Agent': 'python-requests/2.26.0', 'Accept-Encoding': 'gzip, deflate', 'Accept': '*/*', 'Connection': 'keep-alive', 'Content-Type': 'application/json', 'Content-Length': '46'} 
 body=b'{"email": "sagar3@amagi.com", "password": "$"}' 
 </msg>
<msg timestamp="20221111 17:16:56.250" level="INFO">POST Response : url=http://34.236.189.23:31100/login 
 status=400, reason=Bad Request 
 headers={'X-Powered-By': 'Express', 'Access-Control-Allow-Origin': '*', 'Access-Control-Allow-Headers': 'Origin, X-Requested-With, Content-Type, Accept, Authorization', 'Content-Type': 'text/html; charset=utf-8', 'Content-Length': '57', 'ETag': 'W/"39-DMaoXXduy/h67B6IIx7+UJD7r5I"', 'Date': 'Fri, 11 Nov 2022 11:46:56 GMT', 'Connection': 'keep-alive'} 
 body={"status_code":"COG-ERR-010","description":"Login error"} 
 </msg>
<msg timestamp="20221111 17:16:56.250" level="INFO">${response} = &lt;Response [400]&gt;</msg>
<status status="PASS" starttime="20221111 17:16:54.895" endtime="20221111 17:16:56.250"/>
</kw>
<kw name="Status Should Be" library="RequestsLibrary">
<arg>${expected_status_code}</arg>
<arg>${response}</arg>
<doc>Fails if response status code is different than the expected.</doc>
<status status="PASS" starttime="20221111 17:16:56.250" endtime="20221111 17:16:56.251"/>
</kw>
<kw name="Evaluate" library="BuiltIn">
<var>${res}</var>
<arg>json.loads("""${response.content}""")</arg>
<arg>json</arg>
<doc>Evaluates the given expression in Python and returns the result.</doc>
<msg timestamp="20221111 17:16:56.253" level="INFO">${res} = {'status_code': 'COG-ERR-010', 'description': 'Login error'}</msg>
<status status="PASS" starttime="20221111 17:16:56.252" endtime="20221111 17:16:56.253"/>
</kw>
<kw name="Get Current Date" library="DateTime">
<var>${time_after_api_call}</var>
<doc>Returns current local or UTC time with an optional increment.</doc>
<msg timestamp="20221111 17:16:56.253" level="INFO">${time_after_api_call} = 2022-11-11 17:16:56.253</msg>
<status status="PASS" starttime="20221111 17:16:56.253" endtime="20221111 17:16:56.253"/>
</kw>
<msg timestamp="20221111 17:16:56.254" level="INFO">${response} = ['2022-11-11 17:16:54.894', '2022-11-11 17:16:56.253', {'status_code': 'COG-ERR-010', 'description': 'Login error'}]</msg>
<status status="PASS" starttime="20221111 17:16:54.893" endtime="20221111 17:16:56.254"/>
</kw>
<kw name="Validate negative response" library="common_keywords">
<arg>${response}</arg>
<tag>Validate negative response</tag>
<doc>This key word is used to validate negative response schema
Author-Veeresh</doc>
<kw name="Set Variable" library="BuiltIn">
<var>${time_before_api_call}</var>
<arg>${response}[0]</arg>
<doc>Returns the given values which can then be assigned to a variables.</doc>
<msg timestamp="20221111 17:16:56.255" level="INFO">${time_before_api_call} = 2022-11-11 17:16:54.894</msg>
<status status="PASS" starttime="20221111 17:16:56.255" endtime="20221111 17:16:56.255"/>
</kw>
<kw name="Set Variable" library="BuiltIn">
<var>${time_after_api_call}</var>
<arg>${response}[1]</arg>
<doc>Returns the given values which can then be assigned to a variables.</doc>
<msg timestamp="20221111 17:16:56.256" level="INFO">${time_after_api_call} = 2022-11-11 17:16:56.253</msg>
<status status="PASS" starttime="20221111 17:16:56.255" endtime="20221111 17:16:56.256"/>
</kw>
<kw name="Set Variable" library="BuiltIn">
<var>${res}</var>
<arg>${response}[2]</arg>
<doc>Returns the given values which can then be assigned to a variables.</doc>
<msg timestamp="20221111 17:16:56.256" level="INFO">${res} = {'status_code': 'COG-ERR-010', 'description': 'Login error'}</msg>
<status status="PASS" starttime="20221111 17:16:56.256" endtime="20221111 17:16:56.256"/>
</kw>
<kw name="Validate Execution time" library="common_keywords">
<arg>${time_before_api_call}</arg>
<arg>${time_after_api_call}</arg>
<tag>Validate Execution time</tag>
<doc>This key word is used to validate the execution time
Author-Veeresh</doc>
<kw name="Subtract Date From Date" library="DateTime">
<var>${executiontime}</var>
<arg>${time_after_api_call}</arg>
<arg>${time_before_api_call}</arg>
<doc>Subtracts date from another date and returns time between.</doc>
<msg timestamp="20221111 17:16:56.257" level="INFO">${executiontime} = 1.359</msg>
<status status="PASS" starttime="20221111 17:16:56.257" endtime="20221111 17:16:56.257"/>
</kw>
<if>
<branch type="IF" condition="${executiontime} &gt;= 2">
<kw name="Fail" library="BuiltIn">
<doc>Fails the test with the given message and optionally alters its tags.</doc>
<status status="NOT RUN" starttime="20221111 17:16:56.258" endtime="20221111 17:16:56.258"/>
</kw>
<status status="NOT RUN" starttime="20221111 17:16:56.258" endtime="20221111 17:16:56.258"/>
</branch>
<status status="PASS" starttime="20221111 17:16:56.258" endtime="20221111 17:16:56.258"/>
</if>
<status status="PASS" starttime="20221111 17:16:56.256" endtime="20221111 17:16:56.258"/>
</kw>
<kw name="Set Variable" library="BuiltIn">
<var>${expected_response_lenghth}</var>
<arg>2</arg>
<doc>Returns the given values which can then be assigned to a variables.</doc>
<msg timestamp="20221111 17:16:56.258" level="INFO">${expected_response_lenghth} = 2</msg>
<status status="PASS" starttime="20221111 17:16:56.258" endtime="20221111 17:16:56.259"/>
</kw>
<kw name="Validate Schema length" library="common_keywords">
<arg>${res}</arg>
<arg>${expected_response_lenghth}</arg>
<tag>Validate Schema</tag>
<doc>This keyword is used to validate the schema
Author-Veeresh</doc>
<kw name="Get Length" library="BuiltIn">
<var>${length_of_resp}</var>
<arg>${response}</arg>
<doc>Returns and logs the length of the given item as an integer.</doc>
<msg timestamp="20221111 17:16:56.259" level="INFO">Length is 2</msg>
<msg timestamp="20221111 17:16:56.260" level="INFO">${length_of_resp} = 2</msg>
<status status="PASS" starttime="20221111 17:16:56.259" endtime="20221111 17:16:56.260"/>
</kw>
<if>
<branch type="IF" condition="${length_of_resp} != ${expected_response_lenghth}">
<kw name="Fail" library="BuiltIn">
<doc>Fails the test with the given message and optionally alters its tags.</doc>
<status status="NOT RUN" starttime="20221111 17:16:56.260" endtime="20221111 17:16:56.260"/>
</kw>
<status status="NOT RUN" starttime="20221111 17:16:56.260" endtime="20221111 17:16:56.260"/>
</branch>
<status status="PASS" starttime="20221111 17:16:56.260" endtime="20221111 17:16:56.260"/>
</if>
<status status="PASS" starttime="20221111 17:16:56.259" endtime="20221111 17:16:56.260"/>
</kw>
<if>
<branch type="IF" condition="&quot;${res['status_code']}&quot; != &quot;COG-ERR-010&quot;">
<kw name="Fail" library="BuiltIn">
<doc>Fails the test with the given message and optionally alters its tags.</doc>
<status status="NOT RUN" starttime="20221111 17:16:56.261" endtime="20221111 17:16:56.261"/>
</kw>
<status status="NOT RUN" starttime="20221111 17:16:56.261" endtime="20221111 17:16:56.261"/>
</branch>
<status status="PASS" starttime="20221111 17:16:56.260" endtime="20221111 17:16:56.261"/>
</if>
<if>
<branch type="IF" condition="&quot;${res['description']}&quot; != &quot;Login error&quot;">
<kw name="Fail" library="BuiltIn">
<doc>Fails the test with the given message and optionally alters its tags.</doc>
<status status="NOT RUN" starttime="20221111 17:16:56.262" endtime="20221111 17:16:56.262"/>
</kw>
<status status="NOT RUN" starttime="20221111 17:16:56.262" endtime="20221111 17:16:56.262"/>
</branch>
<status status="PASS" starttime="20221111 17:16:56.261" endtime="20221111 17:16:56.262"/>
</if>
<kw name="Validate data type and length for given key" library="common_keywords">
<arg>${res['status_code']}</arg>
<arg>&lt;class 'str'&gt;</arg>
<arg>11</arg>
<doc>This keyword is used to validate data type and lenght of a key in given response
Author-Veeresh</doc>
<kw name="Evaluate" library="BuiltIn">
<var>${key_data_type}</var>
<arg>type("${key}")</arg>
<doc>Evaluates the given expression in Python and returns the result.</doc>
<msg timestamp="20221111 17:16:56.264" level="INFO">${key_data_type} = &lt;class 'str'&gt;</msg>
<status status="PASS" starttime="20221111 17:16:56.263" endtime="20221111 17:16:56.264"/>
</kw>
<if>
<branch type="IF" condition="&quot;${key_data_type}&quot; != &quot;${expected_key_data_type}&quot;">
<kw name="Fail" library="BuiltIn">
<doc>Fails the test with the given message and optionally alters its tags.</doc>
<status status="NOT RUN" starttime="20221111 17:16:56.264" endtime="20221111 17:16:56.264"/>
</kw>
<status status="NOT RUN" starttime="20221111 17:16:56.264" endtime="20221111 17:16:56.264"/>
</branch>
<status status="PASS" starttime="20221111 17:16:56.264" endtime="20221111 17:16:56.264"/>
</if>
<kw name="Get Length" library="BuiltIn">
<var>${key_len}</var>
<arg>${key}</arg>
<doc>Returns and logs the length of the given item as an integer.</doc>
<msg timestamp="20221111 17:16:56.265" level="INFO">Length is 11</msg>
<msg timestamp="20221111 17:16:56.265" level="INFO">${key_len} = 11</msg>
<status status="PASS" starttime="20221111 17:16:56.264" endtime="20221111 17:16:56.265"/>
</kw>
<if>
<branch type="IF" condition="${key_len} != ${expected_key_data_length}">
<kw name="Fail" library="BuiltIn">
<doc>Fails the test with the given message and optionally alters its tags.</doc>
<status status="NOT RUN" starttime="20221111 17:16:56.265" endtime="20221111 17:16:56.266"/>
</kw>
<status status="NOT RUN" starttime="20221111 17:16:56.265" endtime="20221111 17:16:56.266"/>
</branch>
<status status="PASS" starttime="20221111 17:16:56.265" endtime="20221111 17:16:56.266"/>
</if>
<status status="PASS" starttime="20221111 17:16:56.262" endtime="20221111 17:16:56.266"/>
</kw>
<kw name="Validate data type and length for given key" library="common_keywords">
<arg>${res['description']}</arg>
<arg>&lt;class 'str'&gt;</arg>
<arg>11</arg>
<doc>This keyword is used to validate data type and lenght of a key in given response
Author-Veeresh</doc>
<kw name="Evaluate" library="BuiltIn">
<var>${key_data_type}</var>
<arg>type("${key}")</arg>
<doc>Evaluates the given expression in Python and returns the result.</doc>
<msg timestamp="20221111 17:16:56.267" level="INFO">${key_data_type} = &lt;class 'str'&gt;</msg>
<status status="PASS" starttime="20221111 17:16:56.267" endtime="20221111 17:16:56.267"/>
</kw>
<if>
<branch type="IF" condition="&quot;${key_data_type}&quot; != &quot;${expected_key_data_type}&quot;">
<kw name="Fail" library="BuiltIn">
<doc>Fails the test with the given message and optionally alters its tags.</doc>
<status status="NOT RUN" starttime="20221111 17:16:56.268" endtime="20221111 17:16:56.268"/>
</kw>
<status status="NOT RUN" starttime="20221111 17:16:56.268" endtime="20221111 17:16:56.268"/>
</branch>
<status status="PASS" starttime="20221111 17:16:56.267" endtime="20221111 17:16:56.268"/>
</if>
<kw name="Get Length" library="BuiltIn">
<var>${key_len}</var>
<arg>${key}</arg>
<doc>Returns and logs the length of the given item as an integer.</doc>
<msg timestamp="20221111 17:16:56.268" level="INFO">Length is 11</msg>
<msg timestamp="20221111 17:16:56.268" level="INFO">${key_len} = 11</msg>
<status status="PASS" starttime="20221111 17:16:56.268" endtime="20221111 17:16:56.268"/>
</kw>
<if>
<branch type="IF" condition="${key_len} != ${expected_key_data_length}">
<kw name="Fail" library="BuiltIn">
<doc>Fails the test with the given message and optionally alters its tags.</doc>
<status status="NOT RUN" starttime="20221111 17:16:56.269" endtime="20221111 17:16:56.269"/>
</kw>
<status status="NOT RUN" starttime="20221111 17:16:56.269" endtime="20221111 17:16:56.269"/>
</branch>
<status status="PASS" starttime="20221111 17:16:56.268" endtime="20221111 17:16:56.269"/>
</if>
<status status="PASS" starttime="20221111 17:16:56.266" endtime="20221111 17:16:56.269"/>
</kw>
<status status="PASS" starttime="20221111 17:16:56.254" endtime="20221111 17:16:56.269"/>
</kw>
<doc>Test to check negative sign in scenario - Valid Email address empty password
Author-Veeresh</doc>
<tag>negative</tag>
<tag>Sign In Negative Test Case Valid Email address empty value for password</tag>
<timeout value="5 seconds"/>
<status status="PASS" starttime="20221111 17:16:54.891" endtime="20221111 17:16:56.269"/>
</test>
<test id="s1-t5" name="Sign In Negative Test Case Empty value for Email address empty value for password" line="48">
<kw name="Set Variable" library="BuiltIn">
<var>${expected_status_code}</var>
<arg>400</arg>
<doc>Returns the given values which can then be assigned to a variables.</doc>
<msg timestamp="20221111 17:16:56.271" level="INFO">${expected_status_code} = 400</msg>
<status status="PASS" starttime="20221111 17:16:56.270" endtime="20221111 17:16:56.271"/>
</kw>
<kw name="Create Dictionary" library="BuiltIn">
<var>&amp;{data}</var>
<arg>email=${empty_email}</arg>
<arg>password=$${empty_password}</arg>
<doc>Creates and returns a dictionary based on the given ``items``.</doc>
<msg timestamp="20221111 17:16:56.271" level="INFO">&amp;{data} = { email= | password=$ }</msg>
<status status="PASS" starttime="20221111 17:16:56.271" endtime="20221111 17:16:56.271"/>
</kw>
<kw name="Set Variable" library="BuiltIn">
<var>${path}</var>
<arg>login</arg>
<doc>Returns the given values which can then be assigned to a variables.</doc>
<msg timestamp="20221111 17:16:56.272" level="INFO">${path} = login</msg>
<status status="PASS" starttime="20221111 17:16:56.272" endtime="20221111 17:16:56.272"/>
</kw>
<kw name="Make Post Request and validate response code" library="common_keywords">
<var>${response}</var>
<arg>${expected_status_code}</arg>
<arg>${path}</arg>
<arg>&amp;{data}</arg>
<tag>Make Post Request and validate response code</tag>
<doc>This Key word is used to make API requests
Author-Veeresh</doc>
<kw name="Create Dictionary" library="BuiltIn">
<var>&amp;{headers}</var>
<arg>Content-Type=application/json</arg>
<doc>Creates and returns a dictionary based on the given ``items``.</doc>
<msg timestamp="20221111 17:16:56.273" level="INFO">&amp;{headers} = { Content-Type=application/json }</msg>
<status status="PASS" starttime="20221111 17:16:56.273" endtime="20221111 17:16:56.273"/>
</kw>
<kw name="Get Current Date" library="DateTime">
<var>${time_before_api_call}</var>
<doc>Returns current local or UTC time with an optional increment.</doc>
<msg timestamp="20221111 17:16:56.273" level="INFO">${time_before_api_call} = 2022-11-11 17:16:56.273</msg>
<status status="PASS" starttime="20221111 17:16:56.273" endtime="20221111 17:16:56.274"/>
</kw>
<kw name="POST" library="RequestsLibrary">
<var>${response}</var>
<arg>url=${url}/${path}</arg>
<arg>json=&amp;{data}</arg>
<arg>headers=&amp;{headers}</arg>
<arg>expected_status=${expected_status_code}</arg>
<doc>Sends a POST request.</doc>
<msg timestamp="20221111 17:16:57.177" level="INFO">POST Request : url=http://34.236.189.23:31100/login 
 path_url=/login 
 headers={'User-Agent': 'python-requests/2.26.0', 'Accept-Encoding': 'gzip, deflate', 'Accept': '*/*', 'Connection': 'keep-alive', 'Content-Type': 'application/json', 'Content-Length': '30'} 
 body=b'{"email": "", "password": "$"}' 
 </msg>
<msg timestamp="20221111 17:16:57.177" level="INFO">POST Response : url=http://34.236.189.23:31100/login 
 status=400, reason=Bad Request 
 headers={'X-Powered-By': 'Express', 'Access-Control-Allow-Origin': '*', 'Access-Control-Allow-Headers': 'Origin, X-Requested-With, Content-Type, Accept, Authorization', 'Content-Type': 'text/html; charset=utf-8', 'Content-Length': '57', 'ETag': 'W/"39-DMaoXXduy/h67B6IIx7+UJD7r5I"', 'Date': 'Fri, 11 Nov 2022 11:46:56 GMT', 'Connection': 'keep-alive'} 
 body={"status_code":"COG-ERR-010","description":"Login error"} 
 </msg>
<msg timestamp="20221111 17:16:57.177" level="INFO">${response} = &lt;Response [400]&gt;</msg>
<status status="PASS" starttime="20221111 17:16:56.274" endtime="20221111 17:16:57.177"/>
</kw>
<kw name="Status Should Be" library="RequestsLibrary">
<arg>${expected_status_code}</arg>
<arg>${response}</arg>
<doc>Fails if response status code is different than the expected.</doc>
<status status="PASS" starttime="20221111 17:16:57.177" endtime="20221111 17:16:57.178"/>
</kw>
<kw name="Evaluate" library="BuiltIn">
<var>${res}</var>
<arg>json.loads("""${response.content}""")</arg>
<arg>json</arg>
<doc>Evaluates the given expression in Python and returns the result.</doc>
<msg timestamp="20221111 17:16:57.179" level="INFO">${res} = {'status_code': 'COG-ERR-010', 'description': 'Login error'}</msg>
<status status="PASS" starttime="20221111 17:16:57.178" endtime="20221111 17:16:57.179"/>
</kw>
<kw name="Get Current Date" library="DateTime">
<var>${time_after_api_call}</var>
<doc>Returns current local or UTC time with an optional increment.</doc>
<msg timestamp="20221111 17:16:57.180" level="INFO">${time_after_api_call} = 2022-11-11 17:16:57.180</msg>
<status status="PASS" starttime="20221111 17:16:57.180" endtime="20221111 17:16:57.180"/>
</kw>
<msg timestamp="20221111 17:16:57.180" level="INFO">${response} = ['2022-11-11 17:16:56.273', '2022-11-11 17:16:57.180', {'status_code': 'COG-ERR-010', 'description': 'Login error'}]</msg>
<status status="PASS" starttime="20221111 17:16:56.272" endtime="20221111 17:16:57.181"/>
</kw>
<kw name="Validate negative response" library="common_keywords">
<arg>${response}</arg>
<tag>Validate negative response</tag>
<doc>This key word is used to validate negative response schema
Author-Veeresh</doc>
<kw name="Set Variable" library="BuiltIn">
<var>${time_before_api_call}</var>
<arg>${response}[0]</arg>
<doc>Returns the given values which can then be assigned to a variables.</doc>
<msg timestamp="20221111 17:16:57.182" level="INFO">${time_before_api_call} = 2022-11-11 17:16:56.273</msg>
<status status="PASS" starttime="20221111 17:16:57.181" endtime="20221111 17:16:57.182"/>
</kw>
<kw name="Set Variable" library="BuiltIn">
<var>${time_after_api_call}</var>
<arg>${response}[1]</arg>
<doc>Returns the given values which can then be assigned to a variables.</doc>
<msg timestamp="20221111 17:16:57.183" level="INFO">${time_after_api_call} = 2022-11-11 17:16:57.180</msg>
<status status="PASS" starttime="20221111 17:16:57.182" endtime="20221111 17:16:57.183"/>
</kw>
<kw name="Set Variable" library="BuiltIn">
<var>${res}</var>
<arg>${response}[2]</arg>
<doc>Returns the given values which can then be assigned to a variables.</doc>
<msg timestamp="20221111 17:16:57.183" level="INFO">${res} = {'status_code': 'COG-ERR-010', 'description': 'Login error'}</msg>
<status status="PASS" starttime="20221111 17:16:57.183" endtime="20221111 17:16:57.183"/>
</kw>
<kw name="Validate Execution time" library="common_keywords">
<arg>${time_before_api_call}</arg>
<arg>${time_after_api_call}</arg>
<tag>Validate Execution time</tag>
<doc>This key word is used to validate the execution time
Author-Veeresh</doc>
<kw name="Subtract Date From Date" library="DateTime">
<var>${executiontime}</var>
<arg>${time_after_api_call}</arg>
<arg>${time_before_api_call}</arg>
<doc>Subtracts date from another date and returns time between.</doc>
<msg timestamp="20221111 17:16:57.185" level="INFO">${executiontime} = 0.907</msg>
<status status="PASS" starttime="20221111 17:16:57.184" endtime="20221111 17:16:57.185"/>
</kw>
<if>
<branch type="IF" condition="${executiontime} &gt;= 2">
<kw name="Fail" library="BuiltIn">
<doc>Fails the test with the given message and optionally alters its tags.</doc>
<status status="NOT RUN" starttime="20221111 17:16:57.185" endtime="20221111 17:16:57.185"/>
</kw>
<status status="NOT RUN" starttime="20221111 17:16:57.185" endtime="20221111 17:16:57.185"/>
</branch>
<status status="PASS" starttime="20221111 17:16:57.185" endtime="20221111 17:16:57.185"/>
</if>
<status status="PASS" starttime="20221111 17:16:57.183" endtime="20221111 17:16:57.185"/>
</kw>
<kw name="Set Variable" library="BuiltIn">
<var>${expected_response_lenghth}</var>
<arg>2</arg>
<doc>Returns the given values which can then be assigned to a variables.</doc>
<msg timestamp="20221111 17:16:57.186" level="INFO">${expected_response_lenghth} = 2</msg>
<status status="PASS" starttime="20221111 17:16:57.185" endtime="20221111 17:16:57.186"/>
</kw>
<kw name="Validate Schema length" library="common_keywords">
<arg>${res}</arg>
<arg>${expected_response_lenghth}</arg>
<tag>Validate Schema</tag>
<doc>This keyword is used to validate the schema
Author-Veeresh</doc>
<kw name="Get Length" library="BuiltIn">
<var>${length_of_resp}</var>
<arg>${response}</arg>
<doc>Returns and logs the length of the given item as an integer.</doc>
<msg timestamp="20221111 17:16:57.187" level="INFO">Length is 2</msg>
<msg timestamp="20221111 17:16:57.187" level="INFO">${length_of_resp} = 2</msg>
<status status="PASS" starttime="20221111 17:16:57.186" endtime="20221111 17:16:57.187"/>
</kw>
<if>
<branch type="IF" condition="${length_of_resp} != ${expected_response_lenghth}">
<kw name="Fail" library="BuiltIn">
<doc>Fails the test with the given message and optionally alters its tags.</doc>
<status status="NOT RUN" starttime="20221111 17:16:57.187" endtime="20221111 17:16:57.187"/>
</kw>
<status status="NOT RUN" starttime="20221111 17:16:57.187" endtime="20221111 17:16:57.187"/>
</branch>
<status status="PASS" starttime="20221111 17:16:57.187" endtime="20221111 17:16:57.187"/>
</if>
<status status="PASS" starttime="20221111 17:16:57.186" endtime="20221111 17:16:57.188"/>
</kw>
<if>
<branch type="IF" condition="&quot;${res['status_code']}&quot; != &quot;COG-ERR-010&quot;">
<kw name="Fail" library="BuiltIn">
<doc>Fails the test with the given message and optionally alters its tags.</doc>
<status status="NOT RUN" starttime="20221111 17:16:57.188" endtime="20221111 17:16:57.188"/>
</kw>
<status status="NOT RUN" starttime="20221111 17:16:57.188" endtime="20221111 17:16:57.189"/>
</branch>
<status status="PASS" starttime="20221111 17:16:57.188" endtime="20221111 17:16:57.189"/>
</if>
<if>
<branch type="IF" condition="&quot;${res['description']}&quot; != &quot;Login error&quot;">
<kw name="Fail" library="BuiltIn">
<doc>Fails the test with the given message and optionally alters its tags.</doc>
<status status="NOT RUN" starttime="20221111 17:16:57.189" endtime="20221111 17:16:57.189"/>
</kw>
<status status="NOT RUN" starttime="20221111 17:16:57.189" endtime="20221111 17:16:57.189"/>
</branch>
<status status="PASS" starttime="20221111 17:16:57.189" endtime="20221111 17:16:57.189"/>
</if>
<kw name="Validate data type and length for given key" library="common_keywords">
<arg>${res['status_code']}</arg>
<arg>&lt;class 'str'&gt;</arg>
<arg>11</arg>
<doc>This keyword is used to validate data type and lenght of a key in given response
Author-Veeresh</doc>
<kw name="Evaluate" library="BuiltIn">
<var>${key_data_type}</var>
<arg>type("${key}")</arg>
<doc>Evaluates the given expression in Python and returns the result.</doc>
<msg timestamp="20221111 17:16:57.191" level="INFO">${key_data_type} = &lt;class 'str'&gt;</msg>
<status status="PASS" starttime="20221111 17:16:57.191" endtime="20221111 17:16:57.191"/>
</kw>
<if>
<branch type="IF" condition="&quot;${key_data_type}&quot; != &quot;${expected_key_data_type}&quot;">
<kw name="Fail" library="BuiltIn">
<doc>Fails the test with the given message and optionally alters its tags.</doc>
<status status="NOT RUN" starttime="20221111 17:16:57.192" endtime="20221111 17:16:57.192"/>
</kw>
<status status="NOT RUN" starttime="20221111 17:16:57.191" endtime="20221111 17:16:57.192"/>
</branch>
<status status="PASS" starttime="20221111 17:16:57.191" endtime="20221111 17:16:57.192"/>
</if>
<kw name="Get Length" library="BuiltIn">
<var>${key_len}</var>
<arg>${key}</arg>
<doc>Returns and logs the length of the given item as an integer.</doc>
<msg timestamp="20221111 17:16:57.192" level="INFO">Length is 11</msg>
<msg timestamp="20221111 17:16:57.192" level="INFO">${key_len} = 11</msg>
<status status="PASS" starttime="20221111 17:16:57.192" endtime="20221111 17:16:57.192"/>
</kw>
<if>
<branch type="IF" condition="${key_len} != ${expected_key_data_length}">
<kw name="Fail" library="BuiltIn">
<doc>Fails the test with the given message and optionally alters its tags.</doc>
<status status="NOT RUN" starttime="20221111 17:16:57.193" endtime="20221111 17:16:57.193"/>
</kw>
<status status="NOT RUN" starttime="20221111 17:16:57.192" endtime="20221111 17:16:57.193"/>
</branch>
<status status="PASS" starttime="20221111 17:16:57.192" endtime="20221111 17:16:57.193"/>
</if>
<status status="PASS" starttime="20221111 17:16:57.190" endtime="20221111 17:16:57.193"/>
</kw>
<kw name="Validate data type and length for given key" library="common_keywords">
<arg>${res['description']}</arg>
<arg>&lt;class 'str'&gt;</arg>
<arg>11</arg>
<doc>This keyword is used to validate data type and lenght of a key in given response
Author-Veeresh</doc>
<kw name="Evaluate" library="BuiltIn">
<var>${key_data_type}</var>
<arg>type("${key}")</arg>
<doc>Evaluates the given expression in Python and returns the result.</doc>
<msg timestamp="20221111 17:16:57.194" level="INFO">${key_data_type} = &lt;class 'str'&gt;</msg>
<status status="PASS" starttime="20221111 17:16:57.194" endtime="20221111 17:16:57.194"/>
</kw>
<if>
<branch type="IF" condition="&quot;${key_data_type}&quot; != &quot;${expected_key_data_type}&quot;">
<kw name="Fail" library="BuiltIn">
<doc>Fails the test with the given message and optionally alters its tags.</doc>
<status status="NOT RUN" starttime="20221111 17:16:57.195" endtime="20221111 17:16:57.195"/>
</kw>
<status status="NOT RUN" starttime="20221111 17:16:57.195" endtime="20221111 17:16:57.195"/>
</branch>
<status status="PASS" starttime="20221111 17:16:57.194" endtime="20221111 17:16:57.195"/>
</if>
<kw name="Get Length" library="BuiltIn">
<var>${key_len}</var>
<arg>${key}</arg>
<doc>Returns and logs the length of the given item as an integer.</doc>
<msg timestamp="20221111 17:16:57.195" level="INFO">Length is 11</msg>
<msg timestamp="20221111 17:16:57.195" level="INFO">${key_len} = 11</msg>
<status status="PASS" starttime="20221111 17:16:57.195" endtime="20221111 17:16:57.195"/>
</kw>
<if>
<branch type="IF" condition="${key_len} != ${expected_key_data_length}">
<kw name="Fail" library="BuiltIn">
<doc>Fails the test with the given message and optionally alters its tags.</doc>
<status status="NOT RUN" starttime="20221111 17:16:57.196" endtime="20221111 17:16:57.196"/>
</kw>
<status status="NOT RUN" starttime="20221111 17:16:57.196" endtime="20221111 17:16:57.196"/>
</branch>
<status status="PASS" starttime="20221111 17:16:57.196" endtime="20221111 17:16:57.196"/>
</if>
<status status="PASS" starttime="20221111 17:16:57.193" endtime="20221111 17:16:57.196"/>
</kw>
<status status="PASS" starttime="20221111 17:16:57.181" endtime="20221111 17:16:57.196"/>
</kw>
<doc>Test to check negative sign in scenario - Valid Email address empty password
Author-Veeresh</doc>
<tag>negative</tag>
<tag>Sign In Negative Test Case Empty value for Email address empty value for password</tag>
<timeout value="5 seconds"/>
<status status="PASS" starttime="20221111 17:16:56.270" endtime="20221111 17:16:57.197"/>
</test>
<test id="s1-t6" name="Sign In Negative Test Case Invalid value for Email address valid value for password" line="58">
<kw name="Set Variable" library="BuiltIn">
<var>${expected_status_code}</var>
<arg>400</arg>
<doc>Returns the given values which can then be assigned to a variables.</doc>
<msg timestamp="20221111 17:16:57.198" level="INFO">${expected_status_code} = 400</msg>
<status status="PASS" starttime="20221111 17:16:57.198" endtime="20221111 17:16:57.198"/>
</kw>
<kw name="Create Dictionary" library="BuiltIn">
<var>&amp;{data}</var>
<arg>email=${invalid_email}</arg>
<arg>password=$${password}</arg>
<doc>Creates and returns a dictionary based on the given ``items``.</doc>
<msg timestamp="20221111 17:16:57.199" level="INFO">&amp;{data} = { email=sagar4@amagi.com" | password=$Amagi@123 }</msg>
<status status="PASS" starttime="20221111 17:16:57.198" endtime="20221111 17:16:57.199"/>
</kw>
<kw name="Set Variable" library="BuiltIn">
<var>${path}</var>
<arg>login</arg>
<doc>Returns the given values which can then be assigned to a variables.</doc>
<msg timestamp="20221111 17:16:57.199" level="INFO">${path} = login</msg>
<status status="PASS" starttime="20221111 17:16:57.199" endtime="20221111 17:16:57.199"/>
</kw>
<kw name="Make Post Request and validate response code" library="common_keywords">
<var>${response}</var>
<arg>${expected_status_code}</arg>
<arg>${path}</arg>
<arg>&amp;{data}</arg>
<tag>Make Post Request and validate response code</tag>
<doc>This Key word is used to make API requests
Author-Veeresh</doc>
<kw name="Create Dictionary" library="BuiltIn">
<var>&amp;{headers}</var>
<arg>Content-Type=application/json</arg>
<doc>Creates and returns a dictionary based on the given ``items``.</doc>
<msg timestamp="20221111 17:16:57.200" level="INFO">&amp;{headers} = { Content-Type=application/json }</msg>
<status status="PASS" starttime="20221111 17:16:57.200" endtime="20221111 17:16:57.201"/>
</kw>
<kw name="Get Current Date" library="DateTime">
<var>${time_before_api_call}</var>
<doc>Returns current local or UTC time with an optional increment.</doc>
<msg timestamp="20221111 17:16:57.201" level="INFO">${time_before_api_call} = 2022-11-11 17:16:57.201</msg>
<status status="PASS" starttime="20221111 17:16:57.201" endtime="20221111 17:16:57.201"/>
</kw>
<kw name="POST" library="RequestsLibrary">
<var>${response}</var>
<arg>url=${url}/${path}</arg>
<arg>json=&amp;{data}</arg>
<arg>headers=&amp;{headers}</arg>
<arg>expected_status=${expected_status_code}</arg>
<doc>Sends a POST request.</doc>
<msg timestamp="20221111 17:16:58.182" level="INFO">POST Request : url=http://34.236.189.23:31100/login 
 path_url=/login 
 headers={'User-Agent': 'python-requests/2.26.0', 'Accept-Encoding': 'gzip, deflate', 'Accept': '*/*', 'Connection': 'keep-alive', 'Content-Type': 'application/json', 'Content-Length': '57'} 
 body=b'{"email": "sagar4@amagi.com\\"", "password": "$Amagi@123"}' 
 </msg>
<msg timestamp="20221111 17:16:58.182" level="INFO">POST Response : url=http://34.236.189.23:31100/login 
 status=400, reason=Bad Request 
 headers={'X-Powered-By': 'Express', 'Access-Control-Allow-Origin': '*', 'Access-Control-Allow-Headers': 'Origin, X-Requested-With, Content-Type, Accept, Authorization', 'Content-Type': 'text/html; charset=utf-8', 'Content-Length': '57', 'ETag': 'W/"39-DMaoXXduy/h67B6IIx7+UJD7r5I"', 'Date': 'Fri, 11 Nov 2022 11:46:57 GMT', 'Connection': 'keep-alive'} 
 body={"status_code":"COG-ERR-010","description":"Login error"} 
 </msg>
<msg timestamp="20221111 17:16:58.182" level="INFO">${response} = &lt;Response [400]&gt;</msg>
<status status="PASS" starttime="20221111 17:16:57.201" endtime="20221111 17:16:58.183"/>
</kw>
<kw name="Status Should Be" library="RequestsLibrary">
<arg>${expected_status_code}</arg>
<arg>${response}</arg>
<doc>Fails if response status code is different than the expected.</doc>
<status status="PASS" starttime="20221111 17:16:58.183" endtime="20221111 17:16:58.184"/>
</kw>
<kw name="Evaluate" library="BuiltIn">
<var>${res}</var>
<arg>json.loads("""${response.content}""")</arg>
<arg>json</arg>
<doc>Evaluates the given expression in Python and returns the result.</doc>
<msg timestamp="20221111 17:16:58.185" level="INFO">${res} = {'status_code': 'COG-ERR-010', 'description': 'Login error'}</msg>
<status status="PASS" starttime="20221111 17:16:58.184" endtime="20221111 17:16:58.185"/>
</kw>
<kw name="Get Current Date" library="DateTime">
<var>${time_after_api_call}</var>
<doc>Returns current local or UTC time with an optional increment.</doc>
<msg timestamp="20221111 17:16:58.186" level="INFO">${time_after_api_call} = 2022-11-11 17:16:58.185</msg>
<status status="PASS" starttime="20221111 17:16:58.185" endtime="20221111 17:16:58.186"/>
</kw>
<msg timestamp="20221111 17:16:58.186" level="INFO">${response} = ['2022-11-11 17:16:57.201', '2022-11-11 17:16:58.185', {'status_code': 'COG-ERR-010', 'description': 'Login error'}]</msg>
<status status="PASS" starttime="20221111 17:16:57.200" endtime="20221111 17:16:58.186"/>
</kw>
<kw name="Validate negative response" library="common_keywords">
<arg>${response}</arg>
<tag>Validate negative response</tag>
<doc>This key word is used to validate negative response schema
Author-Veeresh</doc>
<kw name="Set Variable" library="BuiltIn">
<var>${time_before_api_call}</var>
<arg>${response}[0]</arg>
<doc>Returns the given values which can then be assigned to a variables.</doc>
<msg timestamp="20221111 17:16:58.187" level="INFO">${time_before_api_call} = 2022-11-11 17:16:57.201</msg>
<status status="PASS" starttime="20221111 17:16:58.187" endtime="20221111 17:16:58.187"/>
</kw>
<kw name="Set Variable" library="BuiltIn">
<var>${time_after_api_call}</var>
<arg>${response}[1]</arg>
<doc>Returns the given values which can then be assigned to a variables.</doc>
<msg timestamp="20221111 17:16:58.188" level="INFO">${time_after_api_call} = 2022-11-11 17:16:58.185</msg>
<status status="PASS" starttime="20221111 17:16:58.187" endtime="20221111 17:16:58.188"/>
</kw>
<kw name="Set Variable" library="BuiltIn">
<var>${res}</var>
<arg>${response}[2]</arg>
<doc>Returns the given values which can then be assigned to a variables.</doc>
<msg timestamp="20221111 17:16:58.188" level="INFO">${res} = {'status_code': 'COG-ERR-010', 'description': 'Login error'}</msg>
<status status="PASS" starttime="20221111 17:16:58.188" endtime="20221111 17:16:58.188"/>
</kw>
<kw name="Validate Execution time" library="common_keywords">
<arg>${time_before_api_call}</arg>
<arg>${time_after_api_call}</arg>
<tag>Validate Execution time</tag>
<doc>This key word is used to validate the execution time
Author-Veeresh</doc>
<kw name="Subtract Date From Date" library="DateTime">
<var>${executiontime}</var>
<arg>${time_after_api_call}</arg>
<arg>${time_before_api_call}</arg>
<doc>Subtracts date from another date and returns time between.</doc>
<msg timestamp="20221111 17:16:58.190" level="INFO">${executiontime} = 0.984</msg>
<status status="PASS" starttime="20221111 17:16:58.189" endtime="20221111 17:16:58.190"/>
</kw>
<if>
<branch type="IF" condition="${executiontime} &gt;= 2">
<kw name="Fail" library="BuiltIn">
<doc>Fails the test with the given message and optionally alters its tags.</doc>
<status status="NOT RUN" starttime="20221111 17:16:58.191" endtime="20221111 17:16:58.191"/>
</kw>
<status status="NOT RUN" starttime="20221111 17:16:58.190" endtime="20221111 17:16:58.191"/>
</branch>
<status status="PASS" starttime="20221111 17:16:58.190" endtime="20221111 17:16:58.191"/>
</if>
<status status="PASS" starttime="20221111 17:16:58.189" endtime="20221111 17:16:58.191"/>
</kw>
<kw name="Set Variable" library="BuiltIn">
<var>${expected_response_lenghth}</var>
<arg>2</arg>
<doc>Returns the given values which can then be assigned to a variables.</doc>
<msg timestamp="20221111 17:16:58.191" level="INFO">${expected_response_lenghth} = 2</msg>
<status status="PASS" starttime="20221111 17:16:58.191" endtime="20221111 17:16:58.191"/>
</kw>
<kw name="Validate Schema length" library="common_keywords">
<arg>${res}</arg>
<arg>${expected_response_lenghth}</arg>
<tag>Validate Schema</tag>
<doc>This keyword is used to validate the schema
Author-Veeresh</doc>
<kw name="Get Length" library="BuiltIn">
<var>${length_of_resp}</var>
<arg>${response}</arg>
<doc>Returns and logs the length of the given item as an integer.</doc>
<msg timestamp="20221111 17:16:58.192" level="INFO">Length is 2</msg>
<msg timestamp="20221111 17:16:58.192" level="INFO">${length_of_resp} = 2</msg>
<status status="PASS" starttime="20221111 17:16:58.192" endtime="20221111 17:16:58.192"/>
</kw>
<if>
<branch type="IF" condition="${length_of_resp} != ${expected_response_lenghth}">
<kw name="Fail" library="BuiltIn">
<doc>Fails the test with the given message and optionally alters its tags.</doc>
<status status="NOT RUN" starttime="20221111 17:16:58.193" endtime="20221111 17:16:58.193"/>
</kw>
<status status="NOT RUN" starttime="20221111 17:16:58.193" endtime="20221111 17:16:58.193"/>
</branch>
<status status="PASS" starttime="20221111 17:16:58.192" endtime="20221111 17:16:58.193"/>
</if>
<status status="PASS" starttime="20221111 17:16:58.191" endtime="20221111 17:16:58.193"/>
</kw>
<if>
<branch type="IF" condition="&quot;${res['status_code']}&quot; != &quot;COG-ERR-010&quot;">
<kw name="Fail" library="BuiltIn">
<doc>Fails the test with the given message and optionally alters its tags.</doc>
<status status="NOT RUN" starttime="20221111 17:16:58.194" endtime="20221111 17:16:58.194"/>
</kw>
<status status="NOT RUN" starttime="20221111 17:16:58.194" endtime="20221111 17:16:58.194"/>
</branch>
[...]
<status status="PASS" starttime="20221111 17:17:21.224" endtime="20221111 17:17:21.225"/>
</kw>
<kw name="Set Variable" library="BuiltIn">
<var>${time_after_api_call}</var>
<arg>${response}[1]</arg>
<doc>Returns the given values which can then be assigned to a variables.</doc>
<msg timestamp="20221111 17:17:21.225" level="INFO">${time_after_api_call} = 2022-11-11 17:17:21.223</msg>
<status status="PASS" starttime="20221111 17:17:21.225" endtime="20221111 17:17:21.226"/>
</kw>
<kw name="Set Variable" library="BuiltIn">
<var>${res}</var>
<arg>${response}[2]</arg>
<doc>Returns the given values which can then be assigned to a variables.</doc>
<msg timestamp="20221111 17:17:21.226" level="INFO">${res} = {'error': {'message': 'Not Found'}}</msg>
<status status="PASS" starttime="20221111 17:17:21.226" endtime="20221111 17:17:21.226"/>
</kw>
<kw name="Validate Execution time" library="common_keywords">
<arg>${time_before_api_call}</arg>
<arg>${time_after_api_call}</arg>
<tag>Validate Execution time</tag>
<doc>This key word is used to validate the execution time
Author-Veeresh</doc>
<kw name="Subtract Date From Date" library="DateTime">
<var>${executiontime}</var>
<arg>${time_after_api_call}</arg>
<arg>${time_before_api_call}</arg>
<doc>Subtracts date from another date and returns time between.</doc>
<msg timestamp="20221111 17:17:21.227" level="INFO">${executiontime} = 0.605</msg>
<status status="PASS" starttime="20221111 17:17:21.227" endtime="20221111 17:17:21.227"/>
</kw>
<if>
<branch type="IF" condition="${executiontime} &gt;= 2">
<kw name="Fail" library="BuiltIn">
<doc>Fails the test with the given message and optionally alters its tags.</doc>
<status status="NOT RUN" starttime="20221111 17:17:21.228" endtime="20221111 17:17:21.228"/>
</kw>
<status status="NOT RUN" starttime="20221111 17:17:21.228" endtime="20221111 17:17:21.228"/>
</branch>
<status status="PASS" starttime="20221111 17:17:21.227" endtime="20221111 17:17:21.228"/>
</if>
<status status="PASS" starttime="20221111 17:17:21.226" endtime="20221111 17:17:21.228"/>
</kw>
<kw name="Set Variable" library="BuiltIn">
<var>${expected_response_lenghth}</var>
<arg>1</arg>
<doc>Returns the given values which can then be assigned to a variables.</doc>
<msg timestamp="20221111 17:17:21.229" level="INFO">${expected_response_lenghth} = 1</msg>
<status status="PASS" starttime="20221111 17:17:21.228" endtime="20221111 17:17:21.229"/>
</kw>
<kw name="Validate Schema length" library="common_keywords">
<arg>${res}</arg>
<arg>${expected_response_lenghth}</arg>
<tag>Validate Schema</tag>
<doc>This keyword is used to validate the schema
Author-Veeresh</doc>
<kw name="Get Length" library="BuiltIn">
<var>${length_of_resp}</var>
<arg>${response}</arg>
<doc>Returns and logs the length of the given item as an integer.</doc>
<msg timestamp="20221111 17:17:21.230" level="INFO">Length is 1</msg>
<msg timestamp="20221111 17:17:21.230" level="INFO">${length_of_resp} = 1</msg>
<status status="PASS" starttime="20221111 17:17:21.229" endtime="20221111 17:17:21.230"/>
</kw>
<if>
<branch type="IF" condition="${length_of_resp} != ${expected_response_lenghth}">
<kw name="Fail" library="BuiltIn">
<doc>Fails the test with the given message and optionally alters its tags.</doc>
<status status="NOT RUN" starttime="20221111 17:17:21.230" endtime="20221111 17:17:21.230"/>
</kw>
<status status="NOT RUN" starttime="20221111 17:17:21.230" endtime="20221111 17:17:21.230"/>
</branch>
<status status="PASS" starttime="20221111 17:17:21.230" endtime="20221111 17:17:21.230"/>
</if>
<status status="PASS" starttime="20221111 17:17:21.229" endtime="20221111 17:17:21.231"/>
</kw>
<if>
<branch type="IF" condition="${res['error']} == &quot;${EMPTY}&quot;">
<kw name="Fail" library="BuiltIn">
<doc>Fails the test with the given message and optionally alters its tags.</doc>
<status status="NOT RUN" starttime="20221111 17:17:21.232" endtime="20221111 17:17:21.232"/>
</kw>
<status status="NOT RUN" starttime="20221111 17:17:21.232" endtime="20221111 17:17:21.232"/>
</branch>
<status status="PASS" starttime="20221111 17:17:21.231" endtime="20221111 17:17:21.232"/>
</if>
<status status="PASS" starttime="20221111 17:17:21.224" endtime="20221111 17:17:21.232"/>
</kw>
<doc>Test to check negative sign in scenario - Empty payload
Author-Veeresh</doc>
<tag>negative</tag>
<tag>Sign In Negative Case with Empty path</tag>
<timeout value="5 seconds"/>
<status status="PASS" starttime="20221111 17:17:20.614" endtime="20221111 17:17:21.232"/>
</test>
<test id="s1-t18" name="Sign In Negative Case with empty key for email" line="175">
<kw name="Set Variable" library="BuiltIn">
<var>${expected_status_code}</var>
<arg>400</arg>
<doc>Returns the given values which can then be assigned to a variables.</doc>
<msg timestamp="20221111 17:17:21.234" level="INFO">${expected_status_code} = 400</msg>
<status status="PASS" starttime="20221111 17:17:21.234" endtime="20221111 17:17:21.234"/>
</kw>
<kw name="Create Dictionary" library="BuiltIn">
<var>&amp;{data}</var>
<arg>${EMPTY}=${email}</arg>
<arg>password=${password}</arg>
<doc>Creates and returns a dictionary based on the given ``items``.</doc>
<msg timestamp="20221111 17:17:21.235" level="INFO">&amp;{data} = { =sagar3@amagi.com | password=Amagi@123 }</msg>
<status status="PASS" starttime="20221111 17:17:21.234" endtime="20221111 17:17:21.235"/>
</kw>
<kw name="Set Variable" library="BuiltIn">
<var>${path}</var>
<arg>login</arg>
<doc>Returns the given values which can then be assigned to a variables.</doc>
<msg timestamp="20221111 17:17:21.236" level="INFO">${path} = login</msg>
<status status="PASS" starttime="20221111 17:17:21.235" endtime="20221111 17:17:21.236"/>
</kw>
<kw name="Make Post Request and validate response code" library="common_keywords">
<var>${response}</var>
<arg>${expected_status_code}</arg>
<arg>${path}</arg>
<arg>&amp;{data}</arg>
<tag>Make Post Request and validate response code</tag>
<doc>This Key word is used to make API requests
Author-Veeresh</doc>
<kw name="Create Dictionary" library="BuiltIn">
<var>&amp;{headers}</var>
<arg>Content-Type=application/json</arg>
<doc>Creates and returns a dictionary based on the given ``items``.</doc>
<msg timestamp="20221111 17:17:21.237" level="INFO">&amp;{headers} = { Content-Type=application/json }</msg>
<status status="PASS" starttime="20221111 17:17:21.236" endtime="20221111 17:17:21.237"/>
</kw>
<kw name="Get Current Date" library="DateTime">
<var>${time_before_api_call}</var>
<doc>Returns current local or UTC time with an optional increment.</doc>
<msg timestamp="20221111 17:17:21.237" level="INFO">${time_before_api_call} = 2022-11-11 17:17:21.237</msg>
<status status="PASS" starttime="20221111 17:17:21.237" endtime="20221111 17:17:21.237"/>
</kw>
<kw name="POST" library="RequestsLibrary">
<var>${response}</var>
<arg>url=${url}/${path}</arg>
<arg>json=&amp;{data}</arg>
<arg>headers=&amp;{headers}</arg>
<arg>expected_status=${expected_status_code}</arg>
<doc>Sends a POST request.</doc>
<msg timestamp="20221111 17:17:26.235" level="FAIL">Test timeout 5 seconds exceeded.</msg>
<status status="FAIL" starttime="20221111 17:17:21.237" endtime="20221111 17:17:26.235"/>
</kw>
<kw name="Status Should Be" library="RequestsLibrary">
<arg>${expected_status_code}</arg>
<arg>${response}</arg>
<doc>Fails if response status code is different than the expected.</doc>
<status status="NOT RUN" starttime="20221111 17:17:26.236" endtime="20221111 17:17:26.236"/>
</kw>
<kw name="Evaluate" library="BuiltIn">
<var>${res}</var>
<arg>json.loads("""${response.content}""")</arg>
<arg>json</arg>
<doc>Evaluates the given expression in Python and returns the result.</doc>
<status status="NOT RUN" starttime="20221111 17:17:26.236" endtime="20221111 17:17:26.236"/>
</kw>
<kw name="Get Current Date" library="DateTime">
<var>${time_after_api_call}</var>
<doc>Returns current local or UTC time with an optional increment.</doc>
<status status="NOT RUN" starttime="20221111 17:17:26.236" endtime="20221111 17:17:26.236"/>
</kw>
<status status="FAIL" starttime="20221111 17:17:21.236" endtime="20221111 17:17:26.236"/>
</kw>
<doc>Test to check negative sign in scenario - Empty key for email
Author-Veeresh</doc>
<tag>negative</tag>
<tag>Sign In Negative Case with empty key for email</tag>
<timeout value="5 seconds"/>
<status status="FAIL" starttime="20221111 17:17:21.233" endtime="20221111 17:17:26.237">Test timeout 5 seconds exceeded.</status>
</test>
<test id="s1-t19" name="Sign In Negative Case with empty key for password and email" line="184">
<kw name="Set Variable" library="BuiltIn">
<var>${expected_status_code}</var>
<arg>400</arg>
<doc>Returns the given values which can then be assigned to a variables.</doc>
<msg timestamp="20221111 17:17:26.239" level="INFO">${expected_status_code} = 400</msg>
<status status="PASS" starttime="20221111 17:17:26.239" endtime="20221111 17:17:26.239"/>
</kw>
<kw name="Create Dictionary" library="BuiltIn">
<var>&amp;{data}</var>
<arg>${EMPTY}=${email}</arg>
<arg>${EMPTY}=${password}</arg>
<doc>Creates and returns a dictionary based on the given ``items``.</doc>
<msg timestamp="20221111 17:17:26.242" level="INFO">&amp;{data} = { =Amagi@123 }</msg>
<status status="PASS" starttime="20221111 17:17:26.239" endtime="20221111 17:17:26.242"/>
</kw>
<kw name="Set Variable" library="BuiltIn">
<var>${path}</var>
<arg>login</arg>
<doc>Returns the given values which can then be assigned to a variables.</doc>
<msg timestamp="20221111 17:17:26.242" level="INFO">${path} = login</msg>
<status status="PASS" starttime="20221111 17:17:26.242" endtime="20221111 17:17:26.242"/>
</kw>
<kw name="Make Post Request and validate response code" library="common_keywords">
<var>${response}</var>
<arg>${expected_status_code}</arg>
<arg>${path}</arg>
<arg>&amp;{data}</arg>
<tag>Make Post Request and validate response code</tag>
<doc>This Key word is used to make API requests
Author-Veeresh</doc>
<kw name="Create Dictionary" library="BuiltIn">
<var>&amp;{headers}</var>
<arg>Content-Type=application/json</arg>
<doc>Creates and returns a dictionary based on the given ``items``.</doc>
<msg timestamp="20221111 17:17:26.243" level="INFO">&amp;{headers} = { Content-Type=application/json }</msg>
<status status="PASS" starttime="20221111 17:17:26.243" endtime="20221111 17:17:26.243"/>
</kw>
<kw name="Get Current Date" library="DateTime">
<var>${time_before_api_call}</var>
<doc>Returns current local or UTC time with an optional increment.</doc>
<msg timestamp="20221111 17:17:26.244" level="INFO">${time_before_api_call} = 2022-11-11 17:17:26.244</msg>
<status status="PASS" starttime="20221111 17:17:26.244" endtime="20221111 17:17:26.244"/>
</kw>
<kw name="POST" library="RequestsLibrary">
<var>${response}</var>
<arg>url=${url}/${path}</arg>
<arg>json=&amp;{data}</arg>
<arg>headers=&amp;{headers}</arg>
<arg>expected_status=${expected_status_code}</arg>
<doc>Sends a POST request.</doc>
<msg timestamp="20221111 17:17:31.239" level="FAIL">Test timeout 5 seconds exceeded.</msg>
<status status="FAIL" starttime="20221111 17:17:26.244" endtime="20221111 17:17:31.239"/>
</kw>
<kw name="Status Should Be" library="RequestsLibrary">
<arg>${expected_status_code}</arg>
<arg>${response}</arg>
<doc>Fails if response status code is different than the expected.</doc>
<status status="NOT RUN" starttime="20221111 17:17:31.240" endtime="20221111 17:17:31.240"/>
</kw>
<kw name="Evaluate" library="BuiltIn">
<var>${res}</var>
<arg>json.loads("""${response.content}""")</arg>
<arg>json</arg>
<doc>Evaluates the given expression in Python and returns the result.</doc>
<status status="NOT RUN" starttime="20221111 17:17:31.240" endtime="20221111 17:17:31.240"/>
</kw>
<kw name="Get Current Date" library="DateTime">
<var>${time_after_api_call}</var>
<doc>Returns current local or UTC time with an optional increment.</doc>
<status status="NOT RUN" starttime="20221111 17:17:31.240" endtime="20221111 17:17:31.240"/>
</kw>
<status status="FAIL" starttime="20221111 17:17:26.242" endtime="20221111 17:17:31.241"/>
</kw>
<doc>Test to check negative sign in scenario - Empty key for email
Author-Veeresh</doc>
<tag>negative</tag>
<tag>Sign In Negative Case with empty key for password and email</tag>
<timeout value="5 seconds"/>
<status status="FAIL" starttime="20221111 17:17:26.238" endtime="20221111 17:17:31.241">Test timeout 5 seconds exceeded.</status>
</test>
<test id="s1-t20" name="Sign In Negative Case with empty key for password" line="193">
<kw name="Set Variable" library="BuiltIn">
<var>${expected_status_code}</var>
<arg>400</arg>
<doc>Returns the given values which can then be assigned to a variables.</doc>
<msg timestamp="20221111 17:17:31.243" level="INFO">${expected_status_code} = 400</msg>
<status status="PASS" starttime="20221111 17:17:31.243" endtime="20221111 17:17:31.243"/>
</kw>
<kw name="Create Dictionary" library="BuiltIn">
<var>&amp;{data}</var>
<arg>email=${email}</arg>
<arg>${EMPTY}=${password}</arg>
<doc>Creates and returns a dictionary based on the given ``items``.</doc>
<msg timestamp="20221111 17:17:31.245" level="INFO">&amp;{data} = { email=sagar3@amagi.com | =Amagi@123 }</msg>
<status status="PASS" starttime="20221111 17:17:31.243" endtime="20221111 17:17:31.245"/>
</kw>
<kw name="Set Variable" library="BuiltIn">
<var>${path}</var>
<arg>login</arg>
<doc>Returns the given values which can then be assigned to a variables.</doc>
<msg timestamp="20221111 17:17:31.245" level="INFO">${path} = login</msg>
<status status="PASS" starttime="20221111 17:17:31.245" endtime="20221111 17:17:31.245"/>
</kw>
<kw name="Make Post Request and validate response code" library="common_keywords">
<var>${response}</var>
<arg>${expected_status_code}</arg>
<arg>${path}</arg>
<arg>&amp;{data}</arg>
<tag>Make Post Request and validate response code</tag>
<doc>This Key word is used to make API requests
Author-Veeresh</doc>
<kw name="Create Dictionary" library="BuiltIn">
<var>&amp;{headers}</var>
<arg>Content-Type=application/json</arg>
<doc>Creates and returns a dictionary based on the given ``items``.</doc>
<msg timestamp="20221111 17:17:31.247" level="INFO">&amp;{headers} = { Content-Type=application/json }</msg>
<status status="PASS" starttime="20221111 17:17:31.246" endtime="20221111 17:17:31.247"/>
</kw>
<kw name="Get Current Date" library="DateTime">
<var>${time_before_api_call}</var>
<doc>Returns current local or UTC time with an optional increment.</doc>
<msg timestamp="20221111 17:17:31.247" level="INFO">${time_before_api_call} = 2022-11-11 17:17:31.247</msg>
<status status="PASS" starttime="20221111 17:17:31.247" endtime="20221111 17:17:31.247"/>
</kw>
<kw name="POST" library="RequestsLibrary">
<var>${response}</var>
<arg>url=${url}/${path}</arg>
<arg>json=&amp;{data}</arg>
<arg>headers=&amp;{headers}</arg>
<arg>expected_status=${expected_status_code}</arg>
<doc>Sends a POST request.</doc>
<msg timestamp="20221111 17:17:32.592" level="INFO">POST Request : url=http://34.236.189.23:31100/login 
 path_url=/login 
 headers={'User-Agent': 'python-requests/2.26.0', 'Accept-Encoding': 'gzip, deflate', 'Accept': '*/*', 'Connection': 'keep-alive', 'Content-Type': 'application/json', 'Content-Length': '46'} 
 body=b'{"email": "sagar3@amagi.com", "": "Amagi@123"}' 
 </msg>
<msg timestamp="20221111 17:17:32.592" level="INFO">POST Response : url=http://34.236.189.23:31100/login 
 status=400, reason=Bad Request 
 headers={'X-Powered-By': 'Express', 'Access-Control-Allow-Origin': '*', 'Access-Control-Allow-Headers': 'Origin, X-Requested-With, Content-Type, Accept, Authorization', 'Content-Type': 'text/html; charset=utf-8', 'Content-Length': '57', 'ETag': 'W/"39-DMaoXXduy/h67B6IIx7+UJD7r5I"', 'Date': 'Fri, 11 Nov 2022 11:47:32 GMT', 'Connection': 'keep-alive'} 
 body={"status_code":"COG-ERR-010","description":"Login error"} 
 </msg>
<msg timestamp="20221111 17:17:32.593" level="INFO">${response} = &lt;Response [400]&gt;</msg>
<status status="PASS" starttime="20221111 17:17:31.247" endtime="20221111 17:17:32.593"/>
</kw>
<kw name="Status Should Be" library="RequestsLibrary">
<arg>${expected_status_code}</arg>
<arg>${response}</arg>
<doc>Fails if response status code is different than the expected.</doc>
<status status="PASS" starttime="20221111 17:17:32.593" endtime="20221111 17:17:32.594"/>
</kw>
<kw name="Evaluate" library="BuiltIn">
<var>${res}</var>
<arg>json.loads("""${response.content}""")</arg>
<arg>json</arg>
<doc>Evaluates the given expression in Python and returns the result.</doc>
<msg timestamp="20221111 17:17:32.595" level="INFO">${res} = {'status_code': 'COG-ERR-010', 'description': 'Login error'}</msg>
<status status="PASS" starttime="20221111 17:17:32.594" endtime="20221111 17:17:32.595"/>
</kw>
<kw name="Get Current Date" library="DateTime">
<var>${time_after_api_call}</var>
<doc>Returns current local or UTC time with an optional increment.</doc>
<msg timestamp="20221111 17:17:32.596" level="INFO">${time_after_api_call} = 2022-11-11 17:17:32.596</msg>
<status status="PASS" starttime="20221111 17:17:32.595" endtime="20221111 17:17:32.596"/>
</kw>
<msg timestamp="20221111 17:17:32.596" level="INFO">${response} = ['2022-11-11 17:17:31.247', '2022-11-11 17:17:32.596', {'status_code': 'COG-ERR-010', 'description': 'Login error'}]</msg>
<status status="PASS" starttime="20221111 17:17:31.245" endtime="20221111 17:17:32.596"/>
</kw>
<doc>Test to check negative sign in scenario - Empty key for email
Author-Veeresh</doc>
<tag>negative</tag>
<tag>Sign In Negative Case with empty key for password</tag>
<timeout value="5 seconds"/>
<status status="PASS" starttime="20221111 17:17:31.242" endtime="20221111 17:17:32.597"/>
</test>
<status status="FAIL" starttime="20221111 17:16:47.394" endtime="20221111 17:17:32.598"/>
</suite>
<statistics>
<total>
<stat pass="13" fail="7" skip="0">All Tests</stat>
</total>
<tag>
<stat pass="12" fail="6" skip="0">negative</stat>
<stat pass="1" fail="1" skip="0">positive</stat>
<stat pass="0" fail="1" skip="0">Sign In Negative Case with empty key for email</stat>
<stat pass="1" fail="0" skip="0">Sign In Negative Case with empty key for password</stat>
<stat pass="0" fail="1" skip="0">Sign In Negative Case with empty key for password and email</stat>
<stat pass="1" fail="0" skip="0">Sign In Negative Case with Empty path</stat>
<stat pass="0" fail="1" skip="0">Sign In Negative Case with empty payload</stat>
<stat pass="0" fail="1" skip="0">Sign In Negative Case With Invalid key for email in paylaod</stat>
<stat pass="1" fail="0" skip="0">Sign In Negative Case With Invalid key in paylaod</stat>
<stat pass="1" fail="0" skip="0">Sign In Negative Case with Invalid path</stat>
<stat pass="0" fail="1" skip="0">Sign In Negative Case Without Email in paylod</stat>
<stat pass="1" fail="0" skip="0">Sign In Negative Case Without Password in paylod</stat>
<stat pass="1" fail="0" skip="0">Sign In Negative Test Case Empty value for Email address empty value for password</stat>
<stat pass="1" fail="0" skip="0">Sign In Negative Test Case Empty value for Email address valid password</stat>
<stat pass="1" fail="0" skip="0">Sign In Negative Test Case Invalid Email address Invalid password</stat>
<stat pass="1" fail="0" skip="0">Sign In Negative Test Case Invalid value for Email address valid value for password</stat>
<stat pass="1" fail="0" skip="0">Sign In Negative Test Case Valid Email address empty value for password</stat>
<stat pass="1" fail="0" skip="0">Sign In Negative Test Case Valid value for Email address Invalid value for password</stat>
<stat pass="0" fail="1" skip="0">Sign In Negative Test Case With Additional Key in Payload</stat>
<stat pass="1" fail="0" skip="0">Sign In Negative Test Case With Invalid REST method</stat>
<stat pass="1" fail="1" skip="0">Sign In Positive Test case</stat>
</tag>
<suite>
<stat pass="13" fail="7" skip="0" id="s1" name="Login Test">Login Test</stat>
</suite>
</statistics>
<errors>
</errors>
</robot>
