<?xml version="1.0" encoding="UTF-8"?>
<robot generator="Robot 5.0.1 (Python 3.8.2 on darwin)" generated="20221111 17:27:29.287" rpa="false" schemaversion="3">
<suite id="s1" name="Login Test" source="/Users/veereshp/PycharmProjects/Demo_api_login/Test scripts/login_test.robot">
<test id="s1-t1" name="Sign In Positive Test case" line="7">
<kw name="Set Variable" library="BuiltIn">
<var>${expected_status_code}</var>
<arg>200</arg>
<doc>Returns the given values which can then be assigned to a variables.</doc>
<msg timestamp="20221111 17:27:29.427" level="INFO">${expected_status_code} = 200</msg>
<status status="PASS" starttime="20221111 17:27:29.426" endtime="20221111 17:27:29.427"/>
</kw>
<kw name="Create Dictionary" library="BuiltIn">
<var>&amp;{data}</var>
<arg>email=${email}</arg>
<arg>password=${password}</arg>
<doc>Creates and returns a dictionary based on the given ``items``.</doc>
<msg timestamp="20221111 17:27:29.427" level="INFO">&amp;{data} = { email=sagar3@amagi.com | password=Amagi@123 }</msg>
<status status="PASS" starttime="20221111 17:27:29.427" endtime="20221111 17:27:29.427"/>
</kw>
<kw name="Set Variable" library="BuiltIn">
<var>${path}</var>
<arg>login</arg>
<doc>Returns the given values which can then be assigned to a variables.</doc>
<msg timestamp="20221111 17:27:29.428" level="INFO">${path} = login</msg>
<status status="PASS" starttime="20221111 17:27:29.427" endtime="20221111 17:27:29.428"/>
</kw>
<kw name="Make Post Request and validate response code" library="common_keywords">
<var>${response}</var>
<arg>${expected_status_code}</arg>
<arg>${path}</arg>
<arg>&amp;{data}</arg>
<tag>Make Post Request and validate response code</tag>
<doc>This Key word is used to make API requests
Author-Veeresh</doc>
<kw name="Create Dictionary" library="BuiltIn">
<var>&amp;{headers}</var>
<arg>Content-Type=application/json</arg>
<doc>Creates and returns a dictionary based on the given ``items``.</doc>
<msg timestamp="20221111 17:27:29.429" level="INFO">&amp;{headers} = { Content-Type=application/json }</msg>
<status status="PASS" starttime="20221111 17:27:29.428" endtime="20221111 17:27:29.429"/>
</kw>
<kw name="Get Current Date" library="DateTime">
<var>${time_before_api_call}</var>
<doc>Returns current local or UTC time with an optional increment.</doc>
<msg timestamp="20221111 17:27:29.429" level="INFO">${time_before_api_call} = 2022-11-11 17:27:29.429</msg>
<status status="PASS" starttime="20221111 17:27:29.429" endtime="20221111 17:27:29.429"/>
</kw>
<kw name="POST" library="RequestsLibrary">
<var>${response}</var>
<arg>url=${url}/${path}</arg>
<arg>json=&amp;{data}</arg>
<arg>headers=&amp;{headers}</arg>
<arg>expected_status=${expected_status_code}</arg>
<doc>Sends a POST request.</doc>
<msg timestamp="20221111 17:27:30.716" level="INFO">POST Request : url=http://34.236.189.23:31100/login 
 path_url=/login 
 headers={'User-Agent': 'python-requests/2.26.0', 'Accept-Encoding': 'gzip, deflate', 'Accept': '*/*', 'Connection': 'keep-alive', 'Content-Type': 'application/json', 'Content-Length': '54'} 
 body=b'{"email": "sagar3@amagi.com", "password": "Amagi@123"}' 
 </msg>
<msg timestamp="20221111 17:27:30.716" level="INFO">POST Response : url=http://34.236.189.23:31100/login 
 status=200, reason=OK 
 headers={'X-Powered-By': 'Express', 'Access-Control-Allow-Origin': '*', 'Access-Control-Allow-Headers': 'Origin, X-Requested-With, Content-Type, Accept, Authorization', 'Content-Type': 'application/json; charset=utf-8', 'Content-Length': '3178', 'ETag': 'W/"c6a-L4N6k94fYZKW9cVH9wSWaCDRSeM"', 'Date': 'Fri, 11 Nov 2022 11:57:30 GMT', 'Connection': 'keep-alive'} 
 body={"accesstoken":"eyJraWQiOiJwNEl3Y3d5d1NJMmFiZTdMUkp1bGpFeGszcE5OZHdsU0hmSlwvZjhhZ29SVT0iLCJhbGciOiJSUzI1NiJ9.eyJjdXN0b206YWN0aXZlc3RhdHVzIjoiYWN0aXZlIiwic3ViIjoiMGQ3MWMwMDgtMmY3OC00OTU4LTg1YjMtYTVkMjU1YzM5MDc1IiwiZW1haWxfdmVyaWZpZWQiOnRydWUsImlzcyI6Imh0dHBzOlwvXC9jb2duaXRvLWlkcC51cy1lYXN0LTEuYW1hem9uYXdzLmNvbVwvdXMtZWFzdC0xX3FoVkU0RTVYNSIsImNvZ25pdG86dXNlcm5hbWUiOiIwZDcxYzAwOC0yZjc4LTQ5NTgtODViMy1hNWQyNTVjMzkwNzUiLCJjdXN0b206bG9jYXRpb24iOiJCYW5iZ2Fsb3JlIiwib3JpZ2luX2p0aSI6ImYyZmFlN2I1LTI0YzktNDEyZS04OTY2LTZlZDFmN2M2ZTM1MiIsImF1ZCI6IjM3cTJuaGZoYjRwcTk5YXNhaWJoczllODV1IiwiY3VzdG9tOmN1c3RvbWVyaWQiOiIxIiwiZXZlbnRfaWQiOiIxNmVmZTUzOS04ZDU5LTQ2ZmYtYjY1YS0xZmY1ZDZjYWIzY2EiLCJ0b2tlbl91c2UiOiJpZCIsImN1c3RvbTpyb2xlaWQiOiI2IiwiYXV0aF90aW1lIjoxNjY4MTY3ODUwLCJuYW1lIjoiYWwyIiwiY3VzdG9tOmN1c3RvbWVySWRzU3RyaW5nIjoiMSIsImV4cCI6MTY2ODE3MTQ1MCwiY3VzdG9tOnBob25lbnVtYmVyIjoiOTg3NjU0MzIzMSIsImlhdCI6MTY2ODE2Nzg1MCwianRpIjoiMWRkYzhhZTAtZjk4NC00OWEwLTlhNTYtMDM0OTBkOWE1NTQ4IiwiZW1haWwiOiJzYWdhcjNAYW1hZ2kuY29tIn0.GzLnnwbnS82AmrHAnD-jIgSR086T8DhYNaPKRH1GoWJVHni7raSVksZ4nufdZMkuKTJic7MRHuK9251dr_2RAwyx0zKk9x0vhXb7dWWW8A99J5V5BDCHK9p4vP7SG08kvp49XbTu2I_SWFPb2xOR8AnIXq9fgYGcu8dIp-c-wQ3QeaUFhlzMu1o2yUK0615jI8XycCLXi1ZKcIY_DfxONYhH54RADkvu6Wd9ronzYKaxQnnJjXLzoHs4HmgfybcmKHttPnydkWhqp2UZXtUQdYfDK7cj7g-bpzGr3PY8D4NbwKATrGPVXH-LuDHN1NlNS8oF2NhSRQrNBJUXDBy4XQ","refreshToken":"eyJjdHkiOiJKV1QiLCJlbmMiOiJBMjU2R0NNIiwiYWxnIjoiUlNBLU9BRVAifQ.CEmmIotxXVLEhClNx5ehqZUD6qrGlbCjiTcrZpi7E9wHEOsxsIB5lUMfgaKMTeIvoOAUQopLJ9sj0DXNU1YNz_uaf0CXgCA-5g81LSjoHPfyAZzPucq5-ucag9rA8aPMKGWOQ6YcbgQ5hrTYLSWIT9nNcBH7lmVhdZXhl9rvmKB9w5GvI69NdAk1FUe5A0LFi6EO3cpgnUTsPtaPP8NJf0M8arbnKke0L7TU8jjYAPxBNID4zNX6-hjiFGGAu1weU30JPXiFWiDydU_4plQixqbOibkJB2x0THhGweKQmfvSYoYAEl6cdy8vQHShYqFh4JY428hY9gxviqatRMhDaw.QPYndvxulBHuvIzL.d682xPN2DiNs4HiW1lHUxt5bighHVPXu2_PFyoXrjOqzRJzu0CQuRzM77zWDkuGf3V0DHR_BKNxVwBlVSzad3q1vtXmjkqE5oze6kJzs-btsoZvmc23zq1KzHjjNzkr-GuuYG3_M2vQ9XyRod1-i9__7B5crHpBMk-wRx3mlXdJVwSJrs1SvwWhPZRvWZxydXUnLeRIPpIvRjFnr3NRyRyH2ik9jtPbykPpPIPloE19Ot-_uP_NYr9MwCbeSKqxYkziUHPOZYIGWhddbJNLAZcjjJu4eAb-YMU7M9Iee6meicuaYgs-hyZ6O4DGhhgfP7PaqE8yP88gIfEec1PwFpuFoC184dVD0KIg5KEpOQ8R4bBjR8gQUkE84yOVonEOqoqscYvcd7Laiy2sj6MGP1b5oPOwyKxl_1ZEdS8wkorpsW1T0CGozfDW6s7b1nExODejrx_HI4MfsfpzBI1XuTUp_SjSX-BzLz3-3gC0kHIpQwxhd3URFiddlkoSoWblWEnheRDBkNgwGR6NSAaL0lIHaqvyM-6gg6nsYfANi6d0QZKiM55vKDxZEZBYmZh6ggpiQnpj002c7z-HRxVGsHJ8guiNKxaLSx-vLvI377hWmoXlnMj46u7-ItXM5dYgPuGaHOn70mocX9PQJ0_GSiJTiG2fps-MYIbtLER--XjsJWuCYNIS4Uz_-GySQkjYlo-8jl133JjGMipWJPiaWo3WdEA3ayY43OaQXlgbeGLV0d2jN6vjGmWosAlaDBXrrxB09OCxZYK0L7SmmWug1JRiTXer_weyCNX4jNEiMZ2gv_Zz6RnjrcnKJQBhpN9TImCMkezaPB-a1Qk_JHNZ5W5wqxsU7otMJIxMbiyyhC19z3XurjtY_QDOLHDT9xVaq9QDi0_z8IspXy6PcnEvK3D7HGvZ1P2kZiTW-sZxUaV8P5fReO3z4wk_xHeXYnh9CuU_lP-YMJFir6WAG77ho7Gy5jBv6nQEXgmzN2cxGW8mpkw4CJNz_dsC-Ntyov79JiIHDH87ys_M9HkT-jwuDAr8T44KUP15-YsBUiblcRioqY-5cilxzznVqwXd5F4Kuc18571aZ0uAp_l7ERsvGrOzR2RTq132_rOXF429u9oCUnLw8JCVkEvS9_0O9QchOmdLKg4T1UevmgxJ2Pzohyci9hO7rAVr0ctDJqfIQdoaMQo5iERLdwH3KNXxYxyjYhPB8sE-dDrpxLISDpU3FovmrzHq3uvPzfTImIjFBCsfifvazvrrKxOBszw3GDhNXx-K5EHk6AZamlCCit2ZIhECq_9zedwT-PVmpRdh2WjKW5V_WevOjtQABLnA.KwoW6VWyZJpbOg178udU0Q","roleid":"6","customerid":"1"} 
 </msg>
<msg timestamp="20221111 17:27:30.716" level="INFO">${response} = &lt;Response [200]&gt;</msg>
<status status="PASS" starttime="20221111 17:27:29.429" endtime="20221111 17:27:30.717"/>
</kw>
<kw name="Status Should Be" library="RequestsLibrary">
<arg>${expected_status_code}</arg>
<arg>${response}</arg>
<doc>Fails if response status code is different than the expected.</doc>
<status status="PASS" starttime="20221111 17:27:30.717" endtime="20221111 17:27:30.717"/>
</kw>
<kw name="Evaluate" library="BuiltIn">
<var>${res}</var>
<arg>json.loads("""${response.content}""")</arg>
<arg>json</arg>
<doc>Evaluates the given expression in Python and returns the result.</doc>
<msg timestamp="20221111 17:27:30.718" level="INFO">${res} = {'accesstoken': 'eyJraWQiOiJwNEl3Y3d5d1NJMmFiZTdMUkp1bGpFeGszcE5OZHdsU0hmSlwvZjhhZ29SVT0iLCJhbGciOiJSUzI1NiJ9.eyJjdXN0b206YWN0aXZlc3RhdHVzIjoiYWN0aXZlIiwic3ViIjoiMGQ3MWMwMDgtMmY3OC00OTU4LTg1YjMtYTVkMj...</msg>
<status status="PASS" starttime="20221111 17:27:30.717" endtime="20221111 17:27:30.718"/>
</kw>
<kw name="Get Current Date" library="DateTime">
<var>${time_after_api_call}</var>
<doc>Returns current local or UTC time with an optional increment.</doc>
<msg timestamp="20221111 17:27:30.718" level="INFO">${time_after_api_call} = 2022-11-11 17:27:30.718</msg>
<status status="PASS" starttime="20221111 17:27:30.718" endtime="20221111 17:27:30.718"/>
</kw>
<msg timestamp="20221111 17:27:30.719" level="INFO">${response} = ['2022-11-11 17:27:29.429', '2022-11-11 17:27:30.718', {'accesstoken': 'eyJraWQiOiJwNEl3Y3d5d1NJMmFiZTdMUkp1bGpFeGszcE5OZHdsU0hmSlwvZjhhZ29SVT0iLCJhbGciOiJSUzI1NiJ9.eyJjdXN0b206YWN0aXZlc3RhdHVzIjoiYWN...</msg>
<status status="PASS" starttime="20221111 17:27:29.428" endtime="20221111 17:27:30.719"/>
</kw>
<kw name="Validate positive sign in response" library="common_keywords">
<arg>${response}</arg>
<tag>Validate positive sign in response</tag>
<doc>This keyword is used to validate Positive response schema
Author-Veeresh</doc>
<kw name="Set Variable" library="BuiltIn">
<var>${time_before_api_call}</var>
<arg>${response}[0]</arg>
<doc>Returns the given values which can then be assigned to a variables.</doc>
<msg timestamp="20221111 17:27:30.719" level="INFO">${time_before_api_call} = 2022-11-11 17:27:29.429</msg>
<status status="PASS" starttime="20221111 17:27:30.719" endtime="20221111 17:27:30.719"/>
</kw>
<kw name="Set Variable" library="BuiltIn">
<var>${time_after_api_call}</var>
<arg>${response}[1]</arg>
<doc>Returns the given values which can then be assigned to a variables.</doc>
<msg timestamp="20221111 17:27:30.720" level="INFO">${time_after_api_call} = 2022-11-11 17:27:30.718</msg>
<status status="PASS" starttime="20221111 17:27:30.719" endtime="20221111 17:27:30.720"/>
</kw>
<kw name="Set Variable" library="BuiltIn">
<var>${res}</var>
<arg>${response}[2]</arg>
<doc>Returns the given values which can then be assigned to a variables.</doc>
<msg timestamp="20221111 17:27:30.720" level="INFO">${res} = {'accesstoken': 'eyJraWQiOiJwNEl3Y3d5d1NJMmFiZTdMUkp1bGpFeGszcE5OZHdsU0hmSlwvZjhhZ29SVT0iLCJhbGciOiJSUzI1NiJ9.eyJjdXN0b206YWN0aXZlc3RhdHVzIjoiYWN0aXZlIiwic3ViIjoiMGQ3MWMwMDgtMmY3OC00OTU4LTg1YjMtYTVkMj...</msg>
<status status="PASS" starttime="20221111 17:27:30.720" endtime="20221111 17:27:30.720"/>
</kw>
<kw name="Validate Execution time" library="common_keywords">
<arg>${time_before_api_call}</arg>
<arg>${time_after_api_call}</arg>
<tag>Validate Execution time</tag>
<doc>This key word is used to validate the execution time
Author-Veeresh</doc>
<kw name="Subtract Date From Date" library="DateTime">
<var>${executiontime}</var>
<arg>${time_after_api_call}</arg>
<arg>${time_before_api_call}</arg>
<doc>Subtracts date from another date and returns time between.</doc>
<msg timestamp="20221111 17:27:30.723" level="INFO">${executiontime} = 1.289</msg>
<status status="PASS" starttime="20221111 17:27:30.721" endtime="20221111 17:27:30.723"/>
</kw>
<if>
<branch type="IF" condition="${executiontime} &gt;= 2">
<kw name="Fail" library="BuiltIn">
<doc>Fails the test with the given message and optionally alters its tags.</doc>
<status status="NOT RUN" starttime="20221111 17:27:30.724" endtime="20221111 17:27:30.724"/>
</kw>
<status status="NOT RUN" starttime="20221111 17:27:30.724" endtime="20221111 17:27:30.724"/>
</branch>
<status status="PASS" starttime="20221111 17:27:30.723" endtime="20221111 17:27:30.724"/>
</if>
<status status="PASS" starttime="20221111 17:27:30.720" endtime="20221111 17:27:30.724"/>
</kw>
<kw name="Set Variable" library="BuiltIn">
<var>${expected_response_lenghth}</var>
<arg>4</arg>
<doc>Returns the given values which can then be assigned to a variables.</doc>
<msg timestamp="20221111 17:27:30.724" level="INFO">${expected_response_lenghth} = 4</msg>
<status status="PASS" starttime="20221111 17:27:30.724" endtime="20221111 17:27:30.724"/>
</kw>
<kw name="Validate Schema length" library="common_keywords">
<arg>${res}</arg>
<arg>${expected_response_lenghth}</arg>
<tag>Validate Schema</tag>
<doc>This keyword is used to validate the schema
Author-Veeresh</doc>
<kw name="Get Length" library="BuiltIn">
<var>${length_of_resp}</var>
<arg>${response}</arg>
<doc>Returns and logs the length of the given item as an integer.</doc>
<msg timestamp="20221111 17:27:30.725" level="INFO">Length is 4</msg>
<msg timestamp="20221111 17:27:30.725" level="INFO">${length_of_resp} = 4</msg>
<status status="PASS" starttime="20221111 17:27:30.725" endtime="20221111 17:27:30.725"/>
</kw>
<if>
<branch type="IF" condition="${length_of_resp} != ${expected_response_lenghth}">
<kw name="Fail" library="BuiltIn">
<doc>Fails the test with the given message and optionally alters its tags.</doc>
<status status="NOT RUN" starttime="20221111 17:27:30.725" endtime="20221111 17:27:30.725"/>
</kw>
<status status="NOT RUN" starttime="20221111 17:27:30.725" endtime="20221111 17:27:30.725"/>
</branch>
<status status="PASS" starttime="20221111 17:27:30.725" endtime="20221111 17:27:30.725"/>
</if>
<status status="PASS" starttime="20221111 17:27:30.724" endtime="20221111 17:27:30.725"/>
</kw>
<kw name="Validate data type and length for given key" library="common_keywords">
<arg>${res['accesstoken']}</arg>
<arg>&lt;class 'str'&gt;</arg>
<arg>1327</arg>
<doc>This keyword is used to validate data type and lenght of a key in given response
Author-Veeresh</doc>
<kw name="Evaluate" library="BuiltIn">
<var>${key_data_type}</var>
<arg>type("${key}")</arg>
<doc>Evaluates the given expression in Python and returns the result.</doc>
<msg timestamp="20221111 17:27:30.726" level="INFO">${key_data_type} = &lt;class 'str'&gt;</msg>
<status status="PASS" starttime="20221111 17:27:30.726" endtime="20221111 17:27:30.727"/>
</kw>
<if>
<branch type="IF" condition="&quot;${key_data_type}&quot; != &quot;${expected_key_data_type}&quot;">
<kw name="Fail" library="BuiltIn">
<doc>Fails the test with the given message and optionally alters its tags.</doc>
<status status="NOT RUN" starttime="20221111 17:27:30.727" endtime="20221111 17:27:30.727"/>
</kw>
<status status="NOT RUN" starttime="20221111 17:27:30.727" endtime="20221111 17:27:30.727"/>
</branch>
<status status="PASS" starttime="20221111 17:27:30.727" endtime="20221111 17:27:30.727"/>
</if>
<kw name="Get Length" library="BuiltIn">
<var>${key_len}</var>
<arg>${key}</arg>
<doc>Returns and logs the length of the given item as an integer.</doc>
<msg timestamp="20221111 17:27:30.727" level="INFO">Length is 1327</msg>
<msg timestamp="20221111 17:27:30.727" level="INFO">${key_len} = 1327</msg>
<status status="PASS" starttime="20221111 17:27:30.727" endtime="20221111 17:27:30.727"/>
</kw>
<if>
<branch type="IF" condition="${key_len} != ${expected_key_data_length}">
<kw name="Fail" library="BuiltIn">
<doc>Fails the test with the given message and optionally alters its tags.</doc>
<status status="NOT RUN" starttime="20221111 17:27:30.728" endtime="20221111 17:27:30.728"/>
</kw>
<status status="NOT RUN" starttime="20221111 17:27:30.728" endtime="20221111 17:27:30.728"/>
</branch>
<status status="PASS" starttime="20221111 17:27:30.727" endtime="20221111 17:27:30.728"/>
</if>
<status status="PASS" starttime="20221111 17:27:30.725" endtime="20221111 17:27:30.728"/>
</kw>
<kw name="Validate data type and length for given key" library="common_keywords">
<arg>${res['refreshToken']}</arg>
<arg>&lt;class 'str'&gt;</arg>
<arg>1785</arg>
<doc>This keyword is used to validate data type and lenght of a key in given response
Author-Veeresh</doc>
<kw name="Evaluate" library="BuiltIn">
<var>${key_data_type}</var>
<arg>type("${key}")</arg>
<doc>Evaluates the given expression in Python and returns the result.</doc>
<msg timestamp="20221111 17:27:30.729" level="INFO">${key_data_type} = &lt;class 'str'&gt;</msg>
<status status="PASS" starttime="20221111 17:27:30.729" endtime="20221111 17:27:30.729"/>
</kw>
<if>
<branch type="IF" condition="&quot;${key_data_type}&quot; != &quot;${expected_key_data_type}&quot;">
<kw name="Fail" library="BuiltIn">
<doc>Fails the test with the given message and optionally alters its tags.</doc>
<status status="NOT RUN" starttime="20221111 17:27:30.729" endtime="20221111 17:27:30.729"/>
</kw>
<status status="NOT RUN" starttime="20221111 17:27:30.729" endtime="20221111 17:27:30.729"/>
</branch>
<status status="PASS" starttime="20221111 17:27:30.729" endtime="20221111 17:27:30.729"/>
</if>
<kw name="Get Length" library="BuiltIn">
<var>${key_len}</var>
<arg>${key}</arg>
<doc>Returns and logs the length of the given item as an integer.</doc>
<msg timestamp="20221111 17:27:30.730" level="INFO">Length is 1785</msg>
<msg timestamp="20221111 17:27:30.730" level="INFO">${key_len} = 1785</msg>
<status status="PASS" starttime="20221111 17:27:30.729" endtime="20221111 17:27:30.730"/>
</kw>
<if>
<branch type="IF" condition="${key_len} != ${expected_key_data_length}">
<kw name="Fail" library="BuiltIn">
<doc>Fails the test with the given message and optionally alters its tags.</doc>
<status status="NOT RUN" starttime="20221111 17:27:30.730" endtime="20221111 17:27:30.730"/>
</kw>
<status status="NOT RUN" starttime="20221111 17:27:30.730" endtime="20221111 17:27:30.730"/>
</branch>
<status status="PASS" starttime="20221111 17:27:30.730" endtime="20221111 17:27:30.730"/>
</if>
<status status="PASS" starttime="20221111 17:27:30.728" endtime="20221111 17:27:30.730"/>
</kw>
<kw name="Validate data type and length for given key" library="common_keywords">
<arg>${res['roleid']}</arg>
<arg>&lt;class 'str'&gt;</arg>
<arg>1</arg>
<doc>This keyword is used to validate data type and lenght of a key in given response
Author-Veeresh</doc>
<kw name="Evaluate" library="BuiltIn">
<var>${key_data_type}</var>
<arg>type("${key}")</arg>
<doc>Evaluates the given expression in Python and returns the result.</doc>
<msg timestamp="20221111 17:27:30.731" level="INFO">${key_data_type} = &lt;class 'str'&gt;</msg>
<status status="PASS" starttime="20221111 17:27:30.731" endtime="20221111 17:27:30.731"/>
</kw>
<if>
<branch type="IF" condition="&quot;${key_data_type}&quot; != &quot;${expected_key_data_type}&quot;">
<kw name="Fail" library="BuiltIn">
<doc>Fails the test with the given message and optionally alters its tags.</doc>
<status status="NOT RUN" starttime="20221111 17:27:30.732" endtime="20221111 17:27:30.732"/>
</kw>
<status status="NOT RUN" starttime="20221111 17:27:30.731" endtime="20221111 17:27:30.732"/>
</branch>
<status status="PASS" starttime="20221111 17:27:30.731" endtime="20221111 17:27:30.732"/>
</if>
<kw name="Get Length" library="BuiltIn">
<var>${key_len}</var>
<arg>${key}</arg>
<doc>Returns and logs the length of the given item as an integer.</doc>
<msg timestamp="20221111 17:27:30.732" level="INFO">Length is 1</msg>
<msg timestamp="20221111 17:27:30.732" level="INFO">${key_len} = 1</msg>
<status status="PASS" starttime="20221111 17:27:30.732" endtime="20221111 17:27:30.732"/>
</kw>
<if>
<branch type="IF" condition="${key_len} != ${expected_key_data_length}">
<kw name="Fail" library="BuiltIn">
<doc>Fails the test with the given message and optionally alters its tags.</doc>
<status status="NOT RUN" starttime="20221111 17:27:30.732" endtime="20221111 17:27:30.732"/>
</kw>
<status status="NOT RUN" starttime="20221111 17:27:30.732" endtime="20221111 17:27:30.732"/>
</branch>
<status status="PASS" starttime="20221111 17:27:30.732" endtime="20221111 17:27:30.732"/>
</if>
<status status="PASS" starttime="20221111 17:27:30.730" endtime="20221111 17:27:30.732"/>
</kw>
<kw name="Validate data type and length for given key" library="common_keywords">
<arg>${res['customerid']}</arg>
<arg>&lt;class 'str'&gt;</arg>
<arg>1</arg>
<doc>This keyword is used to validate data type and lenght of a key in given response
Author-Veeresh</doc>
<kw name="Evaluate" library="BuiltIn">
<var>${key_data_type}</var>
<arg>type("${key}")</arg>
<doc>Evaluates the given expression in Python and returns the result.</doc>
<msg timestamp="20221111 17:27:30.734" level="INFO">${key_data_type} = &lt;class 'str'&gt;</msg>
<status status="PASS" starttime="20221111 17:27:30.733" endtime="20221111 17:27:30.734"/>
</kw>
<if>
<branch type="IF" condition="&quot;${key_data_type}&quot; != &quot;${expected_key_data_type}&quot;">
<kw name="Fail" library="BuiltIn">
<doc>Fails the test with the given message and optionally alters its tags.</doc>
<status status="NOT RUN" starttime="20221111 17:27:30.734" endtime="20221111 17:27:30.734"/>
</kw>
<status status="NOT RUN" starttime="20221111 17:27:30.734" endtime="20221111 17:27:30.734"/>
</branch>
<status status="PASS" starttime="20221111 17:27:30.734" endtime="20221111 17:27:30.734"/>
</if>
<kw name="Get Length" library="BuiltIn">
<var>${key_len}</var>
<arg>${key}</arg>
<doc>Returns and logs the length of the given item as an integer.</doc>
<msg timestamp="20221111 17:27:30.734" level="INFO">Length is 1</msg>
<msg timestamp="20221111 17:27:30.734" level="INFO">${key_len} = 1</msg>
<status status="PASS" starttime="20221111 17:27:30.734" endtime="20221111 17:27:30.734"/>
</kw>
<if>
<branch type="IF" condition="${key_len} != ${expected_key_data_length}">
<kw name="Fail" library="BuiltIn">
<doc>Fails the test with the given message and optionally alters its tags.</doc>
<status status="NOT RUN" starttime="20221111 17:27:30.735" endtime="20221111 17:27:30.735"/>
</kw>
<status status="NOT RUN" starttime="20221111 17:27:30.735" endtime="20221111 17:27:30.735"/>
</branch>
<status status="PASS" starttime="20221111 17:27:30.734" endtime="20221111 17:27:30.735"/>
</if>
<status status="PASS" starttime="20221111 17:27:30.732" endtime="20221111 17:27:30.735"/>
</kw>
<status status="PASS" starttime="20221111 17:27:30.719" endtime="20221111 17:27:30.735"/>
</kw>
<doc>Test to check positive sign in scenario
Author-Veeresh</doc>
<tag>positive</tag>
<tag>Sign In Positive Test case</tag>
<timeout value="5 seconds"/>
<status status="PASS" starttime="20221111 17:27:29.426" endtime="20221111 17:27:30.735"/>
</test>
<test id="s1-t2" name="Sign In Positive Test case with playload in query string" line="18">
<kw name="Set Variable" library="BuiltIn">
<var>${expected_status_code}</var>
<arg>200</arg>
<doc>Returns the given values which can then be assigned to a variables.</doc>
<msg timestamp="20221111 17:27:30.736" level="INFO">${expected_status_code} = 200</msg>
<status status="PASS" starttime="20221111 17:27:30.736" endtime="20221111 17:27:30.736"/>
</kw>
<kw name="Set Variable" library="BuiltIn">
<var>${path}</var>
<arg>login?email=sagar3@amagi.com&amp;password=Amagi@123</arg>
<doc>Returns the given values which can then be assigned to a variables.</doc>
<msg timestamp="20221111 17:27:30.737" level="INFO">${path} = login?email=sagar3@amagi.com&amp;password=Amagi@123</msg>
<status status="PASS" starttime="20221111 17:27:30.736" endtime="20221111 17:27:30.737"/>
</kw>
<kw name="Make Post Request and validate response code" library="common_keywords">
<var>${response}</var>
<arg>${expected_status_code}</arg>
<arg>${path}</arg>
<arg>&amp;{EMPTY}</arg>
<tag>Make Post Request and validate response code</tag>
<doc>This Key word is used to make API requests
Author-Veeresh</doc>
<kw name="Create Dictionary" library="BuiltIn">
<var>&amp;{headers}</var>
<arg>Content-Type=application/json</arg>
<doc>Creates and returns a dictionary based on the given ``items``.</doc>
<msg timestamp="20221111 17:27:30.738" level="INFO">&amp;{headers} = { Content-Type=application/json }</msg>
<status status="PASS" starttime="20221111 17:27:30.738" endtime="20221111 17:27:30.738"/>
</kw>
<kw name="Get Current Date" library="DateTime">
<var>${time_before_api_call}</var>
<doc>Returns current local or UTC time with an optional increment.</doc>
<msg timestamp="20221111 17:27:30.738" level="INFO">${time_before_api_call} = 2022-11-11 17:27:30.738</msg>
<status status="PASS" starttime="20221111 17:27:30.738" endtime="20221111 17:27:30.738"/>
</kw>
<kw name="POST" library="RequestsLibrary">
<var>${response}</var>
<arg>url=${url}/${path}</arg>
<arg>json=&amp;{data}</arg>
<arg>headers=&amp;{headers}</arg>
<arg>expected_status=${expected_status_code}</arg>
<doc>Sends a POST request.</doc>
<msg timestamp="20221111 17:27:35.740" level="FAIL">Test timeout 5 seconds exceeded.</msg>
<status status="FAIL" starttime="20221111 17:27:30.738" endtime="20221111 17:27:35.740"/>
</kw>
<kw name="Status Should Be" library="RequestsLibrary">
<arg>${expected_status_code}</arg>
<arg>${response}</arg>
<doc>Fails if response status code is different than the expected.</doc>
<status status="NOT RUN" starttime="20221111 17:27:35.740" endtime="20221111 17:27:35.740"/>
</kw>
<kw name="Evaluate" library="BuiltIn">
<var>${res}</var>
<arg>json.loads("""${response.content}""")</arg>
<arg>json</arg>
<doc>Evaluates the given expression in Python and returns the result.</doc>
<status status="NOT RUN" starttime="20221111 17:27:35.741" endtime="20221111 17:27:35.741"/>
</kw>
<kw name="Get Current Date" library="DateTime">
<var>${time_after_api_call}</var>
<doc>Returns current local or UTC time with an optional increment.</doc>
<status status="NOT RUN" starttime="20221111 17:27:35.741" endtime="20221111 17:27:35.741"/>
</kw>
<status status="FAIL" starttime="20221111 17:27:30.737" endtime="20221111 17:27:35.741"/>
</kw>
<kw name="Validate positive sign in response" library="common_keywords">
<arg>${response}</arg>
<tag>Validate positive sign in response</tag>
<doc>This keyword is used to validate Positive response schema
Author-Veeresh</doc>
<status status="NOT RUN" starttime="20221111 17:27:35.742" endtime="20221111 17:27:35.742"/>
</kw>
<doc>Test to check positive sign in scenario with playload in query string
Author-Veeresh</doc>
<tag>positive</tag>
<tag>Sign In Positive Test case with playload in query string</tag>
<timeout value="5 seconds"/>
<status status="FAIL" starttime="20221111 17:27:30.735" endtime="20221111 17:27:35.743">Test timeout 5 seconds exceeded.</status>
</test>
<test id="s1-t3" name="Sign In Negative Test Case Empty value for Email address valid password" line="27">
<kw name="Set Variable" library="BuiltIn">
<var>${expected_status_code}</var>
<arg>400</arg>
<doc>Returns the given values which can then be assigned to a variables.</doc>
<msg timestamp="20221111 17:27:35.744" level="INFO">${expected_status_code} = 400</msg>
<status status="PASS" starttime="20221111 17:27:35.744" endtime="20221111 17:27:35.744"/>
</kw>
<kw name="Create Dictionary" library="BuiltIn">
<var>&amp;{data}</var>
<arg>email=${empty_email}</arg>
<arg>password=${password}</arg>
<doc>Creates and returns a dictionary based on the given ``items``.</doc>
<msg timestamp="20221111 17:27:35.745" level="INFO">&amp;{data} = { email= | password=Amagi@123 }</msg>
<status status="PASS" starttime="20221111 17:27:35.745" endtime="20221111 17:27:35.745"/>
</kw>
<kw name="Set Variable" library="BuiltIn">
<var>${path}</var>
<arg>login</arg>
<doc>Returns the given values which can then be assigned to a variables.</doc>
<msg timestamp="20221111 17:27:35.746" level="INFO">${path} = login</msg>
<status status="PASS" starttime="20221111 17:27:35.745" endtime="20221111 17:27:35.746"/>
</kw>
<kw name="Make Post Request and validate response code" library="common_keywords">
<var>${response}</var>
<arg>${expected_status_code}</arg>
<arg>${path}</arg>
<arg>&amp;{data}</arg>
<tag>Make Post Request and validate response code</tag>
<doc>This Key word is used to make API requests
Author-Veeresh</doc>
<kw name="Create Dictionary" library="BuiltIn">
<var>&amp;{headers}</var>
<arg>Content-Type=application/json</arg>
<doc>Creates and returns a dictionary based on the given ``items``.</doc>
<msg timestamp="20221111 17:27:35.747" level="INFO">&amp;{headers} = { Content-Type=application/json }</msg>
<status status="PASS" starttime="20221111 17:27:35.747" endtime="20221111 17:27:35.747"/>
</kw>
<kw name="Get Current Date" library="DateTime">
<var>${time_before_api_call}</var>
<doc>Returns current local or UTC time with an optional increment.</doc>
<msg timestamp="20221111 17:27:35.748" level="INFO">${time_before_api_call} = 2022-11-11 17:27:35.747</msg>
<status status="PASS" starttime="20221111 17:27:35.747" endtime="20221111 17:27:35.748"/>
</kw>
<kw name="POST" library="RequestsLibrary">
<var>${response}</var>
<arg>url=${url}/${path}</arg>
<arg>json=&amp;{data}</arg>
<arg>headers=&amp;{headers}</arg>
<arg>expected_status=${expected_status_code}</arg>
<doc>Sends a POST request.</doc>
<msg timestamp="20221111 17:27:37.783" level="INFO">POST Request : url=http://34.236.189.23:31100/login 
 path_url=/login 
 headers={'User-Agent': 'python-requests/2.26.0', 'Accept-Encoding': 'gzip, deflate', 'Accept': '*/*', 'Connection': 'keep-alive', 'Content-Type': 'application/json', 'Content-Length': '38'} 
 body=b'{"email": "", "password": "Amagi@123"}' 
 </msg>
<msg timestamp="20221111 17:27:37.783" level="INFO">POST Response : url=http://34.236.189.23:31100/login 
 status=400, reason=Bad Request 
 headers={'X-Powered-By': 'Express', 'Access-Control-Allow-Origin': '*', 'Access-Control-Allow-Headers': 'Origin, X-Requested-With, Content-Type, Accept, Authorization', 'Content-Type': 'text/html; charset=utf-8', 'Content-Length': '57', 'ETag': 'W/"39-DMaoXXduy/h67B6IIx7+UJD7r5I"', 'Date': 'Fri, 11 Nov 2022 11:57:37 GMT', 'Connection': 'keep-alive'} 
 body={"status_code":"COG-ERR-010","description":"Login error"} 
 </msg>
<msg timestamp="20221111 17:27:37.783" level="INFO">${response} = &lt;Response [400]&gt;</msg>
<status status="PASS" starttime="20221111 17:27:35.748" endtime="20221111 17:27:37.783"/>
</kw>
<kw name="Status Should Be" library="RequestsLibrary">
<arg>${expected_status_code}</arg>
<arg>${response}</arg>
<doc>Fails if response status code is different than the expected.</doc>
<status status="PASS" starttime="20221111 17:27:37.783" endtime="20221111 17:27:37.784"/>
</kw>
<kw name="Evaluate" library="BuiltIn">
<var>${res}</var>
<arg>json.loads("""${response.content}""")</arg>
<arg>json</arg>
<doc>Evaluates the given expression in Python and returns the result.</doc>
<msg timestamp="20221111 17:27:37.784" level="INFO">${res} = {'status_code': 'COG-ERR-010', 'description': 'Login error'}</msg>
<status status="PASS" starttime="20221111 17:27:37.784" endtime="20221111 17:27:37.784"/>
</kw>
<kw name="Get Current Date" library="DateTime">
<var>${time_after_api_call}</var>
<doc>Returns current local or UTC time with an optional increment.</doc>
<msg timestamp="20221111 17:27:37.785" level="INFO">${time_after_api_call} = 2022-11-11 17:27:37.785</msg>
<status status="PASS" starttime="20221111 17:27:37.785" endtime="20221111 17:27:37.785"/>
</kw>
<msg timestamp="20221111 17:27:37.785" level="INFO">${response} = ['2022-11-11 17:27:35.747', '2022-11-11 17:27:37.785', {'status_code': 'COG-ERR-010', 'description': 'Login error'}]</msg>
<status status="PASS" starttime="20221111 17:27:35.746" endtime="20221111 17:27:37.785"/>
</kw>
<kw name="Validate negative response" library="common_keywords">
<arg>${response}</arg>
<tag>Validate negative response</tag>
<doc>This key word is used to validate negative response schema
Author-Veeresh</doc>
<kw name="Set Variable" library="BuiltIn">
<var>${time_before_api_call}</var>
<arg>${response}[0]</arg>
<doc>Returns the given values which can then be assigned to a variables.</doc>
<msg timestamp="20221111 17:27:37.786" level="INFO">${time_before_api_call} = 2022-11-11 17:27:35.747</msg>
<status status="PASS" starttime="20221111 17:27:37.786" endtime="20221111 17:27:37.786"/>
</kw>
<kw name="Set Variable" library="BuiltIn">
<var>${time_after_api_call}</var>
<arg>${response}[1]</arg>
<doc>Returns the given values which can then be assigned to a variables.</doc>
<msg timestamp="20221111 17:27:37.786" level="INFO">${time_after_api_call} = 2022-11-11 17:27:37.785</msg>
<status status="PASS" starttime="20221111 17:27:37.786" endtime="20221111 17:27:37.786"/>
</kw>
<kw name="Set Variable" library="BuiltIn">
<var>${res}</var>
<arg>${response}[2]</arg>
<doc>Returns the given values which can then be assigned to a variables.</doc>
<msg timestamp="20221111 17:27:37.787" level="INFO">${res} = {'status_code': 'COG-ERR-010', 'description': 'Login error'}</msg>
<status status="PASS" starttime="20221111 17:27:37.786" endtime="20221111 17:27:37.787"/>
</kw>
<kw name="Validate Execution time" library="common_keywords">
<arg>${time_before_api_call}</arg>
<arg>${time_after_api_call}</arg>
<tag>Validate Execution time</tag>
<doc>This key word is used to validate the execution time
Author-Veeresh</doc>
<kw name="Subtract Date From Date" library="DateTime">
<var>${executiontime}</var>
<arg>${time_after_api_call}</arg>
<arg>${time_before_api_call}</arg>
<doc>Subtracts date from another date and returns time between.</doc>
<msg timestamp="20221111 17:27:37.788" level="INFO">${executiontime} = 2.038</msg>
<status status="PASS" starttime="20221111 17:27:37.787" endtime="20221111 17:27:37.788"/>
</kw>
<if>
<branch type="IF" condition="${executiontime} &gt;= 2">
<kw name="Fail" library="BuiltIn">
<doc>Fails the test with the given message and optionally alters its tags.</doc>
<msg timestamp="20221111 17:27:37.789" level="FAIL">AssertionError</msg>
<status status="FAIL" starttime="20221111 17:27:37.788" endtime="20221111 17:27:37.789"/>
</kw>
<status status="FAIL" starttime="20221111 17:27:37.788" endtime="20221111 17:27:37.789"/>
</branch>
<status status="FAIL" starttime="20221111 17:27:37.788" endtime="20221111 17:27:37.789"/>
</if>
<status status="FAIL" starttime="20221111 17:27:37.787" endtime="20221111 17:27:37.790"/>
</kw>
<kw name="Set Variable" library="BuiltIn">
<var>${expected_response_lenghth}</var>
<arg>2</arg>
<doc>Returns the given values which can then be assigned to a variables.</doc>
<status status="NOT RUN" starttime="20221111 17:27:37.790" endtime="20221111 17:27:37.790"/>
</kw>
<kw name="Validate Schema length" library="common_keywords">
<arg>${res}</arg>
<arg>${expected_response_lenghth}</arg>
<tag>Validate Schema</tag>
<doc>This keyword is used to validate the schema
Author-Veeresh</doc>
<status status="NOT RUN" starttime="20221111 17:27:37.790" endtime="20221111 17:27:37.790"/>
</kw>
<if>
<branch type="IF" condition="&quot;${res['status_code']}&quot; != &quot;COG-ERR-010&quot;">
<kw name="Fail" library="BuiltIn">
<doc>Fails the test with the given message and optionally alters its tags.</doc>
<status status="NOT RUN" starttime="20221111 17:27:37.790" endtime="20221111 17:27:37.790"/>
</kw>
<status status="NOT RUN" starttime="20221111 17:27:37.790" endtime="20221111 17:27:37.790"/>
</branch>
<status status="NOT RUN" starttime="20221111 17:27:37.790" endtime="20221111 17:27:37.790"/>
</if>
<if>
<branch type="IF" condition="&quot;${res['description']}&quot; != &quot;Login error&quot;">
<kw name="Fail" library="BuiltIn">
<doc>Fails the test with the given message and optionally alters its tags.</doc>
<status status="NOT RUN" starttime="20221111 17:27:37.791" endtime="20221111 17:27:37.791"/>
</kw>
<status status="NOT RUN" starttime="20221111 17:27:37.791" endtime="20221111 17:27:37.791"/>
</branch>
<status status="NOT RUN" starttime="20221111 17:27:37.790" endtime="20221111 17:27:37.791"/>
</if>
<kw name="Validate data type and length for given key" library="common_keywords">
<arg>${res['status_code']}</arg>
<arg>&lt;class 'str'&gt;</arg>
<arg>11</arg>
<doc>This keyword is used to validate data type and lenght of a key in given response
Author-Veeresh</doc>
<status status="NOT RUN" starttime="20221111 17:27:37.791" endtime="20221111 17:27:37.791"/>
</kw>
<kw name="Validate data type and length for given key" library="common_keywords">
<arg>${res['description']}</arg>
<arg>&lt;class 'str'&gt;</arg>
<arg>11</arg>
<doc>This keyword is used to validate data type and lenght of a key in given response
Author-Veeresh</doc>
<status status="NOT RUN" starttime="20221111 17:27:37.791" endtime="20221111 17:27:37.791"/>
</kw>
<status status="FAIL" starttime="20221111 17:27:37.785" endtime="20221111 17:27:37.791"/>
</kw>
<doc>Test to check negative sign in scenario - Empty Email address valid password
Author-Veeresh</doc>
<tag>negative</tag>
<tag>Sign In Negative Test Case Empty value for Email address valid password</tag>
<timeout value="5 seconds"/>
<status status="FAIL" starttime="20221111 17:27:35.743" endtime="20221111 17:27:37.792">AssertionError</status>
</test>
<test id="s1-t4" name="Sign In Negative Test Case Valid Email address empty value for password" line="38">
<kw name="Set Variable" library="BuiltIn">
<var>${expected_status_code}</var>
<arg>400</arg>
<doc>Returns the given values which can then be assigned to a variables.</doc>
<msg timestamp="20221111 17:27:37.793" level="INFO">${expected_status_code} = 400</msg>
<status status="PASS" starttime="20221111 17:27:37.793" endtime="20221111 17:27:37.793"/>
</kw>
<kw name="Create Dictionary" library="BuiltIn">
<var>&amp;{data}</var>
<arg>email=${email}</arg>
<arg>password=$${empty_password}</arg>
<doc>Creates and returns a dictionary based on the given ``items``.</doc>
<msg timestamp="20221111 17:27:37.793" level="INFO">&amp;{data} = { email=sagar3@amagi.com | password=$ }</msg>
<status status="PASS" starttime="20221111 17:27:37.793" endtime="20221111 17:27:37.793"/>
</kw>
<kw name="Set Variable" library="BuiltIn">
<var>${path}</var>
<arg>login</arg>
<doc>Returns the given values which can then be assigned to a variables.</doc>
<msg timestamp="20221111 17:27:37.794" level="INFO">${path} = login</msg>
<status status="PASS" starttime="20221111 17:27:37.794" endtime="20221111 17:27:37.794"/>
</kw>
<kw name="Make Post Request and validate response code" library="common_keywords">
<var>${response}</var>
<arg>${expected_status_code}</arg>
<arg>${path}</arg>
<arg>&amp;{data}</arg>
<tag>Make Post Request and validate response code</tag>
<doc>This Key word is used to make API requests
Author-Veeresh</doc>
<kw name="Create Dictionary" library="BuiltIn">
<var>&amp;{headers}</var>
<arg>Content-Type=application/json</arg>
<doc>Creates and returns a dictionary based on the given ``items``.</doc>
<msg timestamp="20221111 17:27:37.795" level="INFO">&amp;{headers} = { Content-Type=application/json }</msg>
<status status="PASS" starttime="20221111 17:27:37.794" endtime="20221111 17:27:37.795"/>
</kw>
<kw name="Get Current Date" library="DateTime">
<var>${time_before_api_call}</var>
<doc>Returns current local or UTC time with an optional increment.</doc>
<msg timestamp="20221111 17:27:37.795" level="INFO">${time_before_api_call} = 2022-11-11 17:27:37.795</msg>
<status status="PASS" starttime="20221111 17:27:37.795" endtime="20221111 17:27:37.795"/>
</kw>
<kw name="POST" library="RequestsLibrary">
<var>${response}</var>
<arg>url=${url}/${path}</arg>
<arg>json=&amp;{data}</arg>
<arg>headers=&amp;{headers}</arg>
<arg>expected_status=${expected_status_code}</arg>
<doc>Sends a POST request.</doc>
<msg timestamp="20221111 17:27:39.059" level="INFO">POST Request : url=http://34.236.189.23:31100/login 
 path_url=/login 
 headers={'User-Agent': 'python-requests/2.26.0', 'Accept-Encoding': 'gzip, deflate', 'Accept': '*/*', 'Connection': 'keep-alive', 'Content-Type': 'application/json', 'Content-Length': '46'} 
 body=b'{"email": "sagar3@amagi.com", "password": "$"}' 
 </msg>
<msg timestamp="20221111 17:27:39.059" level="INFO">POST Response : url=http://34.236.189.23:31100/login 
 status=400, reason=Bad Request 
 headers={'X-Powered-By': 'Express', 'Access-Control-Allow-Origin': '*', 'Access-Control-Allow-Headers': 'Origin, X-Requested-With, Content-Type, Accept, Authorization', 'Content-Type': 'text/html; charset=utf-8', 'Content-Length': '57', 'ETag': 'W/"39-DMaoXXduy/h67B6IIx7+UJD7r5I"', 'Date': 'Fri, 11 Nov 2022 11:57:38 GMT', 'Connection': 'keep-alive'} 
 body={"status_code":"COG-ERR-010","description":"Login error"} 
 </msg>
<msg timestamp="20221111 17:27:39.059" level="INFO">${response} = &lt;Response [400]&gt;</msg>
<status status="PASS" starttime="20221111 17:27:37.795" endtime="20221111 17:27:39.059"/>
</kw>
<kw name="Status Should Be" library="RequestsLibrary">
<arg>${expected_status_code}</arg>
<arg>${response}</arg>
<doc>Fails if response status code is different than the expected.</doc>
<status status="PASS" starttime="20221111 17:27:39.059" endtime="20221111 17:27:39.060"/>
</kw>
<kw name="Evaluate" library="BuiltIn">
<var>${res}</var>
<arg>json.loads("""${response.content}""")</arg>
<arg>json</arg>
<doc>Evaluates the given expression in Python and returns the result.</doc>
<msg timestamp="20221111 17:27:39.061" level="INFO">${res} = {'status_code': 'COG-ERR-010', 'description': 'Login error'}</msg>
<status status="PASS" starttime="20221111 17:27:39.060" endtime="20221111 17:27:39.061"/>
</kw>
<kw name="Get Current Date" library="DateTime">
<var>${time_after_api_call}</var>
<doc>Returns current local or UTC time with an optional increment.</doc>
<msg timestamp="20221111 17:27:39.062" level="INFO">${time_after_api_call} = 2022-11-11 17:27:39.062</msg>
<status status="PASS" starttime="20221111 17:27:39.061" endtime="20221111 17:27:39.062"/>
</kw>
<msg timestamp="20221111 17:27:39.062" level="INFO">${response} = ['2022-11-11 17:27:37.795', '2022-11-11 17:27:39.062', {'status_code': 'COG-ERR-010', 'description': 'Login error'}]</msg>
<status status="PASS" starttime="20221111 17:27:37.794" endtime="20221111 17:27:39.062"/>
</kw>
<kw name="Validate negative response" library="common_keywords">
<arg>${response}</arg>
<tag>Validate negative response</tag>
<doc>This key word is used to validate negative response schema
Author-Veeresh</doc>
<kw name="Set Variable" library="BuiltIn">
<var>${time_before_api_call}</var>
<arg>${response}[0]</arg>
<doc>Returns the given values which can then be assigned to a variables.</doc>
<msg timestamp="20221111 17:27:39.063" level="INFO">${time_before_api_call} = 2022-11-11 17:27:37.795</msg>
<status status="PASS" starttime="20221111 17:27:39.063" endtime="20221111 17:27:39.063"/>
</kw>
<kw name="Set Variable" library="BuiltIn">
<var>${time_after_api_call}</var>
<arg>${response}[1]</arg>
<doc>Returns the given values which can then be assigned to a variables.</doc>
<msg timestamp="20221111 17:27:39.064" level="INFO">${time_after_api_call} = 2022-11-11 17:27:39.062</msg>
<status status="PASS" starttime="20221111 17:27:39.063" endtime="20221111 17:27:39.064"/>
</kw>
<kw name="Set Variable" library="BuiltIn">
<var>${res}</var>
<arg>${response}[2]</arg>
<doc>Returns the given values which can then be assigned to a variables.</doc>
<msg timestamp="20221111 17:27:39.064" level="INFO">${res} = {'status_code': 'COG-ERR-010', 'description': 'Login error'}</msg>
<status status="PASS" starttime="20221111 17:27:39.064" endtime="20221111 17:27:39.064"/>
</kw>
<kw name="Validate Execution time" library="common_keywords">
<arg>${time_before_api_call}</arg>
<arg>${time_after_api_call}</arg>
<tag>Validate Execution time</tag>
<doc>This key word is used to validate the execution time
Author-Veeresh</doc>
<kw name="Subtract Date From Date" library="DateTime">
<var>${executiontime}</var>
<arg>${time_after_api_call}</arg>
<arg>${time_before_api_call}</arg>
<doc>Subtracts date from another date and returns time between.</doc>
<msg timestamp="20221111 17:27:39.066" level="INFO">${executiontime} = 1.267</msg>
<status status="PASS" starttime="20221111 17:27:39.065" endtime="20221111 17:27:39.066"/>
</kw>
<if>
<branch type="IF" condition="${executiontime} &gt;= 2">
<kw name="Fail" library="BuiltIn">
<doc>Fails the test with the given message and optionally alters its tags.</doc>
<status status="NOT RUN" starttime="20221111 17:27:39.066" endtime="20221111 17:27:39.066"/>
</kw>
<status status="NOT RUN" starttime="20221111 17:27:39.066" endtime="20221111 17:27:39.066"/>
</branch>
<status status="PASS" starttime="20221111 17:27:39.066" endtime="20221111 17:27:39.066"/>
</if>
<status status="PASS" starttime="20221111 17:27:39.064" endtime="20221111 17:27:39.067"/>
</kw>
<kw name="Set Variable" library="BuiltIn">
<var>${expected_response_lenghth}</var>
<arg>2</arg>
<doc>Returns the given values which can then be assigned to a variables.</doc>
<msg timestamp="20221111 17:27:39.067" level="INFO">${expected_response_lenghth} = 2</msg>
<status status="PASS" starttime="20221111 17:27:39.067" endtime="20221111 17:27:39.067"/>
</kw>
<kw name="Validate Schema length" library="common_keywords">
<arg>${res}</arg>
<arg>${expected_response_lenghth}</arg>
<tag>Validate Schema</tag>
<doc>This keyword is used to validate the schema
Author-Veeresh</doc>
<kw name="Get Length" library="BuiltIn">
<var>${length_of_resp}</var>
<arg>${response}</arg>
<doc>Returns and logs the length of the given item as an integer.</doc>
<msg timestamp="20221111 17:27:39.068" level="INFO">Length is 2</msg>
<msg timestamp="20221111 17:27:39.068" level="INFO">${length_of_resp} = 2</msg>
<status status="PASS" starttime="20221111 17:27:39.068" endtime="20221111 17:27:39.068"/>
</kw>
<if>
<branch type="IF" condition="${length_of_resp} != ${expected_response_lenghth}">
<kw name="Fail" library="BuiltIn">
<doc>Fails the test with the given message and optionally alters its tags.</doc>
<status status="NOT RUN" starttime="20221111 17:27:39.069" endtime="20221111 17:27:39.069"/>
</kw>
<status status="NOT RUN" starttime="20221111 17:27:39.069" endtime="20221111 17:27:39.069"/>
</branch>
<status status="PASS" starttime="20221111 17:27:39.068" endtime="20221111 17:27:39.069"/>
</if>
<status status="PASS" starttime="20221111 17:27:39.067" endtime="20221111 17:27:39.069"/>
</kw>
<if>
<branch type="IF" condition="&quot;${res['status_code']}&quot; != &quot;COG-ERR-010&quot;">
<kw name="Fail" library="BuiltIn">
<doc>Fails the test with the given message and optionally alters its tags.</doc>
<status status="NOT RUN" starttime="20221111 17:27:39.070" endtime="20221111 17:27:39.070"/>
</kw>
<status status="NOT RUN" starttime="20221111 17:27:39.070" endtime="20221111 17:27:39.070"/>
</branch>
<status status="PASS" starttime="20221111 17:27:39.069" endtime="20221111 17:27:39.070"/>
</if>
<if>
<branch type="IF" condition="&quot;${res['description']}&quot; != &quot;Login error&quot;">
<kw name="Fail" library="BuiltIn">
<doc>Fails the test with the given message and optionally alters its tags.</doc>
<status status="NOT RUN" starttime="20221111 17:27:39.071" endtime="20221111 17:27:39.071"/>
</kw>
<status status="NOT RUN" starttime="20221111 17:27:39.071" endtime="20221111 17:27:39.071"/>
</branch>
<status status="PASS" starttime="20221111 17:27:39.070" endtime="20221111 17:27:39.071"/>
</if>
<kw name="Validate data type and length for given key" library="common_keywords">
<arg>${res['status_code']}</arg>
<arg>&lt;class 'str'&gt;</arg>
<arg>11</arg>
<doc>This keyword is used to validate data type and lenght of a key in given response
Author-Veeresh</doc>
<kw name="Evaluate" library="BuiltIn">
<var>${key_data_type}</var>
<arg>type("${key}")</arg>
<doc>Evaluates the given expression in Python and returns the result.</doc>
<msg timestamp="20221111 17:27:39.072" level="INFO">${key_data_type} = &lt;class 'str'&gt;</msg>
<status status="PASS" starttime="20221111 17:27:39.072" endtime="20221111 17:27:39.072"/>
</kw>
<if>
<branch type="IF" condition="&quot;${key_data_type}&quot; != &quot;${expected_key_data_type}&quot;">
<kw name="Fail" library="BuiltIn">
<doc>Fails the test with the given message and optionally alters its tags.</doc>
<status status="NOT RUN" starttime="20221111 17:27:39.073" endtime="20221111 17:27:39.073"/>
</kw>
<status status="NOT RUN" starttime="20221111 17:27:39.073" endtime="20221111 17:27:39.073"/>
</branch>
<status status="PASS" starttime="20221111 17:27:39.073" endtime="20221111 17:27:39.073"/>
</if>
<kw name="Get Length" library="BuiltIn">
<var>${key_len}</var>
<arg>${key}</arg>
<doc>Returns and logs the length of the given item as an integer.</doc>
<msg timestamp="20221111 17:27:39.073" level="INFO">Length is 11</msg>
<msg timestamp="20221111 17:27:39.073" level="INFO">${key_len} = 11</msg>
<status status="PASS" starttime="20221111 17:27:39.073" endtime="20221111 17:27:39.074"/>
</kw>
<if>
<branch type="IF" condition="${key_len} != ${expected_key_data_length}">
<kw name="Fail" library="BuiltIn">
<doc>Fails the test with the given message and optionally alters its tags.</doc>
<status status="NOT RUN" starttime="20221111 17:27:39.074" endtime="20221111 17:27:39.074"/>
</kw>
<status status="NOT RUN" starttime="20221111 17:27:39.074" endtime="20221111 17:27:39.074"/>
</branch>
<status status="PASS" starttime="20221111 17:27:39.074" endtime="20221111 17:27:39.074"/>
</if>
<status status="PASS" starttime="20221111 17:27:39.071" endtime="20221111 17:27:39.074"/>
</kw>
<kw name="Validate data type and length for given key" library="common_keywords">
<arg>${res['description']}</arg>
<arg>&lt;class 'str'&gt;</arg>
<arg>11</arg>
<doc>This keyword is used to validate data type and lenght of a key in given response
Author-Veeresh</doc>
<kw name="Evaluate" library="BuiltIn">
<var>${key_data_type}</var>
<arg>type("${key}")</arg>
<doc>Evaluates the given expression in Python and returns the result.</doc>
<msg timestamp="20221111 17:27:39.076" level="INFO">${key_data_type} = &lt;class 'str'&gt;</msg>
<status status="PASS" starttime="20221111 17:27:39.075" endtime="20221111 17:27:39.076"/>
</kw>
<if>
<branch type="IF" condition="&quot;${key_data_type}&quot; != &quot;${expected_key_data_type}&quot;">
<kw name="Fail" library="BuiltIn">
<doc>Fails the test with the given message and optionally alters its tags.</doc>
<status status="NOT RUN" starttime="20221111 17:27:39.076" endtime="20221111 17:27:39.077"/>
</kw>
<status status="NOT RUN" starttime="20221111 17:27:39.076" endtime="20221111 17:27:39.077"/>
</branch>
<status status="PASS" starttime="20221111 17:27:39.076" endtime="20221111 17:27:39.077"/>
</if>
<kw name="Get Length" library="BuiltIn">
<var>${key_len}</var>
<arg>${key}</arg>
<doc>Returns and logs the length of the given item as an integer.</doc>
<msg timestamp="20221111 17:27:39.077" level="INFO">Length is 11</msg>
<msg timestamp="20221111 17:27:39.077" level="INFO">${key_len} = 11</msg>
<status status="PASS" starttime="20221111 17:27:39.077" endtime="20221111 17:27:39.077"/>
</kw>
<if>
<branch type="IF" condition="${key_len} != ${expected_key_data_length}">
<kw name="Fail" library="BuiltIn">
<doc>Fails the test with the given message and optionally alters its tags.</doc>
<status status="NOT RUN" starttime="20221111 17:27:39.078" endtime="20221111 17:27:39.078"/>
</kw>
<status status="NOT RUN" starttime="20221111 17:27:39.077" endtime="20221111 17:27:39.078"/>
</branch>
<status status="PASS" starttime="20221111 17:27:39.077" endtime="20221111 17:27:39.078"/>
</if>
<status status="PASS" starttime="20221111 17:27:39.074" endtime="20221111 17:27:39.078"/>
</kw>
<status status="PASS" starttime="20221111 17:27:39.062" endtime="20221111 17:27:39.078"/>
</kw>
<doc>Test to check negative sign in scenario - Valid Email address empty password
Author-Veeresh</doc>
<tag>negative</tag>
<tag>Sign In Negative Test Case Valid Email address empty value for password</tag>
<timeout value="5 seconds"/>
<status status="PASS" starttime="20221111 17:27:37.792" endtime="20221111 17:27:39.078"/>
</test>
<test id="s1-t5" name="Sign In Negative Test Case Empty value for Email address empty value for password" line="48">
<kw name="Set Variable" library="BuiltIn">
<var>${expected_status_code}</var>
<arg>400</arg>
<doc>Returns the given values which can then be assigned to a variables.</doc>
<msg timestamp="20221111 17:27:39.079" level="INFO">${expected_status_code} = 400</msg>
<status status="PASS" starttime="20221111 17:27:39.079" endtime="20221111 17:27:39.080"/>
</kw>
<kw name="Create Dictionary" library="BuiltIn">
<var>&amp;{data}</var>
<arg>email=${empty_email}</arg>
<arg>password=$${empty_password}</arg>
<doc>Creates and returns a dictionary based on the given ``items``.</doc>
<msg timestamp="20221111 17:27:39.080" level="INFO">&amp;{data} = { email= | password=$ }</msg>
<status status="PASS" starttime="20221111 17:27:39.080" endtime="20221111 17:27:39.080"/>
</kw>
<kw name="Set Variable" library="BuiltIn">
<var>${path}</var>
<arg>login</arg>
<doc>Returns the given values which can then be assigned to a variables.</doc>
<msg timestamp="20221111 17:27:39.081" level="INFO">${path} = login</msg>
<status status="PASS" starttime="20221111 17:27:39.080" endtime="20221111 17:27:39.081"/>
</kw>
<kw name="Make Post Request and validate response code" library="common_keywords">
<var>${response}</var>
<arg>${expected_status_code}</arg>
<arg>${path}</arg>
<arg>&amp;{data}</arg>
<tag>Make Post Request and validate response code</tag>
<doc>This Key word is used to make API requests
Author-Veeresh</doc>
<kw name="Create Dictionary" library="BuiltIn">
<var>&amp;{headers}</var>
<arg>Content-Type=application/json</arg>
<doc>Creates and returns a dictionary based on the given ``items``.</doc>
<msg timestamp="20221111 17:27:39.082" level="INFO">&amp;{headers} = { Content-Type=application/json }</msg>
<status status="PASS" starttime="20221111 17:27:39.082" endtime="20221111 17:27:39.082"/>
</kw>
<kw name="Get Current Date" library="DateTime">
<var>${time_before_api_call}</var>
<doc>Returns current local or UTC time with an optional increment.</doc>
<msg timestamp="20221111 17:27:39.083" level="INFO">${time_before_api_call} = 2022-11-11 17:27:39.082</msg>
<status status="PASS" starttime="20221111 17:27:39.082" endtime="20221111 17:27:39.083"/>
</kw>
<kw name="POST" library="RequestsLibrary">
<var>${response}</var>
<arg>url=${url}/${path}</arg>
<arg>json=&amp;{data}</arg>
<arg>headers=&amp;{headers}</arg>
<arg>expected_status=${expected_status_code}</arg>
<doc>Sends a POST request.</doc>
<msg timestamp="20221111 17:27:39.927" level="INFO">POST Request : url=http://34.236.189.23:31100/login 
 path_url=/login 
 headers={'User-Agent': 'python-requests/2.26.0', 'Accept-Encoding': 'gzip, deflate', 'Accept': '*/*', 'Connection': 'keep-alive', 'Content-Type': 'application/json', 'Content-Length': '30'} 
 body=b'{"email": "", "password": "$"}' 
 </msg>
<msg timestamp="20221111 17:27:39.927" level="INFO">POST Response : url=http://34.236.189.23:31100/login 
 status=400, reason=Bad Request 
 headers={'X-Powered-By': 'Express', 'Access-Control-Allow-Origin': '*', 'Access-Control-Allow-Headers': 'Origin, X-Requested-With, Content-Type, Accept, Authorization', 'Content-Type': 'text/html; charset=utf-8', 'Content-Length': '57', 'ETag': 'W/"39-DMaoXXduy/h67B6IIx7+UJD7r5I"', 'Date': 'Fri, 11 Nov 2022 11:57:39 GMT', 'Connection': 'keep-alive'} 
 body={"status_code":"COG-ERR-010","description":"Login error"} 
 </msg>
<msg timestamp="20221111 17:27:39.927" level="INFO">${response} = &lt;Response [400]&gt;</msg>
<status status="PASS" starttime="20221111 17:27:39.083" endtime="20221111 17:27:39.927"/>
</kw>
<kw name="Status Should Be" library="RequestsLibrary">
<arg>${expected_status_code}</arg>
<arg>${response}</arg>
<doc>Fails if response status code is different than the expected.</doc>
<status status="PASS" starttime="20221111 17:27:39.928" endtime="20221111 17:27:39.928"/>
</kw>
<kw name="Evaluate" library="BuiltIn">
<var>${res}</var>
<arg>json.loads("""${response.content}""")</arg>
<arg>json</arg>
<doc>Evaluates the given expression in Python and returns the result.</doc>
<msg timestamp="20221111 17:27:39.930" level="INFO">${res} = {'status_code': 'COG-ERR-010', 'description': 'Login error'}</msg>
<status status="PASS" starttime="20221111 17:27:39.928" endtime="20221111 17:27:39.930"/>
</kw>
<kw name="Get Current Date" library="DateTime">
<var>${time_after_api_call}</var>
<doc>Returns current local or UTC time with an optional increment.</doc>
<msg timestamp="20221111 17:27:39.930" level="INFO">${time_after_api_call} = 2022-11-11 17:27:39.930</msg>
<status status="PASS" starttime="20221111 17:27:39.930" endtime="20221111 17:27:39.930"/>
</kw>
<msg timestamp="20221111 17:27:39.931" level="INFO">${response} = ['2022-11-11 17:27:39.082', '2022-11-11 17:27:39.930', {'status_code': 'COG-ERR-010', 'description': 'Login error'}]</msg>
<status status="PASS" starttime="20221111 17:27:39.081" endtime="20221111 17:27:39.931"/>
</kw>
<kw name="Validate negative response" library="common_keywords">
<arg>${response}</arg>
<tag>Validate negative response</tag>
<doc>This key word is used to validate negative response schema
Author-Veeresh</doc>
<kw name="Set Variable" library="BuiltIn">
<var>${time_before_api_call}</var>
<arg>${response}[0]</arg>
<doc>Returns the given values which can then be assigned to a variables.</doc>
<msg timestamp="20221111 17:27:39.932" level="INFO">${time_before_api_call} = 2022-11-11 17:27:39.082</msg>
<status status="PASS" starttime="20221111 17:27:39.931" endtime="20221111 17:27:39.932"/>
</kw>
<kw name="Set Variable" library="BuiltIn">
<var>${time_after_api_call}</var>
<arg>${response}[1]</arg>
<doc>Returns the given values which can then be assigned to a variables.</doc>
<msg timestamp="20221111 17:27:39.932" level="INFO">${time_after_api_call} = 2022-11-11 17:27:39.930</msg>
<status status="PASS" starttime="20221111 17:27:39.932" endtime="20221111 17:27:39.933"/>
</kw>
<kw name="Set Variable" library="BuiltIn">
<var>${res}</var>
<arg>${response}[2]</arg>
<doc>Returns the given values which can then be assigned to a variables.</doc>
<msg timestamp="20221111 17:27:39.933" level="INFO">${res} = {'status_code': 'COG-ERR-010', 'description': 'Login error'}</msg>
<status status="PASS" starttime="20221111 17:27:39.933" endtime="20221111 17:27:39.933"/>
</kw>
<kw name="Validate Execution time" library="common_keywords">
<arg>${time_before_api_call}</arg>
<arg>${time_after_api_call}</arg>
<tag>Validate Execution time</tag>
<doc>This key word is used to validate the execution time
Author-Veeresh</doc>
<kw name="Subtract Date From Date" library="DateTime">
<var>${executiontime}</var>
<arg>${time_after_api_call}</arg>
<arg>${time_before_api_call}</arg>
<doc>Subtracts date from another date and returns time between.</doc>
<msg timestamp="20221111 17:27:39.934" level="INFO">${executiontime} = 0.848</msg>
<status status="PASS" starttime="20221111 17:27:39.934" endtime="20221111 17:27:39.934"/>
</kw>
<if>
<branch type="IF" condition="${executiontime} &gt;= 2">
<kw name="Fail" library="BuiltIn">
<doc>Fails the test with the given message and optionally alters its tags.</doc>
<status status="NOT RUN" starttime="20221111 17:27:39.935" endtime="20221111 17:27:39.935"/>
</kw>
<status status="NOT RUN" starttime="20221111 17:27:39.935" endtime="20221111 17:27:39.935"/>
</branch>
<status status="PASS" starttime="20221111 17:27:39.934" endtime="20221111 17:27:39.935"/>
</if>
<status status="PASS" starttime="20221111 17:27:39.933" endtime="20221111 17:27:39.935"/>
</kw>
<kw name="Set Variable" library="BuiltIn">
<var>${expected_response_lenghth}</var>
<arg>2</arg>
<doc>Returns the given values which can then be assigned to a variables.</doc>
<msg timestamp="20221111 17:27:39.935" level="INFO">${expected_response_lenghth} = 2</msg>
<status status="PASS" starttime="20221111 17:27:39.935" endtime="20221111 17:27:39.935"/>
</kw>
<kw name="Validate Schema length" library="common_keywords">
<arg>${res}</arg>
<arg>${expected_response_lenghth}</arg>
<tag>Validate Schema</tag>
<doc>This keyword is used to validate the schema
Author-Veeresh</doc>
<kw name="Get Length" library="BuiltIn">
<var>${length_of_resp}</var>
<arg>${response}</arg>
<doc>Returns and logs the length of the given item as an integer.</doc>
<msg timestamp="20221111 17:27:39.936" level="INFO">Length is 2</msg>
<msg timestamp="20221111 17:27:39.937" level="INFO">${length_of_resp} = 2</msg>
<status status="PASS" starttime="20221111 17:27:39.936" endtime="20221111 17:27:39.937"/>
</kw>
<if>
<branch type="IF" condition="${length_of_resp} != ${expected_response_lenghth}">
<kw name="Fail" library="BuiltIn">
<doc>Fails the test with the given message and optionally alters its tags.</doc>
<status status="NOT RUN" starttime="20221111 17:27:39.937" endtime="20221111 17:27:39.937"/>
</kw>
<status status="NOT RUN" starttime="20221111 17:27:39.937" endtime="20221111 17:27:39.937"/>
</branch>
<status status="PASS" starttime="20221111 17:27:39.937" endtime="20221111 17:27:39.937"/>
</if>
<status status="PASS" starttime="20221111 17:27:39.936" endtime="20221111 17:27:39.937"/>
</kw>
<if>
<branch type="IF" condition="&quot;${res['status_code']}&quot; != &quot;COG-ERR-010&quot;">
<kw name="Fail" library="BuiltIn">
<doc>Fails the test with the given message and optionally alters its tags.</doc>
<status status="NOT RUN" starttime="20221111 17:27:39.938" endtime="20221111 17:27:39.938"/>
</kw>
<status status="NOT RUN" starttime="20221111 17:27:39.938" endtime="20221111 17:27:39.938"/>
</branch>
<status status="PASS" starttime="20221111 17:27:39.938" endtime="20221111 17:27:39.938"/>
</if>
<if>
<branch type="IF" condition="&quot;${res['description']}&quot; != &quot;Login error&quot;">
<kw name="Fail" library="BuiltIn">
<doc>Fails the test with the given message and optionally alters its tags.</doc>
<status status="NOT RUN" starttime="20221111 17:27:39.939" endtime="20221111 17:27:39.939"/>
</kw>
<status status="NOT RUN" starttime="20221111 17:27:39.939" endtime="20221111 17:27:39.939"/>
</branch>
<status status="PASS" starttime="20221111 17:27:39.938" endtime="20221111 17:27:39.939"/>
</if>
<kw name="Validate data type and length for given key" library="common_keywords">
<arg>${res['status_code']}</arg>
<arg>&lt;class 'str'&gt;</arg>
<arg>11</arg>
<doc>This keyword is used to validate data type and lenght of a key in given response
Author-Veeresh</doc>
<kw name="Evaluate" library="BuiltIn">
<var>${key_data_type}</var>
<arg>type("${key}")</arg>
<doc>Evaluates the given expression in Python and returns the result.</doc>
<msg timestamp="20221111 17:27:39.941" level="INFO">${key_data_type} = &lt;class 'str'&gt;</msg>
<status status="PASS" starttime="20221111 17:27:39.940" endtime="20221111 17:27:39.941"/>
</kw>
<if>
<branch type="IF" condition="&quot;${key_data_type}&quot; != &quot;${expected_key_data_type}&quot;">
<kw name="Fail" library="BuiltIn">
<doc>Fails the test with the given message and optionally alters its tags.</doc>
<status status="NOT RUN" starttime="20221111 17:27:39.941" endtime="20221111 17:27:39.941"/>
</kw>
<status status="NOT RUN" starttime="20221111 17:27:39.941" endtime="20221111 17:27:39.941"/>
</branch>
<status status="PASS" starttime="20221111 17:27:39.941" endtime="20221111 17:27:39.941"/>
</if>
<kw name="Get Length" library="BuiltIn">
<var>${key_len}</var>
<arg>${key}</arg>
<doc>Returns and logs the length of the given item as an integer.</doc>
<msg timestamp="20221111 17:27:39.942" level="INFO">Length is 11</msg>
<msg timestamp="20221111 17:27:39.942" level="INFO">${key_len} = 11</msg>
<status status="PASS" starttime="20221111 17:27:39.941" endtime="20221111 17:27:39.942"/>
</kw>
<if>
<branch type="IF" condition="${key_len} != ${expected_key_data_length}">
<kw name="Fail" library="BuiltIn">
<doc>Fails the test with the given message and optionally alters its tags.</doc>
<status status="NOT RUN" starttime="20221111 17:27:39.942" endtime="20221111 17:27:39.942"/>
</kw>
<status status="NOT RUN" starttime="20221111 17:27:39.942" endtime="20221111 17:27:39.942"/>
</branch>
<status status="PASS" starttime="20221111 17:27:39.942" endtime="20221111 17:27:39.942"/>
</if>
<status status="PASS" starttime="20221111 17:27:39.939" endtime="20221111 17:27:39.942"/>
</kw>
<kw name="Validate data type and length for given key" library="common_keywords">
<arg>${res['description']}</arg>
<arg>&lt;class 'str'&gt;</arg>
<arg>11</arg>
<doc>This keyword is used to validate data type and lenght of a key in given response
Author-Veeresh</doc>
<kw name="Evaluate" library="BuiltIn">
<var>${key_data_type}</var>
<arg>type("${key}")</arg>
<doc>Evaluates the given expression in Python and returns the result.</doc>
<msg timestamp="20221111 17:27:39.944" level="INFO">${key_data_type} = &lt;class 'str'&gt;</msg>
<status status="PASS" starttime="20221111 17:27:39.944" endtime="20221111 17:27:39.944"/>
</kw>
<if>
<branch type="IF" condition="&quot;${key_data_type}&quot; != &quot;${expected_key_data_type}&quot;">
<kw name="Fail" library="BuiltIn">
<doc>Fails the test with the given message and optionally alters its tags.</doc>
<status status="NOT RUN" starttime="20221111 17:27:39.944" endtime="20221111 17:27:39.944"/>
</kw>
<status status="NOT RUN" starttime="20221111 17:27:39.944" endtime="20221111 17:27:39.944"/>
</branch>
<status status="PASS" starttime="20221111 17:27:39.944" endtime="20221111 17:27:39.945"/>
</if>
<kw name="Get Length" library="BuiltIn">
<var>${key_len}</var>
<arg>${key}</arg>
<doc>Returns and logs the length of the given item as an integer.</doc>
<msg timestamp="20221111 17:27:39.945" level="INFO">Length is 11</msg>
<msg timestamp="20221111 17:27:39.945" level="INFO">${key_len} = 11</msg>
<status status="PASS" starttime="20221111 17:27:39.945" endtime="20221111 17:27:39.945"/>
</kw>
<if>
<branch type="IF" condition="${key_len} != ${expected_key_data_length}">
<kw name="Fail" library="BuiltIn">
<doc>Fails the test with the given message and optionally alters its tags.</doc>
<status status="NOT RUN" starttime="20221111 17:27:39.945" endtime="20221111 17:27:39.945"/>
</kw>
<status status="NOT RUN" starttime="20221111 17:27:39.945" endtime="20221111 17:27:39.946"/>
</branch>
<status status="PASS" starttime="20221111 17:27:39.945" endtime="20221111 17:27:39.946"/>
</if>
<status status="PASS" starttime="20221111 17:27:39.943" endtime="20221111 17:27:39.946"/>
</kw>
<status status="PASS" starttime="20221111 17:27:39.931" endtime="20221111 17:27:39.946"/>
</kw>
<doc>Test to check negative sign in scenario - Valid Email address empty password
Author-Veeresh</doc>
<tag>negative</tag>
<tag>Sign In Negative Test Case Empty value for Email address empty value for password</tag>
<timeout value="5 seconds"/>
<status status="PASS" starttime="20221111 17:27:39.079" endtime="20221111 17:27:39.946"/>
</test>
<test id="s1-t6" name="Sign In Negative Test Case Invalid value for Email address valid value for password" line="58">
<kw name="Set Variable" library="BuiltIn">
<var>${expected_status_code}</var>
<arg>400</arg>
<doc>Returns the given values which can then be assigned to a variables.</doc>
<msg timestamp="20221111 17:27:39.947" level="INFO">${expected_status_code} = 400</msg>
<status status="PASS" starttime="20221111 17:27:39.947" endtime="20221111 17:27:39.947"/>
</kw>
<kw name="Create Dictionary" library="BuiltIn">
<var>&amp;{data}</var>
<arg>email=${invalid_email}</arg>
<arg>password=$${password}</arg>
<doc>Creates and returns a dictionary based on the given ``items``.</doc>
<msg timestamp="20221111 17:27:39.948" level="INFO">&amp;{data} = { email=sagar4@amagi.com" | password=$Amagi@123 }</msg>
<status status="PASS" starttime="20221111 17:27:39.948" endtime="20221111 17:27:39.948"/>
</kw>
<kw name="Set Variable" library="BuiltIn">
<var>${path}</var>
<arg>login</arg>
<doc>Returns the given values which can then be assigned to a variables.</doc>
<msg timestamp="20221111 17:27:39.949" level="INFO">${path} = login</msg>
<status status="PASS" starttime="20221111 17:27:39.948" endtime="20221111 17:27:39.949"/>
</kw>
<kw name="Make Post Request and validate response code" library="common_keywords">
<var>${response}</var>
<arg>${expected_status_code}</arg>
<arg>${path}</arg>
<arg>&amp;{data}</arg>
<tag>Make Post Request and validate response code</tag>
<doc>This Key word is used to make API requests
Author-Veeresh</doc>
<kw name="Create Dictionary" library="BuiltIn">
<var>&amp;{headers}</var>
<arg>Content-Type=application/json</arg>
<doc>Creates and returns a dictionary based on the given ``items``.</doc>
<msg timestamp="20221111 17:27:39.950" level="INFO">&amp;{headers} = { Content-Type=application/json }</msg>
<status status="PASS" starttime="20221111 17:27:39.950" endtime="20221111 17:27:39.950"/>
</kw>
<kw name="Get Current Date" library="DateTime">
<var>${time_before_api_call}</var>
<doc>Returns current local or UTC time with an optional increment.</doc>
<msg timestamp="20221111 17:27:39.950" level="INFO">${time_before_api_call} = 2022-11-11 17:27:39.950</msg>
<status status="PASS" starttime="20221111 17:27:39.950" endtime="20221111 17:27:39.950"/>
</kw>
<kw name="POST" library="RequestsLibrary">
<var>${response}</var>
<arg>url=${url}/${path}</arg>
<arg>json=&amp;{data}</arg>
<arg>headers=&amp;{headers}</arg>
<arg>expected_status=${expected_status_code}</arg>
<doc>Sends a POST request.</doc>
<msg timestamp="20221111 17:27:40.875" level="INFO">POST Request : url=http://34.236.189.23:31100/login 
 path_url=/login 
 headers={'User-Agent': 'python-requests/2.26.0', 'Accept-Encoding': 'gzip, deflate', 'Accept': '*/*', 'Connection': 'keep-alive', 'Content-Type': 'application/json', 'Content-Length': '57'} 
 body=b'{"email": "sagar4@amagi.com\\"", "password": "$Amagi@123"}' 
 </msg>
<msg timestamp="20221111 17:27:40.875" level="INFO">POST Response : url=http://34.236.189.23:31100/login 
 status=400, reason=Bad Request 
 headers={'X-Powered-By': 'Express', 'Access-Control-Allow-Origin': '*', 'Access-Control-Allow-Headers': 'Origin, X-Requested-With, Content-Type, Accept, Authorization', 'Content-Type': 'text/html; charset=utf-8', 'Content-Length': '57', 'ETag': 'W/"39-DMaoXXduy/h67B6IIx7+UJD7r5I"', 'Date': 'Fri, 11 Nov 2022 11:57:40 GMT', 'Connection': 'keep-alive'} 
 body={"status_code":"COG-ERR-010","description":"Login error"} 
 </msg>
<msg timestamp="20221111 17:27:40.876" level="INFO">${response} = &lt;Response [400]&gt;</msg>
<status status="PASS" starttime="20221111 17:27:39.951" endtime="20221111 17:27:40.876"/>
</kw>
<kw name="Status Should Be" library="RequestsLibrary">
<arg>${expected_status_code}</arg>
<arg>${response}</arg>
<doc>Fails if response status code is different than the expected.</doc>
<status status="PASS" starttime="20221111 17:27:40.876" endtime="20221111 17:27:40.877"/>
</kw>
<kw name="Evaluate" library="BuiltIn">
<var>${res}</var>
<arg>json.loads("""${response.content}""")</arg>
<arg>json</arg>
<doc>Evaluates the given expression in Python and returns the result.</doc>
<msg timestamp="20221111 17:27:40.878" level="INFO">${res} = {'status_code': 'COG-ERR-010', 'description': 'Login error'}</msg>
<status status="PASS" starttime="20221111 17:27:40.877" endtime="20221111 17:27:40.878"/>
</kw>
<kw name="Get Current Date" library="DateTime">
<var>${time_after_api_call}</var>
<doc>Returns current local or UTC time with an optional increment.</doc>
<msg timestamp="20221111 17:27:40.879" level="INFO">${time_after_api_call} = 2022-11-11 17:27:40.879</msg>
<status status="PASS" starttime="20221111 17:27:40.878" endtime="20221111 17:27:40.879"/>
</kw>
<msg timestamp="20221111 17:27:40.879" level="INFO">${response} = ['2022-11-11 17:27:39.950', '2022-11-11 17:27:40.879', {'status_code': 'COG-ERR-010', 'description': 'Login error'}]</msg>
<status status="PASS" starttime="20221111 17:27:39.949" endtime="20221111 17:27:40.879"/>
</kw>
<kw name="Validate negative response" library="common_keywords">
<arg>${response}</arg>
<tag>Validate negative response</tag>
<doc>This key word is used to validate negative response schema
Author-Veeresh</doc>
<kw name="Set Variable" library="BuiltIn">
<var>${time_before_api_call}</var>
<arg>${response}[0]</arg>
<doc>Returns the given values which can then be assigned to a variables.</doc>
<msg timestamp="20221111 17:27:40.880" level="INFO">${time_before_api_call} = 2022-11-11 17:27:39.950</msg>
<status status="PASS" starttime="20221111 17:27:40.880" endtime="20221111 17:27:40.880"/>
</kw>
<kw name="Set Variable" library="BuiltIn">
<var>${time_after_api_call}</var>
<arg>${response}[1]</arg>
<doc>Returns the given values which can then be assigned to a variables.</doc>
<msg timestamp="20221111 17:27:40.881" level="INFO">${time_after_api_call} = 2022-11-11 17:27:40.879</msg>
<status status="PASS" starttime="20221111 17:27:40.880" endtime="20221111 17:27:40.881"/>
</kw>
<kw name="Set Variable" library="BuiltIn">
<var>${res}</var>
<arg>${response}[2]</arg>
<doc>Returns the given values which can then be assigned to a variables.</doc>
<msg timestamp="20221111 17:27:40.881" level="INFO">${res} = {'status_code': 'COG-ERR-010', 'description': 'Login error'}</msg>
<status status="PASS" starttime="20221111 17:27:40.881" endtime="20221111 17:27:40.881"/>
</kw>
<kw name="Validate Execution time" library="common_keywords">
<arg>${time_before_api_call}</arg>
<arg>${time_after_api_call}</arg>
<tag>Validate Execution time</tag>
<doc>This key word is used to validate the execution time
Author-Veeresh</doc>
<kw name="Subtract Date From Date" library="DateTime">
<var>${executiontime}</var>
<arg>${time_after_api_call}</arg>
<arg>${time_before_api_call}</arg>
<doc>Subtracts date from another date and returns time between.</doc>
<msg timestamp="20221111 17:27:40.883" level="INFO">${executiontime} = 0.929</msg>
<status status="PASS" starttime="20221111 17:27:40.882" endtime="20221111 17:27:40.883"/>
</kw>
<if>
<branch type="IF" condition="${executiontime} &gt;= 2">
<kw name="Fail" library="BuiltIn">
<doc>Fails the test with the given message and optionally alters its tags.</doc>
<status status="NOT RUN" starttime="20221111 17:27:40.883" endtime="20221111 17:27:40.883"/>
</kw>
<status status="NOT RUN" starttime="20221111 17:27:40.883" endtime="20221111 17:27:40.883"/>
</branch>
<status status="PASS" starttime="20221111 17:27:40.883" endtime="20221111 17:27:40.883"/>
</if>
<status status="PASS" starttime="20221111 17:27:40.882" endtime="20221111 17:27:40.883"/>
</kw>
<kw name="Set Variable" library="BuiltIn">
<var>${expected_response_lenghth}</var>
<arg>2</arg>
<doc>Returns the given values which can then be assigned to a variables.</doc>
<msg timestamp="20221111 17:27:40.884" level="INFO">${expected_response_lenghth} = 2</msg>
<status status="PASS" starttime="20221111 17:27:40.883" endtime="20221111 17:27:40.884"/>
</kw>
<kw name="Validate Schema length" library="common_keywords">
<arg>${res}</arg>
<arg>${expected_response_lenghth}</arg>
<tag>Validate Schema</tag>
<doc>This keyword is used to validate the schema
Author-Veeresh</doc>
<kw name="Get Length" library="BuiltIn">
<var>${length_of_resp}</var>
<arg>${response}</arg>
<doc>Returns and logs the length of the given item as an integer.</doc>
<msg timestamp="20221111 17:27:40.885" level="INFO">Length is 2</msg>
<msg timestamp="20221111 17:27:40.885" level="INFO">${length_of_resp} = 2</msg>
<status status="PASS" starttime="20221111 17:27:40.884" endtime="20221111 17:27:40.885"/>
</kw>
<if>
<branch type="IF" condition="${length_of_resp} != ${expected_response_lenghth}">
<kw name="Fail" library="BuiltIn">
<doc>Fails the test with the given message and optionally alters its tags.</doc>
<status status="NOT RUN" starttime="20221111 17:27:40.885" endtime="20221111 17:27:40.885"/>
</kw>
<status status="NOT RUN" starttime="20221111 17:27:40.885" endtime="20221111 17:27:40.885"/>
</branch>
<status status="PASS" starttime="20221111 17:27:40.885" endtime="20221111 17:27:40.885"/>
</if>
<status status="PASS" starttime="20221111 17:27:40.884" endtime="20221111 17:27:40.886"/>
</kw>
<if>
<branch type="IF" condition="&quot;${res['status_code']}&quot; != &quot;COG-ERR-010&quot;">
<kw name="Fail" library="BuiltIn">
<doc>Fails the test with the given message and optionally alters its tags.</doc>
<status status="NOT RUN" starttime="20221111 17:27:40.886" endtime="20221111 17:27:40.886"/>
</kw>
<status status="NOT RUN" starttime="20221111 17:27:40.886" endtime="20221111 17:27:40.886"/>
</branch>
<status status="PASS" starttime="20221111 17:27:40.886" endtime="20221111 17:27:40.886"/>
</if>
<if>
<branch type="IF" condition="&quot;${res['description']}&quot; != &quot;Login error&quot;">
<kw name="Fail" library="BuiltIn">
<doc>Fails the test with the given message and optionally alters its tags.</doc>
<status status="NOT RUN" starttime="20221111 17:27:40.887" endtime="20221111 17:27:40.887"/>
</kw>
<status status="NOT RUN" starttime="20221111 17:27:40.887" endtime="20221111 17:27:40.887"/>
</branch>
<status status="PASS" starttime="20221111 17:27:40.887" endtime="20221111 17:27:40.887"/>
</if>
<kw name="Validate data type and length for given key" library="common_keywords">
<arg>${res['status_code']}</arg>
<arg>&lt;class 'str'&gt;</arg>
<arg>11</arg>
<doc>This keyword is used to validate data type and lenght of a key in given response
Author-Veeresh</doc>
<kw name="Evaluate" library="BuiltIn">
<var>${key_data_type}</var>
<arg>type("${key}")</arg>
<doc>Evaluates the given expression in Python and returns the result.</doc>
<msg timestamp="20221111 17:27:40.889" level="INFO">${key_data_type} = &lt;class 'str'&gt;</msg>
<status status="PASS" starttime="20221111 17:27:40.888" endtime="20221111 17:27:40.889"/>
</kw>
<if>
<branch type="IF" condition="&quot;${key_data_type}&quot; != &quot;${expected_key_data_type}&quot;">
<kw name="Fail" library="BuiltIn">
<doc>Fails the test with the given message and optionally alters its tags.</doc>
<status status="NOT RUN" starttime="20221111 17:27:40.890" endtime="20221111 17:27:40.890"/>
</kw>
<status status="NOT RUN" starttime="20221111 17:27:40.889" endtime="20221111 17:27:40.890"/>
</branch>
<status status="PASS" starttime="20221111 17:27:40.889" endtime="20221111 17:27:40.890"/>
</if>
<kw name="Get Length" library="BuiltIn">
<var>${key_len}</var>
<arg>${key}</arg>
<doc>Returns and logs the length of the given item as an integer.</doc>
<msg timestamp="20221111 17:27:40.890" level="INFO">Length is 11</msg>
<msg timestamp="20221111 17:27:40.890" level="INFO">${key_len} = 11</msg>
<status status="PASS" starttime="20221111 17:27:40.890" endtime="20221111 17:27:40.890"/>
</kw>
<if>
<branch type="IF" condition="${key_len} != ${expected_key_data_length}">
<kw name="Fail" library="BuiltIn">
<doc>Fails the test with the given message and optionally alters its tags.</doc>
<status status="NOT RUN" starttime="20221111 17:27:40.891" endtime="20221111 17:27:40.891"/>
</kw>
<status status="NOT RUN" starttime="20221111 17:27:40.890" endtime="20221111 17:27:40.891"/>
</branch>
<status status="PASS" starttime="20221111 17:27:40.890" endtime="20221111 17:27:40.891"/>
</if>
<status status="PASS" starttime="20221111 17:27:40.888" endtime="20221111 17:27:40.891"/>
</kw>
<kw name="Validate data type and length for given key" library="common_keywords">
<arg>${res['description']}</arg>
<arg>&lt;class 'str'&gt;</arg>
<arg>11</arg>
<doc>This keyword is used to validate data type and lenght of a key in given response
Author-Veeresh</doc>
<kw name="Evaluate" library="BuiltIn">
<var>${key_data_type}</var>
<arg>type("${key}")</arg>
<doc>Evaluates the given expression in Python and returns the result.</doc>
<msg timestamp="20221111 17:27:40.892" level="INFO">${key_data_type} = &lt;class 'str'&gt;</msg>
<status status="PASS" starttime="20221111 17:27:40.892" endtime="20221111 17:27:40.892"/>
</kw>
<if>
<branch type="IF" condition="&quot;${key_data_type}&quot; != &quot;${expected_key_data_type}&quot;">
<kw name="Fail" library="BuiltIn">
<doc>Fails the test with the given message and optionally alters its tags.</doc>
<status status="NOT RUN" starttime="20221111 17:27:40.893" endtime="20221111 17:27:40.893"/>
</kw>
<status status="NOT RUN" starttime="20221111 17:27:40.893" endtime="20221111 17:27:40.893"/>
</branch>
<status status="PASS" starttime="20221111 17:27:40.892" endtime="20221111 17:27:40.893"/>
</if>
<kw name="Get Length" library="BuiltIn">
<var>${key_len}</var>
<arg>${key}</arg>
<doc>Returns and logs the length of the given item as an integer.</doc>
<msg timestamp="20221111 17:27:40.893" level="INFO">Length is 11</msg>
<msg timestamp="20221111 17:27:40.893" level="INFO">${key_len} = 11</msg>
<status status="PASS" starttime="20221111 17:27:40.893" endtime="20221111 17:27:40.893"/>
</kw>
<if>
<branch type="IF" condition="${key_len} != ${expected_key_data_length}">
<kw name="Fail" library="BuiltIn">
[...]
</kw>
<kw name="Set Variable" library="BuiltIn">
<var>${time_after_api_call}</var>
<arg>${response}[1]</arg>
<doc>Returns the given values which can then be assigned to a variables.</doc>
<msg timestamp="20221111 17:28:03.899" level="INFO">${time_after_api_call} = 2022-11-11 17:28:03.897</msg>
<status status="PASS" starttime="20221111 17:28:03.899" endtime="20221111 17:28:03.899"/>
</kw>
<kw name="Set Variable" library="BuiltIn">
<var>${res}</var>
<arg>${response}[2]</arg>
<doc>Returns the given values which can then be assigned to a variables.</doc>
<msg timestamp="20221111 17:28:03.900" level="INFO">${res} = {'error': {'message': 'Not Found'}}</msg>
<status status="PASS" starttime="20221111 17:28:03.900" endtime="20221111 17:28:03.900"/>
</kw>
<kw name="Validate Execution time" library="common_keywords">
<arg>${time_before_api_call}</arg>
<arg>${time_after_api_call}</arg>
<tag>Validate Execution time</tag>
<doc>This key word is used to validate the execution time
Author-Veeresh</doc>
<kw name="Subtract Date From Date" library="DateTime">
<var>${executiontime}</var>
<arg>${time_after_api_call}</arg>
<arg>${time_before_api_call}</arg>
<doc>Subtracts date from another date and returns time between.</doc>
<msg timestamp="20221111 17:28:03.901" level="INFO">${executiontime} = 0.641</msg>
<status status="PASS" starttime="20221111 17:28:03.901" endtime="20221111 17:28:03.901"/>
</kw>
<if>
<branch type="IF" condition="${executiontime} &gt;= 2">
<kw name="Fail" library="BuiltIn">
<doc>Fails the test with the given message and optionally alters its tags.</doc>
<status status="NOT RUN" starttime="20221111 17:28:03.902" endtime="20221111 17:28:03.902"/>
</kw>
<status status="NOT RUN" starttime="20221111 17:28:03.901" endtime="20221111 17:28:03.902"/>
</branch>
<status status="PASS" starttime="20221111 17:28:03.901" endtime="20221111 17:28:03.902"/>
</if>
<status status="PASS" starttime="20221111 17:28:03.900" endtime="20221111 17:28:03.902"/>
</kw>
<kw name="Set Variable" library="BuiltIn">
<var>${expected_response_lenghth}</var>
<arg>1</arg>
<doc>Returns the given values which can then be assigned to a variables.</doc>
<msg timestamp="20221111 17:28:03.902" level="INFO">${expected_response_lenghth} = 1</msg>
<status status="PASS" starttime="20221111 17:28:03.902" endtime="20221111 17:28:03.902"/>
</kw>
<kw name="Validate Schema length" library="common_keywords">
<arg>${res}</arg>
<arg>${expected_response_lenghth}</arg>
<tag>Validate Schema</tag>
<doc>This keyword is used to validate the schema
Author-Veeresh</doc>
<kw name="Get Length" library="BuiltIn">
<var>${length_of_resp}</var>
<arg>${response}</arg>
<doc>Returns and logs the length of the given item as an integer.</doc>
<msg timestamp="20221111 17:28:03.903" level="INFO">Length is 1</msg>
<msg timestamp="20221111 17:28:03.904" level="INFO">${length_of_resp} = 1</msg>
<status status="PASS" starttime="20221111 17:28:03.903" endtime="20221111 17:28:03.904"/>
</kw>
<if>
<branch type="IF" condition="${length_of_resp} != ${expected_response_lenghth}">
<kw name="Fail" library="BuiltIn">
<doc>Fails the test with the given message and optionally alters its tags.</doc>
<status status="NOT RUN" starttime="20221111 17:28:03.904" endtime="20221111 17:28:03.904"/>
</kw>
<status status="NOT RUN" starttime="20221111 17:28:03.904" endtime="20221111 17:28:03.904"/>
</branch>
<status status="PASS" starttime="20221111 17:28:03.904" endtime="20221111 17:28:03.904"/>
</if>
<status status="PASS" starttime="20221111 17:28:03.903" endtime="20221111 17:28:03.904"/>
</kw>
<if>
<branch type="IF" condition="${res['error']} == &quot;${EMPTY}&quot;">
<kw name="Fail" library="BuiltIn">
<doc>Fails the test with the given message and optionally alters its tags.</doc>
<status status="NOT RUN" starttime="20221111 17:28:03.906" endtime="20221111 17:28:03.906"/>
</kw>
<status status="NOT RUN" starttime="20221111 17:28:03.905" endtime="20221111 17:28:03.906"/>
</branch>
<status status="PASS" starttime="20221111 17:28:03.904" endtime="20221111 17:28:03.906"/>
</if>
<status status="PASS" starttime="20221111 17:28:03.898" endtime="20221111 17:28:03.906"/>
</kw>
<doc>Test to check negative sign in scenario - Empty payload
Author-Veeresh</doc>
<tag>negative</tag>
<tag>Sign In Negative Case with Empty path</tag>
<timeout value="5 seconds"/>
<status status="PASS" starttime="20221111 17:28:03.251" endtime="20221111 17:28:03.906"/>
</test>
<test id="s1-t18" name="Sign In Negative Case with empty key for email" line="175">
<kw name="Set Variable" library="BuiltIn">
<var>${expected_status_code}</var>
<arg>400</arg>
<doc>Returns the given values which can then be assigned to a variables.</doc>
<msg timestamp="20221111 17:28:03.907" level="INFO">${expected_status_code} = 400</msg>
<status status="PASS" starttime="20221111 17:28:03.907" endtime="20221111 17:28:03.907"/>
</kw>
<kw name="Create Dictionary" library="BuiltIn">
<var>&amp;{data}</var>
<arg>${EMPTY}=${email}</arg>
<arg>password=${password}</arg>
<doc>Creates and returns a dictionary based on the given ``items``.</doc>
<msg timestamp="20221111 17:28:03.909" level="INFO">&amp;{data} = { =sagar3@amagi.com | password=Amagi@123 }</msg>
<status status="PASS" starttime="20221111 17:28:03.908" endtime="20221111 17:28:03.909"/>
</kw>
<kw name="Set Variable" library="BuiltIn">
<var>${path}</var>
<arg>login</arg>
<doc>Returns the given values which can then be assigned to a variables.</doc>
<msg timestamp="20221111 17:28:03.909" level="INFO">${path} = login</msg>
<status status="PASS" starttime="20221111 17:28:03.909" endtime="20221111 17:28:03.909"/>
</kw>
<kw name="Make Post Request and validate response code" library="common_keywords">
<var>${response}</var>
<arg>${expected_status_code}</arg>
<arg>${path}</arg>
<arg>&amp;{data}</arg>
<tag>Make Post Request and validate response code</tag>
<doc>This Key word is used to make API requests
Author-Veeresh</doc>
<kw name="Create Dictionary" library="BuiltIn">
<var>&amp;{headers}</var>
<arg>Content-Type=application/json</arg>
<doc>Creates and returns a dictionary based on the given ``items``.</doc>
<msg timestamp="20221111 17:28:03.911" level="INFO">&amp;{headers} = { Content-Type=application/json }</msg>
<status status="PASS" starttime="20221111 17:28:03.910" endtime="20221111 17:28:03.911"/>
</kw>
<kw name="Get Current Date" library="DateTime">
<var>${time_before_api_call}</var>
<doc>Returns current local or UTC time with an optional increment.</doc>
<msg timestamp="20221111 17:28:03.912" level="INFO">${time_before_api_call} = 2022-11-11 17:28:03.911</msg>
<status status="PASS" starttime="20221111 17:28:03.911" endtime="20221111 17:28:03.912"/>
</kw>
<kw name="POST" library="RequestsLibrary">
<var>${response}</var>
<arg>url=${url}/${path}</arg>
<arg>json=&amp;{data}</arg>
<arg>headers=&amp;{headers}</arg>
<arg>expected_status=${expected_status_code}</arg>
<doc>Sends a POST request.</doc>
<msg timestamp="20221111 17:28:08.908" level="FAIL">Test timeout 5 seconds exceeded.</msg>
<status status="FAIL" starttime="20221111 17:28:03.912" endtime="20221111 17:28:08.908"/>
</kw>
<kw name="Status Should Be" library="RequestsLibrary">
<arg>${expected_status_code}</arg>
<arg>${response}</arg>
<doc>Fails if response status code is different than the expected.</doc>
<status status="NOT RUN" starttime="20221111 17:28:08.908" endtime="20221111 17:28:08.908"/>
</kw>
<kw name="Evaluate" library="BuiltIn">
<var>${res}</var>
<arg>json.loads("""${response.content}""")</arg>
<arg>json</arg>
<doc>Evaluates the given expression in Python and returns the result.</doc>
<status status="NOT RUN" starttime="20221111 17:28:08.909" endtime="20221111 17:28:08.909"/>
</kw>
<kw name="Get Current Date" library="DateTime">
<var>${time_after_api_call}</var>
<doc>Returns current local or UTC time with an optional increment.</doc>
<status status="NOT RUN" starttime="20221111 17:28:08.909" endtime="20221111 17:28:08.909"/>
</kw>
<status status="FAIL" starttime="20221111 17:28:03.910" endtime="20221111 17:28:08.909"/>
</kw>
<doc>Test to check negative sign in scenario - Empty key for email
Author-Veeresh</doc>
<tag>negative</tag>
<tag>Sign In Negative Case with empty key for email</tag>
<timeout value="5 seconds"/>
<status status="FAIL" starttime="20221111 17:28:03.906" endtime="20221111 17:28:08.910">Test timeout 5 seconds exceeded.</status>
</test>
<test id="s1-t19" name="Sign In Negative Case with empty key for password and email" line="184">
<kw name="Set Variable" library="BuiltIn">
<var>${expected_status_code}</var>
<arg>400</arg>
<doc>Returns the given values which can then be assigned to a variables.</doc>
<msg timestamp="20221111 17:28:08.912" level="INFO">${expected_status_code} = 400</msg>
<status status="PASS" starttime="20221111 17:28:08.911" endtime="20221111 17:28:08.912"/>
</kw>
<kw name="Create Dictionary" library="BuiltIn">
<var>&amp;{data}</var>
<arg>${EMPTY}=${email}</arg>
<arg>${EMPTY}=${password}</arg>
<doc>Creates and returns a dictionary based on the given ``items``.</doc>
<msg timestamp="20221111 17:28:08.914" level="INFO">&amp;{data} = { =Amagi@123 }</msg>
<status status="PASS" starttime="20221111 17:28:08.912" endtime="20221111 17:28:08.914"/>
</kw>
<kw name="Set Variable" library="BuiltIn">
<var>${path}</var>
<arg>login</arg>
<doc>Returns the given values which can then be assigned to a variables.</doc>
<msg timestamp="20221111 17:28:08.914" level="INFO">${path} = login</msg>
<status status="PASS" starttime="20221111 17:28:08.914" endtime="20221111 17:28:08.914"/>
</kw>
<kw name="Make Post Request and validate response code" library="common_keywords">
<var>${response}</var>
<arg>${expected_status_code}</arg>
<arg>${path}</arg>
<arg>&amp;{data}</arg>
<tag>Make Post Request and validate response code</tag>
<doc>This Key word is used to make API requests
Author-Veeresh</doc>
<kw name="Create Dictionary" library="BuiltIn">
<var>&amp;{headers}</var>
<arg>Content-Type=application/json</arg>
<doc>Creates and returns a dictionary based on the given ``items``.</doc>
<msg timestamp="20221111 17:28:08.915" level="INFO">&amp;{headers} = { Content-Type=application/json }</msg>
<status status="PASS" starttime="20221111 17:28:08.915" endtime="20221111 17:28:08.915"/>
</kw>
<kw name="Get Current Date" library="DateTime">
<var>${time_before_api_call}</var>
<doc>Returns current local or UTC time with an optional increment.</doc>
<msg timestamp="20221111 17:28:08.916" level="INFO">${time_before_api_call} = 2022-11-11 17:28:08.916</msg>
<status status="PASS" starttime="20221111 17:28:08.916" endtime="20221111 17:28:08.916"/>
</kw>
<kw name="POST" library="RequestsLibrary">
<var>${response}</var>
<arg>url=${url}/${path}</arg>
<arg>json=&amp;{data}</arg>
<arg>headers=&amp;{headers}</arg>
<arg>expected_status=${expected_status_code}</arg>
<doc>Sends a POST request.</doc>
<msg timestamp="20221111 17:28:13.914" level="FAIL">Test timeout 5 seconds exceeded.</msg>
<status status="FAIL" starttime="20221111 17:28:08.916" endtime="20221111 17:28:13.914"/>
</kw>
<kw name="Status Should Be" library="RequestsLibrary">
<arg>${expected_status_code}</arg>
<arg>${response}</arg>
<doc>Fails if response status code is different than the expected.</doc>
<status status="NOT RUN" starttime="20221111 17:28:13.914" endtime="20221111 17:28:13.914"/>
</kw>
<kw name="Evaluate" library="BuiltIn">
<var>${res}</var>
<arg>json.loads("""${response.content}""")</arg>
<arg>json</arg>
<doc>Evaluates the given expression in Python and returns the result.</doc>
<status status="NOT RUN" starttime="20221111 17:28:13.914" endtime="20221111 17:28:13.914"/>
</kw>
<kw name="Get Current Date" library="DateTime">
<var>${time_after_api_call}</var>
<doc>Returns current local or UTC time with an optional increment.</doc>
<status status="NOT RUN" starttime="20221111 17:28:13.914" endtime="20221111 17:28:13.914"/>
</kw>
<status status="FAIL" starttime="20221111 17:28:08.914" endtime="20221111 17:28:13.914"/>
</kw>
<doc>Test to check negative sign in scenario - Empty key for email
Author-Veeresh</doc>
<tag>negative</tag>
<tag>Sign In Negative Case with empty key for password and email</tag>
<timeout value="5 seconds"/>
<status status="FAIL" starttime="20221111 17:28:08.910" endtime="20221111 17:28:13.915">Test timeout 5 seconds exceeded.</status>
</test>
<test id="s1-t20" name="Sign In Negative Case with empty key for password" line="193">
<kw name="Set Variable" library="BuiltIn">
<var>${expected_status_code}</var>
<arg>400</arg>
<doc>Returns the given values which can then be assigned to a variables.</doc>
<msg timestamp="20221111 17:28:13.917" level="INFO">${expected_status_code} = 400</msg>
<status status="PASS" starttime="20221111 17:28:13.917" endtime="20221111 17:28:13.917"/>
</kw>
<kw name="Create Dictionary" library="BuiltIn">
<var>&amp;{data}</var>
<arg>email=${email}</arg>
<arg>${EMPTY}=${password}</arg>
<doc>Creates and returns a dictionary based on the given ``items``.</doc>
<msg timestamp="20221111 17:28:13.918" level="INFO">&amp;{data} = { email=sagar3@amagi.com | =Amagi@123 }</msg>
<status status="PASS" starttime="20221111 17:28:13.917" endtime="20221111 17:28:13.918"/>
</kw>
<kw name="Set Variable" library="BuiltIn">
<var>${path}</var>
<arg>login</arg>
<doc>Returns the given values which can then be assigned to a variables.</doc>
<msg timestamp="20221111 17:28:13.919" level="INFO">${path} = login</msg>
<status status="PASS" starttime="20221111 17:28:13.918" endtime="20221111 17:28:13.919"/>
</kw>
<kw name="Make Post Request and validate response code" library="common_keywords">
<var>${response}</var>
<arg>${expected_status_code}</arg>
<arg>${path}</arg>
<arg>&amp;{data}</arg>
<tag>Make Post Request and validate response code</tag>
<doc>This Key word is used to make API requests
Author-Veeresh</doc>
<kw name="Create Dictionary" library="BuiltIn">
<var>&amp;{headers}</var>
<arg>Content-Type=application/json</arg>
<doc>Creates and returns a dictionary based on the given ``items``.</doc>
<msg timestamp="20221111 17:28:13.920" level="INFO">&amp;{headers} = { Content-Type=application/json }</msg>
<status status="PASS" starttime="20221111 17:28:13.920" endtime="20221111 17:28:13.920"/>
</kw>
<kw name="Get Current Date" library="DateTime">
<var>${time_before_api_call}</var>
<doc>Returns current local or UTC time with an optional increment.</doc>
<msg timestamp="20221111 17:28:13.920" level="INFO">${time_before_api_call} = 2022-11-11 17:28:13.920</msg>
<status status="PASS" starttime="20221111 17:28:13.920" endtime="20221111 17:28:13.920"/>
</kw>
<kw name="POST" library="RequestsLibrary">
<var>${response}</var>
<arg>url=${url}/${path}</arg>
<arg>json=&amp;{data}</arg>
<arg>headers=&amp;{headers}</arg>
<arg>expected_status=${expected_status_code}</arg>
<doc>Sends a POST request.</doc>
<msg timestamp="20221111 17:28:15.026" level="INFO">POST Request : url=http://34.236.189.23:31100/login 
 path_url=/login 
 headers={'User-Agent': 'python-requests/2.26.0', 'Accept-Encoding': 'gzip, deflate', 'Accept': '*/*', 'Connection': 'keep-alive', 'Content-Type': 'application/json', 'Content-Length': '46'} 
 body=b'{"email": "sagar3@amagi.com", "": "Amagi@123"}' 
 </msg>
<msg timestamp="20221111 17:28:15.026" level="INFO">POST Response : url=http://34.236.189.23:31100/login 
 status=400, reason=Bad Request 
 headers={'X-Powered-By': 'Express', 'Access-Control-Allow-Origin': '*', 'Access-Control-Allow-Headers': 'Origin, X-Requested-With, Content-Type, Accept, Authorization', 'Content-Type': 'text/html; charset=utf-8', 'Content-Length': '57', 'ETag': 'W/"39-DMaoXXduy/h67B6IIx7+UJD7r5I"', 'Date': 'Fri, 11 Nov 2022 11:58:14 GMT', 'Connection': 'keep-alive'} 
 body={"status_code":"COG-ERR-010","description":"Login error"} 
 </msg>
<msg timestamp="20221111 17:28:15.026" level="INFO">${response} = &lt;Response [400]&gt;</msg>
<status status="PASS" starttime="20221111 17:28:13.921" endtime="20221111 17:28:15.026"/>
</kw>
<kw name="Status Should Be" library="RequestsLibrary">
<arg>${expected_status_code}</arg>
<arg>${response}</arg>
<doc>Fails if response status code is different than the expected.</doc>
<status status="PASS" starttime="20221111 17:28:15.026" endtime="20221111 17:28:15.027"/>
</kw>
<kw name="Evaluate" library="BuiltIn">
<var>${res}</var>
<arg>json.loads("""${response.content}""")</arg>
<arg>json</arg>
<doc>Evaluates the given expression in Python and returns the result.</doc>
<msg timestamp="20221111 17:28:15.028" level="INFO">${res} = {'status_code': 'COG-ERR-010', 'description': 'Login error'}</msg>
<status status="PASS" starttime="20221111 17:28:15.027" endtime="20221111 17:28:15.028"/>
</kw>
<kw name="Get Current Date" library="DateTime">
<var>${time_after_api_call}</var>
<doc>Returns current local or UTC time with an optional increment.</doc>
<msg timestamp="20221111 17:28:15.029" level="INFO">${time_after_api_call} = 2022-11-11 17:28:15.028</msg>
<status status="PASS" starttime="20221111 17:28:15.028" endtime="20221111 17:28:15.029"/>
</kw>
<msg timestamp="20221111 17:28:15.029" level="INFO">${response} = ['2022-11-11 17:28:13.920', '2022-11-11 17:28:15.028', {'status_code': 'COG-ERR-010', 'description': 'Login error'}]</msg>
<status status="PASS" starttime="20221111 17:28:13.919" endtime="20221111 17:28:15.029"/>
</kw>
<doc>Test to check negative sign in scenario - Empty key for email
Author-Veeresh</doc>
<tag>negative</tag>
<tag>Sign In Negative Case with empty key for password</tag>
<timeout value="5 seconds"/>
<status status="PASS" starttime="20221111 17:28:13.915" endtime="20221111 17:28:15.029"/>
</test>
<status status="FAIL" starttime="20221111 17:27:29.289" endtime="20221111 17:28:15.030"/>
</suite>
<statistics>
<total>
<stat pass="12" fail="8" skip="0">All Tests</stat>
</total>
<tag>
<stat pass="11" fail="7" skip="0">negative</stat>
<stat pass="1" fail="1" skip="0">positive</stat>
<stat pass="0" fail="1" skip="0">Sign In Negative Case with empty key for email</stat>
<stat pass="1" fail="0" skip="0">Sign In Negative Case with empty key for password</stat>
<stat pass="0" fail="1" skip="0">Sign In Negative Case with empty key for password and email</stat>
<stat pass="1" fail="0" skip="0">Sign In Negative Case with Empty path</stat>
<stat pass="0" fail="1" skip="0">Sign In Negative Case with empty payload</stat>
<stat pass="0" fail="1" skip="0">Sign In Negative Case With Invalid key for email in paylaod</stat>
<stat pass="1" fail="0" skip="0">Sign In Negative Case With Invalid key in paylaod</stat>
<stat pass="1" fail="0" skip="0">Sign In Negative Case with Invalid path</stat>
<stat pass="0" fail="1" skip="0">Sign In Negative Case Without Email in paylod</stat>
<stat pass="1" fail="0" skip="0">Sign In Negative Case Without Password in paylod</stat>
<stat pass="1" fail="0" skip="0">Sign In Negative Test Case Empty value for Email address empty value for password</stat>
<stat pass="0" fail="1" skip="0">Sign In Negative Test Case Empty value for Email address valid password</stat>
<stat pass="1" fail="0" skip="0">Sign In Negative Test Case Invalid Email address Invalid password</stat>
<stat pass="1" fail="0" skip="0">Sign In Negative Test Case Invalid value for Email address valid value for password</stat>
<stat pass="1" fail="0" skip="0">Sign In Negative Test Case Valid Email address empty value for password</stat>
<stat pass="1" fail="0" skip="0">Sign In Negative Test Case Valid value for Email address Invalid value for password</stat>
<stat pass="0" fail="1" skip="0">Sign In Negative Test Case With Additional Key in Payload</stat>
<stat pass="1" fail="0" skip="0">Sign In Negative Test Case With Invalid REST method</stat>
<stat pass="1" fail="0" skip="0">Sign In Positive Test case</stat>
<stat pass="0" fail="1" skip="0">Sign In Positive Test case with playload in query string</stat>
</tag>
<suite>
<stat pass="12" fail="8" skip="0" id="s1" name="Login Test">Login Test</stat>
</suite>
</statistics>
<errors>
</errors>
</robot>
