<?xml version="1.0" encoding="UTF-8"?>
<robot generator="Robot 5.0.1 (Python 3.8.2 on darwin)" generated="20221111 16:42:52.701" rpa="false" schemaversion="3">
<suite id="s1" name="Login Test" source="/Users/veereshp/PycharmProjects/Demo_api_login/Test scripts/login_test.robot">
<test id="s1-t1" name="Sign In Positive Test case" line="7">
<kw name="Set Variable" library="BuiltIn">
<var>${expected_status_code}</var>
<arg>200</arg>
<doc>Returns the given values which can then be assigned to a variables.</doc>
<msg timestamp="20221111 16:42:52.829" level="INFO">${expected_status_code} = 200</msg>
<status status="PASS" starttime="20221111 16:42:52.829" endtime="20221111 16:42:52.829"/>
</kw>
<kw name="Create Dictionary" library="BuiltIn">
<var>&amp;{data}</var>
<arg>email=${email}</arg>
<arg>password=${password}</arg>
<doc>Creates and returns a dictionary based on the given ``items``.</doc>
<msg timestamp="20221111 16:42:52.830" level="INFO">&amp;{data} = { email=sagar3@amagi.com | password=Amagi@123 }</msg>
<status status="PASS" starttime="20221111 16:42:52.829" endtime="20221111 16:42:52.830"/>
</kw>
<kw name="Set Variable" library="BuiltIn">
<var>${path}</var>
<arg>login</arg>
<doc>Returns the given values which can then be assigned to a variables.</doc>
<msg timestamp="20221111 16:42:52.830" level="INFO">${path} = login</msg>
<status status="PASS" starttime="20221111 16:42:52.830" endtime="20221111 16:42:52.830"/>
</kw>
<kw name="Make Post Request and validate response code" library="common_keywords">
<var>${response}</var>
<arg>${expected_status_code}</arg>
<arg>${path}</arg>
<arg>&amp;{data}</arg>
<tag>Make Post Request and validate response code</tag>
<doc>This Key word is used to make API requests
Author-Veeresh</doc>
<kw name="Create Dictionary" library="BuiltIn">
<var>&amp;{headers}</var>
<arg>Content-Type=application/json</arg>
<doc>Creates and returns a dictionary based on the given ``items``.</doc>
<msg timestamp="20221111 16:42:52.832" level="INFO">&amp;{headers} = { Content-Type=application/json }</msg>
<status status="PASS" starttime="20221111 16:42:52.831" endtime="20221111 16:42:52.832"/>
</kw>
<kw name="Get Current Date" library="DateTime">
<var>${time_before_api_call}</var>
<doc>Returns current local or UTC time with an optional increment.</doc>
<msg timestamp="20221111 16:42:52.833" level="INFO">${time_before_api_call} = 2022-11-11 16:42:52.833</msg>
<status status="PASS" starttime="20221111 16:42:52.832" endtime="20221111 16:42:52.833"/>
</kw>
<kw name="POST" library="RequestsLibrary">
<var>${response}</var>
<arg>url=${url}/${path}</arg>
<arg>json=&amp;{data}</arg>
<arg>headers=&amp;{headers}</arg>
<arg>expected_status=${expected_status_code}</arg>
<doc>Sends a POST request.</doc>
<msg timestamp="20221111 16:42:54.270" level="INFO">POST Request : url=http://34.236.189.23:31100/login 
 path_url=/login 
 headers={'User-Agent': 'python-requests/2.26.0', 'Accept-Encoding': 'gzip, deflate', 'Accept': '*/*', 'Connection': 'keep-alive', 'Content-Type': 'application/json', 'Content-Length': '54'} 
 body=b'{"email": "sagar3@amagi.com", "password": "Amagi@123"}' 
 </msg>
<msg timestamp="20221111 16:42:54.270" level="INFO">POST Response : url=http://34.236.189.23:31100/login 
 status=200, reason=OK 
 headers={'X-Powered-By': 'Express', 'Access-Control-Allow-Origin': '*', 'Access-Control-Allow-Headers': 'Origin, X-Requested-With, Content-Type, Accept, Authorization', 'Content-Type': 'application/json; charset=utf-8', 'Content-Length': '3178', 'ETag': 'W/"c6a-xFWzEiIbCqJvtjgph3ksqUVeTDA"', 'Date': 'Fri, 11 Nov 2022 11:12:54 GMT', 'Connection': 'keep-alive'} 
 body={"accesstoken":"eyJraWQiOiJwNEl3Y3d5d1NJMmFiZTdMUkp1bGpFeGszcE5OZHdsU0hmSlwvZjhhZ29SVT0iLCJhbGciOiJSUzI1NiJ9.eyJjdXN0b206YWN0aXZlc3RhdHVzIjoiYWN0aXZlIiwic3ViIjoiMGQ3MWMwMDgtMmY3OC00OTU4LTg1YjMtYTVkMjU1YzM5MDc1IiwiZW1haWxfdmVyaWZpZWQiOnRydWUsImlzcyI6Imh0dHBzOlwvXC9jb2duaXRvLWlkcC51cy1lYXN0LTEuYW1hem9uYXdzLmNvbVwvdXMtZWFzdC0xX3FoVkU0RTVYNSIsImNvZ25pdG86dXNlcm5hbWUiOiIwZDcxYzAwOC0yZjc4LTQ5NTgtODViMy1hNWQyNTVjMzkwNzUiLCJjdXN0b206bG9jYXRpb24iOiJCYW5iZ2Fsb3JlIiwib3JpZ2luX2p0aSI6IjA5NDdiZDQ0LWI2YmEtNDI0Yi05NTFlLTBjYjRiZThhMzIxMSIsImF1ZCI6IjM3cTJuaGZoYjRwcTk5YXNhaWJoczllODV1IiwiY3VzdG9tOmN1c3RvbWVyaWQiOiIxIiwiZXZlbnRfaWQiOiIwNTQ3OGQwZC01MDE1LTQ1ODgtOGNkZS1iNGNhZjA5NjM5NzUiLCJ0b2tlbl91c2UiOiJpZCIsImN1c3RvbTpyb2xlaWQiOiI2IiwiYXV0aF90aW1lIjoxNjY4MTY1MTc0LCJuYW1lIjoiYWwyIiwiY3VzdG9tOmN1c3RvbWVySWRzU3RyaW5nIjoiMSIsImV4cCI6MTY2ODE2ODc3NCwiY3VzdG9tOnBob25lbnVtYmVyIjoiOTg3NjU0MzIzMSIsImlhdCI6MTY2ODE2NTE3NCwianRpIjoiMTMyMGVlY2YtMDlhMC00OWQyLWEyNDctODZlYTc0MmIyNDkyIiwiZW1haWwiOiJzYWdhcjNAYW1hZ2kuY29tIn0.VETKbReNkPiBjH4uUAnou2Ih0e5Zq_kEr6MwvcWQT5Z2AiWP5xt1ZQptq4o2AucgTCYYPzRvTAgzFrgBZP60RJrzKZeDXrpVY5PzwyACKG9sP_B_1z47qIAX4tm7vz4yxaB-ehkngvr3DSj-fQocCSUQtGqjL5FjNls1LtrQp7ugKbdd3hiXT8cQbr5eb6bGQxV4ls1ECBgSj80i0WzRKDXDyj7uqJSUWzcXDW-MLap0iwnUgCkIToP8wzumLtmRbZmt0dnYcgSNmMArBxMYk0Wr9N9w3FPEysjoygpj7t2wqoB6cIJ7WFkYmybJhQ5AdBD54eVQrud3NNRVL_v6DQ","refreshToken":"eyJjdHkiOiJKV1QiLCJlbmMiOiJBMjU2R0NNIiwiYWxnIjoiUlNBLU9BRVAifQ.JEzQUlrxF7d8vBg2kiTz4PUSAKt-v1dlQ0Le7PyYPVj0GQFBnpEatPekzifHeFYdw_Yvc6aHGN5M05XKHF0mB3gZ4ueTWLgBaawQ5y00aYzbrFSHizBttt8XdO_tdwKbwdUOSoU4tzH0r6giqfZ3u2q74du6jeqOG6-xIn4CkYHxHf7ESGrqr_zqOX3rznlY0lZ9dLt9lXelJk9bvgVMHVnRWbLT-uifpUkb29XaTZRloHyVg8XLxDUDqLqcrqYBN7fxZffTMVBwyQA0UJq0T4f6TklqbztndickvgqFlCyraydD3jFDPaXxrY3aMRWTs6kV5V4jqbnPtouj5cKOtA.-Y2V5dn8BDSlA3NN.5IimUmTykbxEnM3dIJy11TNo6EBXZc6iuL2jAc5aSBv3U-tuDlucIXLBfOYPU1RXwA6m-rEsMNSH0nbg8rj04o25LAvkNFgv-QYC5EBcyAJNyVX2x4PnlJl-KaVU-0TaYAjSq6HD8C26TwKjhVmhn6WXJR9StVeFx-9EozagedUUO7bscqcfFc4tw0PMjHV-OeFvp_KViWQcUpyRwAwXCbN86N3GQt3kGh97Q3qegJRkdS17DXGiHnBkBpSsZY_iiOHqnnF2weA9UiBF-uWgwGSek1PKqAyf5zuQZcf0t30f8j3rHrMTxu6mHmyHcZ9u4HRYXQfwcBKfUUwV_2DOrfoLYcFLTnM-XOQkFohRPjGP9fZ7_LHNFeR2OVsbQxYC6BmVmYj-9_hNAYi00cwDKCANo3FCtvKl4llicVQ4o106G8t6Mn-F4SHGeFz1bQ1mEXhlYy6oUfNQv5DbHTvItiEiGH36AzKJ-oHNrdnlDzxsVLWuTjUA-AEdFVTtJPowztXQVm9TZ5YkuKAtljF4g_5KndkJ3w-E1GvCXlU7gRb9TkNNjSAHa3-N_2V9CPqAES_BLKO1ShtLXBakLDmmt8KU2hMhkvXS-gyJpTkKHZ9lLdJN1Vl0yxnL2Vq7xGzicVEevkP0P3vdzNl5x70_-g2zjuSZVoIROT4GOftNZMLSLmddQ3kfmIpaGcn8f_vFgbieBRCN7cB6clSLXpbvcO6wuS0Qr4UBUJwvGehYhpCYcfpTtfollHbCrKRE5nm3REDdf1kK-hcrgVN9GJVQCZFva_HrYh6nArghPyV2dgNGdvgEUObHv_8WCJD5R0Q9x4E2AMqlNVD-DkZ370i2SpFBFGccQpK1fi_VTEIpFCvz-Fu_Vl24WZrXw31u_pnAoWQHR33vM0AT3Iy2QlCVRYjMzp6_c-QN_oSl_Jywo5CjO-ZpV-l7GFnFgTa_Bi4jHyCJC6hC2zPZBl7gJf8Qz4x11HM9vo0N5UuvbeS69XioL1FiEFc-S_UiltMU2ZEpBwo-srGYw629wMQbogJzYiZH3RzUygpQAHj9CUh-YJO2NeoRG0ed_M0sImFmdPfuF4bZlYVZxCV9n1TJ_agqAmncPTOBvbtaqjwshbJ4UZbgSUx-mn3kdQG_QZodfbOpddpKNX8WkYk42uIeitGC8OQzrNO4n5XfKlr16P-CTTqQOdPNmU89XnipERzlT6jncph14IbofM9oReb8fRW3njiWxS5fNJzsVLWE9acfEdXsV8PGH6pOiw8gUnXd865r0Z5nLUYIurLShLmmyHKhH1K1GvHWHnbYPR118B-vhhIgsLqkEApE-gL0ZdU.8M2-tXisAAv1KBzKz3mSxA","roleid":"6","customerid":"1"} 
 </msg>
<msg timestamp="20221111 16:42:54.271" level="INFO">${response} = &lt;Response [200]&gt;</msg>
<status status="PASS" starttime="20221111 16:42:52.833" endtime="20221111 16:42:54.271"/>
</kw>
<kw name="Status Should Be" library="RequestsLibrary">
<arg>${expected_status_code}</arg>
<arg>${response}</arg>
<doc>Fails if response status code is different than the expected.</doc>
<status status="PASS" starttime="20221111 16:42:54.271" endtime="20221111 16:42:54.272"/>
</kw>
<kw name="Evaluate" library="BuiltIn">
<var>${res}</var>
<arg>json.loads("""${response.content}""")</arg>
<arg>json</arg>
<doc>Evaluates the given expression in Python and returns the result.</doc>
<msg timestamp="20221111 16:42:54.273" level="INFO">${res} = {'accesstoken': 'eyJraWQiOiJwNEl3Y3d5d1NJMmFiZTdMUkp1bGpFeGszcE5OZHdsU0hmSlwvZjhhZ29SVT0iLCJhbGciOiJSUzI1NiJ9.eyJjdXN0b206YWN0aXZlc3RhdHVzIjoiYWN0aXZlIiwic3ViIjoiMGQ3MWMwMDgtMmY3OC00OTU4LTg1YjMtYTVkMj...</msg>
<status status="PASS" starttime="20221111 16:42:54.272" endtime="20221111 16:42:54.273"/>
</kw>
<kw name="Get Current Date" library="DateTime">
<var>${time_after_api_call}</var>
<doc>Returns current local or UTC time with an optional increment.</doc>
<msg timestamp="20221111 16:42:54.274" level="INFO">${time_after_api_call} = 2022-11-11 16:42:54.274</msg>
<status status="PASS" starttime="20221111 16:42:54.273" endtime="20221111 16:42:54.274"/>
</kw>
<msg timestamp="20221111 16:42:54.274" level="INFO">${response} = ['2022-11-11 16:42:52.833', '2022-11-11 16:42:54.274', {'accesstoken': 'eyJraWQiOiJwNEl3Y3d5d1NJMmFiZTdMUkp1bGpFeGszcE5OZHdsU0hmSlwvZjhhZ29SVT0iLCJhbGciOiJSUzI1NiJ9.eyJjdXN0b206YWN0aXZlc3RhdHVzIjoiYWN...</msg>
<status status="PASS" starttime="20221111 16:42:52.831" endtime="20221111 16:42:54.274"/>
</kw>
<kw name="Validate positive sign in response" library="common_keywords">
<arg>${response}</arg>
<tag>Validate positive sign in response</tag>
<doc>This keyword is used to validate Positive response schema
Author-Veeresh</doc>
<kw name="Set Variable" library="BuiltIn">
<var>${time_before_api_call}</var>
<arg>${response}[0]</arg>
<doc>Returns the given values which can then be assigned to a variables.</doc>
<msg timestamp="20221111 16:42:54.276" level="INFO">${time_before_api_call} = 2022-11-11 16:42:52.833</msg>
<status status="PASS" starttime="20221111 16:42:54.275" endtime="20221111 16:42:54.276"/>
</kw>
<kw name="Set Variable" library="BuiltIn">
<var>${time_after_api_call}</var>
<arg>${response}[1]</arg>
<doc>Returns the given values which can then be assigned to a variables.</doc>
<msg timestamp="20221111 16:42:54.276" level="INFO">${time_after_api_call} = 2022-11-11 16:42:54.274</msg>
<status status="PASS" starttime="20221111 16:42:54.276" endtime="20221111 16:42:54.276"/>
</kw>
<kw name="Set Variable" library="BuiltIn">
<var>${res}</var>
<arg>${response}[2]</arg>
<doc>Returns the given values which can then be assigned to a variables.</doc>
<msg timestamp="20221111 16:42:54.277" level="INFO">${res} = {'accesstoken': 'eyJraWQiOiJwNEl3Y3d5d1NJMmFiZTdMUkp1bGpFeGszcE5OZHdsU0hmSlwvZjhhZ29SVT0iLCJhbGciOiJSUzI1NiJ9.eyJjdXN0b206YWN0aXZlc3RhdHVzIjoiYWN0aXZlIiwic3ViIjoiMGQ3MWMwMDgtMmY3OC00OTU4LTg1YjMtYTVkMj...</msg>
<status status="PASS" starttime="20221111 16:42:54.276" endtime="20221111 16:42:54.277"/>
</kw>
<kw name="Validate Execution time" library="common_keywords">
<arg>${time_before_api_call}</arg>
<arg>${time_after_api_call}</arg>
<tag>Validate Execution time</tag>
<doc>This key word is used to validate the execution time
Author-Veeresh</doc>
<kw name="Subtract Date From Date" library="DateTime">
<var>${executiontime}</var>
<arg>${time_after_api_call}</arg>
<arg>${time_before_api_call}</arg>
<doc>Subtracts date from another date and returns time between.</doc>
<msg timestamp="20221111 16:42:54.281" level="INFO">${executiontime} = 1.441</msg>
<status status="PASS" starttime="20221111 16:42:54.278" endtime="20221111 16:42:54.282"/>
</kw>
<if>
<branch type="IF" condition="${executiontime} &gt;= 2">
<kw name="Fail" library="BuiltIn">
<doc>Fails the test with the given message and optionally alters its tags.</doc>
<status status="NOT RUN" starttime="20221111 16:42:54.282" endtime="20221111 16:42:54.282"/>
</kw>
<status status="NOT RUN" starttime="20221111 16:42:54.282" endtime="20221111 16:42:54.282"/>
</branch>
<status status="PASS" starttime="20221111 16:42:54.282" endtime="20221111 16:42:54.282"/>
</if>
<status status="PASS" starttime="20221111 16:42:54.277" endtime="20221111 16:42:54.282"/>
</kw>
<kw name="Set Variable" library="BuiltIn">
<var>${expected_response_lenghth}</var>
<arg>4</arg>
<doc>Returns the given values which can then be assigned to a variables.</doc>
<msg timestamp="20221111 16:42:54.283" level="INFO">${expected_response_lenghth} = 4</msg>
<status status="PASS" starttime="20221111 16:42:54.282" endtime="20221111 16:42:54.283"/>
</kw>
<kw name="Validate Schema length" library="common_keywords">
<arg>${res}</arg>
<arg>${expected_response_lenghth}</arg>
<tag>Validate Schema</tag>
<doc>This keyword is used to validate the schema
Author-Veeresh</doc>
<kw name="Get Length" library="BuiltIn">
<var>${length_of_resp}</var>
<arg>${response}</arg>
<doc>Returns and logs the length of the given item as an integer.</doc>
<msg timestamp="20221111 16:42:54.284" level="INFO">Length is 4</msg>
<msg timestamp="20221111 16:42:54.284" level="INFO">${length_of_resp} = 4</msg>
<status status="PASS" starttime="20221111 16:42:54.283" endtime="20221111 16:42:54.284"/>
</kw>
<if>
<branch type="IF" condition="${length_of_resp} != ${expected_response_lenghth}">
<kw name="Fail" library="BuiltIn">
<doc>Fails the test with the given message and optionally alters its tags.</doc>
<status status="NOT RUN" starttime="20221111 16:42:54.284" endtime="20221111 16:42:54.284"/>
</kw>
<status status="NOT RUN" starttime="20221111 16:42:54.284" endtime="20221111 16:42:54.284"/>
</branch>
<status status="PASS" starttime="20221111 16:42:54.284" endtime="20221111 16:42:54.284"/>
</if>
<status status="PASS" starttime="20221111 16:42:54.283" endtime="20221111 16:42:54.285"/>
</kw>
<kw name="Validate data type and length for given key" library="common_keywords">
<arg>${res['accesstoken']}</arg>
<arg>&lt;class 'str'&gt;</arg>
<arg>1327</arg>
<doc>This keyword is used to validate data type and lenght of a key in given response
Author-Veeresh</doc>
<kw name="Evaluate" library="BuiltIn">
<var>${key_data_type}</var>
<arg>type("${key}")</arg>
<doc>Evaluates the given expression in Python and returns the result.</doc>
<msg timestamp="20221111 16:42:54.286" level="INFO">${key_data_type} = &lt;class 'str'&gt;</msg>
<status status="PASS" starttime="20221111 16:42:54.286" endtime="20221111 16:42:54.286"/>
</kw>
<if>
<branch type="IF" condition="&quot;${key_data_type}&quot; != &quot;${expected_key_data_type}&quot;">
<kw name="Fail" library="BuiltIn">
<doc>Fails the test with the given message and optionally alters its tags.</doc>
<status status="NOT RUN" starttime="20221111 16:42:54.287" endtime="20221111 16:42:54.287"/>
</kw>
<status status="NOT RUN" starttime="20221111 16:42:54.287" endtime="20221111 16:42:54.287"/>
</branch>
<status status="PASS" starttime="20221111 16:42:54.286" endtime="20221111 16:42:54.287"/>
</if>
<kw name="Get Length" library="BuiltIn">
<var>${key_len}</var>
<arg>${key}</arg>
<doc>Returns and logs the length of the given item as an integer.</doc>
<msg timestamp="20221111 16:42:54.287" level="INFO">Length is 1327</msg>
<msg timestamp="20221111 16:42:54.287" level="INFO">${key_len} = 1327</msg>
<status status="PASS" starttime="20221111 16:42:54.287" endtime="20221111 16:42:54.287"/>
</kw>
<if>
<branch type="IF" condition="${key_len} != ${expected_key_data_length}">
<kw name="Fail" library="BuiltIn">
<doc>Fails the test with the given message and optionally alters its tags.</doc>
<status status="NOT RUN" starttime="20221111 16:42:54.288" endtime="20221111 16:42:54.288"/>
</kw>
<status status="NOT RUN" starttime="20221111 16:42:54.288" endtime="20221111 16:42:54.288"/>
</branch>
<status status="PASS" starttime="20221111 16:42:54.288" endtime="20221111 16:42:54.288"/>
</if>
<status status="PASS" starttime="20221111 16:42:54.285" endtime="20221111 16:42:54.288"/>
</kw>
<kw name="Validate data type and length for given key" library="common_keywords">
<arg>${res['refreshToken']}</arg>
<arg>&lt;class 'str'&gt;</arg>
<arg>1785</arg>
<doc>This keyword is used to validate data type and lenght of a key in given response
Author-Veeresh</doc>
<kw name="Evaluate" library="BuiltIn">
<var>${key_data_type}</var>
<arg>type("${key}")</arg>
<doc>Evaluates the given expression in Python and returns the result.</doc>
<msg timestamp="20221111 16:42:54.290" level="INFO">${key_data_type} = &lt;class 'str'&gt;</msg>
<status status="PASS" starttime="20221111 16:42:54.289" endtime="20221111 16:42:54.290"/>
</kw>
<if>
<branch type="IF" condition="&quot;${key_data_type}&quot; != &quot;${expected_key_data_type}&quot;">
<kw name="Fail" library="BuiltIn">
<doc>Fails the test with the given message and optionally alters its tags.</doc>
<status status="NOT RUN" starttime="20221111 16:42:54.290" endtime="20221111 16:42:54.290"/>
</kw>
<status status="NOT RUN" starttime="20221111 16:42:54.290" endtime="20221111 16:42:54.290"/>
</branch>
<status status="PASS" starttime="20221111 16:42:54.290" endtime="20221111 16:42:54.290"/>
</if>
<kw name="Get Length" library="BuiltIn">
<var>${key_len}</var>
<arg>${key}</arg>
<doc>Returns and logs the length of the given item as an integer.</doc>
<msg timestamp="20221111 16:42:54.291" level="INFO">Length is 1785</msg>
<msg timestamp="20221111 16:42:54.291" level="INFO">${key_len} = 1785</msg>
<status status="PASS" starttime="20221111 16:42:54.290" endtime="20221111 16:42:54.291"/>
</kw>
<if>
<branch type="IF" condition="${key_len} != ${expected_key_data_length}">
<kw name="Fail" library="BuiltIn">
<doc>Fails the test with the given message and optionally alters its tags.</doc>
<status status="NOT RUN" starttime="20221111 16:42:54.291" endtime="20221111 16:42:54.291"/>
</kw>
<status status="NOT RUN" starttime="20221111 16:42:54.291" endtime="20221111 16:42:54.291"/>
</branch>
<status status="PASS" starttime="20221111 16:42:54.291" endtime="20221111 16:42:54.291"/>
</if>
<status status="PASS" starttime="20221111 16:42:54.288" endtime="20221111 16:42:54.292"/>
</kw>
<kw name="Validate data type and length for given key" library="common_keywords">
<arg>${res['roleid']}</arg>
<arg>&lt;class 'str'&gt;</arg>
<arg>1</arg>
<doc>This keyword is used to validate data type and lenght of a key in given response
Author-Veeresh</doc>
<kw name="Evaluate" library="BuiltIn">
<var>${key_data_type}</var>
<arg>type("${key}")</arg>
<doc>Evaluates the given expression in Python and returns the result.</doc>
<msg timestamp="20221111 16:42:54.293" level="INFO">${key_data_type} = &lt;class 'str'&gt;</msg>
<status status="PASS" starttime="20221111 16:42:54.293" endtime="20221111 16:42:54.293"/>
</kw>
<if>
<branch type="IF" condition="&quot;${key_data_type}&quot; != &quot;${expected_key_data_type}&quot;">
<kw name="Fail" library="BuiltIn">
<doc>Fails the test with the given message and optionally alters its tags.</doc>
<status status="NOT RUN" starttime="20221111 16:42:54.294" endtime="20221111 16:42:54.294"/>
</kw>
<status status="NOT RUN" starttime="20221111 16:42:54.293" endtime="20221111 16:42:54.294"/>
</branch>
<status status="PASS" starttime="20221111 16:42:54.293" endtime="20221111 16:42:54.294"/>
</if>
<kw name="Get Length" library="BuiltIn">
<var>${key_len}</var>
<arg>${key}</arg>
<doc>Returns and logs the length of the given item as an integer.</doc>
<msg timestamp="20221111 16:42:54.294" level="INFO">Length is 1</msg>
<msg timestamp="20221111 16:42:54.294" level="INFO">${key_len} = 1</msg>
<status status="PASS" starttime="20221111 16:42:54.294" endtime="20221111 16:42:54.294"/>
</kw>
<if>
<branch type="IF" condition="${key_len} != ${expected_key_data_length}">
<kw name="Fail" library="BuiltIn">
<doc>Fails the test with the given message and optionally alters its tags.</doc>
<status status="NOT RUN" starttime="20221111 16:42:54.295" endtime="20221111 16:42:54.295"/>
</kw>
<status status="NOT RUN" starttime="20221111 16:42:54.295" endtime="20221111 16:42:54.295"/>
</branch>
<status status="PASS" starttime="20221111 16:42:54.294" endtime="20221111 16:42:54.295"/>
</if>
<status status="PASS" starttime="20221111 16:42:54.292" endtime="20221111 16:42:54.295"/>
</kw>
<kw name="Validate data type and length for given key" library="common_keywords">
<arg>${res['customerid']}</arg>
<arg>&lt;class 'str'&gt;</arg>
<arg>1</arg>
<doc>This keyword is used to validate data type and lenght of a key in given response
Author-Veeresh</doc>
<kw name="Evaluate" library="BuiltIn">
<var>${key_data_type}</var>
<arg>type("${key}")</arg>
<doc>Evaluates the given expression in Python and returns the result.</doc>
<msg timestamp="20221111 16:42:54.297" level="INFO">${key_data_type} = &lt;class 'str'&gt;</msg>
<status status="PASS" starttime="20221111 16:42:54.296" endtime="20221111 16:42:54.297"/>
</kw>
<if>
<branch type="IF" condition="&quot;${key_data_type}&quot; != &quot;${expected_key_data_type}&quot;">
<kw name="Fail" library="BuiltIn">
<doc>Fails the test with the given message and optionally alters its tags.</doc>
<status status="NOT RUN" starttime="20221111 16:42:54.297" endtime="20221111 16:42:54.297"/>
</kw>
<status status="NOT RUN" starttime="20221111 16:42:54.297" endtime="20221111 16:42:54.297"/>
</branch>
<status status="PASS" starttime="20221111 16:42:54.297" endtime="20221111 16:42:54.297"/>
</if>
<kw name="Get Length" library="BuiltIn">
<var>${key_len}</var>
<arg>${key}</arg>
<doc>Returns and logs the length of the given item as an integer.</doc>
<msg timestamp="20221111 16:42:54.298" level="INFO">Length is 1</msg>
<msg timestamp="20221111 16:42:54.298" level="INFO">${key_len} = 1</msg>
<status status="PASS" starttime="20221111 16:42:54.297" endtime="20221111 16:42:54.298"/>
</kw>
<if>
<branch type="IF" condition="${key_len} != ${expected_key_data_length}">
<kw name="Fail" library="BuiltIn">
<doc>Fails the test with the given message and optionally alters its tags.</doc>
<status status="NOT RUN" starttime="20221111 16:42:54.298" endtime="20221111 16:42:54.298"/>
</kw>
<status status="NOT RUN" starttime="20221111 16:42:54.298" endtime="20221111 16:42:54.298"/>
</branch>
<status status="PASS" starttime="20221111 16:42:54.298" endtime="20221111 16:42:54.298"/>
</if>
<status status="PASS" starttime="20221111 16:42:54.295" endtime="20221111 16:42:54.299"/>
</kw>
<status status="PASS" starttime="20221111 16:42:54.275" endtime="20221111 16:42:54.299"/>
</kw>
<doc>Test to check positive sign in scenario
Author-Veeresh</doc>
<tag>positive</tag>
<tag>Sign In Positive Test case</tag>
<timeout value="5 seconds"/>
<status status="PASS" starttime="20221111 16:42:52.828" endtime="20221111 16:42:54.299"/>
</test>
<test id="s1-t2" name="Sign In Negative Test Case Empty value for Email address valid password" line="18">
<kw name="Set Variable" library="BuiltIn">
<var>${expected_status_code}</var>
<arg>400</arg>
<doc>Returns the given values which can then be assigned to a variables.</doc>
<msg timestamp="20221111 16:42:54.300" level="INFO">${expected_status_code} = 400</msg>
<status status="PASS" starttime="20221111 16:42:54.300" endtime="20221111 16:42:54.300"/>
</kw>
<kw name="Create Dictionary" library="BuiltIn">
<var>&amp;{data}</var>
<arg>email=${empty_email}</arg>
<arg>password=${password}</arg>
<doc>Creates and returns a dictionary based on the given ``items``.</doc>
<msg timestamp="20221111 16:42:54.301" level="INFO">&amp;{data} = { email= | password=Amagi@123 }</msg>
<status status="PASS" starttime="20221111 16:42:54.300" endtime="20221111 16:42:54.301"/>
</kw>
<kw name="Set Variable" library="BuiltIn">
<var>${path}</var>
<arg>login</arg>
<doc>Returns the given values which can then be assigned to a variables.</doc>
<msg timestamp="20221111 16:42:54.302" level="INFO">${path} = login</msg>
<status status="PASS" starttime="20221111 16:42:54.301" endtime="20221111 16:42:54.302"/>
</kw>
<kw name="Make Post Request and validate response code" library="common_keywords">
<var>${response}</var>
<arg>${expected_status_code}</arg>
<arg>${path}</arg>
<arg>&amp;{data}</arg>
<tag>Make Post Request and validate response code</tag>
<doc>This Key word is used to make API requests
Author-Veeresh</doc>
<kw name="Create Dictionary" library="BuiltIn">
<var>&amp;{headers}</var>
<arg>Content-Type=application/json</arg>
<doc>Creates and returns a dictionary based on the given ``items``.</doc>
<msg timestamp="20221111 16:42:54.303" level="INFO">&amp;{headers} = { Content-Type=application/json }</msg>
<status status="PASS" starttime="20221111 16:42:54.302" endtime="20221111 16:42:54.303"/>
</kw>
<kw name="Get Current Date" library="DateTime">
<var>${time_before_api_call}</var>
<doc>Returns current local or UTC time with an optional increment.</doc>
<msg timestamp="20221111 16:42:54.303" level="INFO">${time_before_api_call} = 2022-11-11 16:42:54.303</msg>
<status status="PASS" starttime="20221111 16:42:54.303" endtime="20221111 16:42:54.303"/>
</kw>
<kw name="POST" library="RequestsLibrary">
<var>${response}</var>
<arg>url=${url}/${path}</arg>
<arg>json=&amp;{data}</arg>
<arg>headers=&amp;{headers}</arg>
<arg>expected_status=${expected_status_code}</arg>
<doc>Sends a POST request.</doc>
<msg timestamp="20221111 16:42:55.219" level="INFO">POST Request : url=http://34.236.189.23:31100/login 
 path_url=/login 
 headers={'User-Agent': 'python-requests/2.26.0', 'Accept-Encoding': 'gzip, deflate', 'Accept': '*/*', 'Connection': 'keep-alive', 'Content-Type': 'application/json', 'Content-Length': '38'} 
 body=b'{"email": "", "password": "Amagi@123"}' 
 </msg>
<msg timestamp="20221111 16:42:55.219" level="INFO">POST Response : url=http://34.236.189.23:31100/login 
 status=400, reason=Bad Request 
 headers={'X-Powered-By': 'Express', 'Access-Control-Allow-Origin': '*', 'Access-Control-Allow-Headers': 'Origin, X-Requested-With, Content-Type, Accept, Authorization', 'Content-Type': 'text/html; charset=utf-8', 'Content-Length': '57', 'ETag': 'W/"39-DMaoXXduy/h67B6IIx7+UJD7r5I"', 'Date': 'Fri, 11 Nov 2022 11:12:54 GMT', 'Connection': 'keep-alive'} 
 body={"status_code":"COG-ERR-010","description":"Login error"} 
 </msg>
<msg timestamp="20221111 16:42:55.220" level="INFO">${response} = &lt;Response [400]&gt;</msg>
<status status="PASS" starttime="20221111 16:42:54.303" endtime="20221111 16:42:55.220"/>
</kw>
<kw name="Status Should Be" library="RequestsLibrary">
<arg>${expected_status_code}</arg>
<arg>${response}</arg>
<doc>Fails if response status code is different than the expected.</doc>
<status status="PASS" starttime="20221111 16:42:55.220" endtime="20221111 16:42:55.221"/>
</kw>
<kw name="Evaluate" library="BuiltIn">
<var>${res}</var>
<arg>json.loads("""${response.content}""")</arg>
<arg>json</arg>
<doc>Evaluates the given expression in Python and returns the result.</doc>
<msg timestamp="20221111 16:42:55.222" level="INFO">${res} = {'status_code': 'COG-ERR-010', 'description': 'Login error'}</msg>
<status status="PASS" starttime="20221111 16:42:55.221" endtime="20221111 16:42:55.222"/>
</kw>
<kw name="Get Current Date" library="DateTime">
<var>${time_after_api_call}</var>
<doc>Returns current local or UTC time with an optional increment.</doc>
<msg timestamp="20221111 16:42:55.223" level="INFO">${time_after_api_call} = 2022-11-11 16:42:55.223</msg>
<status status="PASS" starttime="20221111 16:42:55.222" endtime="20221111 16:42:55.223"/>
</kw>
<msg timestamp="20221111 16:42:55.223" level="INFO">${response} = ['2022-11-11 16:42:54.303', '2022-11-11 16:42:55.223', {'status_code': 'COG-ERR-010', 'description': 'Login error'}]</msg>
<status status="PASS" starttime="20221111 16:42:54.302" endtime="20221111 16:42:55.223"/>
</kw>
<kw name="Validate negative response" library="common_keywords">
<arg>${response}</arg>
<tag>Validate negative response</tag>
<doc>This key word is used to validate negative response schema
Author-Veeresh</doc>
<kw name="Set Variable" library="BuiltIn">
<var>${time_before_api_call}</var>
<arg>${response}[0]</arg>
<doc>Returns the given values which can then be assigned to a variables.</doc>
<msg timestamp="20221111 16:42:55.224" level="INFO">${time_before_api_call} = 2022-11-11 16:42:54.303</msg>
<status status="PASS" starttime="20221111 16:42:55.224" endtime="20221111 16:42:55.224"/>
</kw>
<kw name="Set Variable" library="BuiltIn">
<var>${time_after_api_call}</var>
<arg>${response}[1]</arg>
<doc>Returns the given values which can then be assigned to a variables.</doc>
<msg timestamp="20221111 16:42:55.225" level="INFO">${time_after_api_call} = 2022-11-11 16:42:55.223</msg>
<status status="PASS" starttime="20221111 16:42:55.225" endtime="20221111 16:42:55.225"/>
</kw>
<kw name="Set Variable" library="BuiltIn">
<var>${res}</var>
<arg>${response}[2]</arg>
<doc>Returns the given values which can then be assigned to a variables.</doc>
<msg timestamp="20221111 16:42:55.225" level="INFO">${res} = {'status_code': 'COG-ERR-010', 'description': 'Login error'}</msg>
<status status="PASS" starttime="20221111 16:42:55.225" endtime="20221111 16:42:55.226"/>
</kw>
<kw name="Validate Execution time" library="common_keywords">
<arg>${time_before_api_call}</arg>
<arg>${time_after_api_call}</arg>
<tag>Validate Execution time</tag>
<doc>This key word is used to validate the execution time
Author-Veeresh</doc>
<kw name="Subtract Date From Date" library="DateTime">
<var>${executiontime}</var>
<arg>${time_after_api_call}</arg>
<arg>${time_before_api_call}</arg>
<doc>Subtracts date from another date and returns time between.</doc>
<msg timestamp="20221111 16:42:55.227" level="INFO">${executiontime} = 0.92</msg>
<status status="PASS" starttime="20221111 16:42:55.226" endtime="20221111 16:42:55.227"/>
</kw>
<if>
<branch type="IF" condition="${executiontime} &gt;= 2">
<kw name="Fail" library="BuiltIn">
<doc>Fails the test with the given message and optionally alters its tags.</doc>
<status status="NOT RUN" starttime="20221111 16:42:55.227" endtime="20221111 16:42:55.227"/>
</kw>
<status status="NOT RUN" starttime="20221111 16:42:55.227" endtime="20221111 16:42:55.227"/>
</branch>
<status status="PASS" starttime="20221111 16:42:55.227" endtime="20221111 16:42:55.227"/>
</if>
<status status="PASS" starttime="20221111 16:42:55.226" endtime="20221111 16:42:55.228"/>
</kw>
<kw name="Set Variable" library="BuiltIn">
<var>${expected_response_lenghth}</var>
<arg>2</arg>
<doc>Returns the given values which can then be assigned to a variables.</doc>
<msg timestamp="20221111 16:42:55.228" level="INFO">${expected_response_lenghth} = 2</msg>
<status status="PASS" starttime="20221111 16:42:55.228" endtime="20221111 16:42:55.228"/>
</kw>
<kw name="Validate Schema length" library="common_keywords">
<arg>${res}</arg>
<arg>${expected_response_lenghth}</arg>
<tag>Validate Schema</tag>
<doc>This keyword is used to validate the schema
Author-Veeresh</doc>
<kw name="Get Length" library="BuiltIn">
<var>${length_of_resp}</var>
<arg>${response}</arg>
<doc>Returns and logs the length of the given item as an integer.</doc>
<msg timestamp="20221111 16:42:55.229" level="INFO">Length is 2</msg>
<msg timestamp="20221111 16:42:55.229" level="INFO">${length_of_resp} = 2</msg>
<status status="PASS" starttime="20221111 16:42:55.229" endtime="20221111 16:42:55.229"/>
</kw>
<if>
<branch type="IF" condition="${length_of_resp} != ${expected_response_lenghth}">
<kw name="Fail" library="BuiltIn">
<doc>Fails the test with the given message and optionally alters its tags.</doc>
<status status="NOT RUN" starttime="20221111 16:42:55.230" endtime="20221111 16:42:55.230"/>
</kw>
<status status="NOT RUN" starttime="20221111 16:42:55.230" endtime="20221111 16:42:55.230"/>
</branch>
<status status="PASS" starttime="20221111 16:42:55.230" endtime="20221111 16:42:55.230"/>
</if>
<status status="PASS" starttime="20221111 16:42:55.228" endtime="20221111 16:42:55.230"/>
</kw>
<if>
<branch type="IF" condition="&quot;${res['status_code']}&quot; != &quot;COG-ERR-010&quot;">
<kw name="Fail" library="BuiltIn">
<doc>Fails the test with the given message and optionally alters its tags.</doc>
<status status="NOT RUN" starttime="20221111 16:42:55.231" endtime="20221111 16:42:55.231"/>
</kw>
<status status="NOT RUN" starttime="20221111 16:42:55.231" endtime="20221111 16:42:55.231"/>
</branch>
<status status="PASS" starttime="20221111 16:42:55.230" endtime="20221111 16:42:55.231"/>
</if>
<if>
<branch type="IF" condition="&quot;${res['description']}&quot; != &quot;Login error&quot;">
<kw name="Fail" library="BuiltIn">
<doc>Fails the test with the given message and optionally alters its tags.</doc>
<status status="NOT RUN" starttime="20221111 16:42:55.232" endtime="20221111 16:42:55.232"/>
</kw>
<status status="NOT RUN" starttime="20221111 16:42:55.232" endtime="20221111 16:42:55.232"/>
</branch>
<status status="PASS" starttime="20221111 16:42:55.231" endtime="20221111 16:42:55.232"/>
</if>
<kw name="Validate data type and length for given key" library="common_keywords">
<arg>${res['status_code']}</arg>
<arg>&lt;class 'str'&gt;</arg>
<arg>11</arg>
<doc>This keyword is used to validate data type and lenght of a key in given response
Author-Veeresh</doc>
<kw name="Evaluate" library="BuiltIn">
<var>${key_data_type}</var>
<arg>type("${key}")</arg>
<doc>Evaluates the given expression in Python and returns the result.</doc>
<msg timestamp="20221111 16:42:55.233" level="INFO">${key_data_type} = &lt;class 'str'&gt;</msg>
<status status="PASS" starttime="20221111 16:42:55.233" endtime="20221111 16:42:55.234"/>
</kw>
<if>
<branch type="IF" condition="&quot;${key_data_type}&quot; != &quot;${expected_key_data_type}&quot;">
<kw name="Fail" library="BuiltIn">
<doc>Fails the test with the given message and optionally alters its tags.</doc>
<status status="NOT RUN" starttime="20221111 16:42:55.234" endtime="20221111 16:42:55.234"/>
</kw>
<status status="NOT RUN" starttime="20221111 16:42:55.234" endtime="20221111 16:42:55.234"/>
</branch>
<status status="PASS" starttime="20221111 16:42:55.234" endtime="20221111 16:42:55.234"/>
</if>
<kw name="Get Length" library="BuiltIn">
<var>${key_len}</var>
<arg>${key}</arg>
<doc>Returns and logs the length of the given item as an integer.</doc>
<msg timestamp="20221111 16:42:55.234" level="INFO">Length is 11</msg>
<msg timestamp="20221111 16:42:55.235" level="INFO">${key_len} = 11</msg>
<status status="PASS" starttime="20221111 16:42:55.234" endtime="20221111 16:42:55.235"/>
</kw>
<if>
<branch type="IF" condition="${key_len} != ${expected_key_data_length}">
<kw name="Fail" library="BuiltIn">
<doc>Fails the test with the given message and optionally alters its tags.</doc>
<status status="NOT RUN" starttime="20221111 16:42:55.235" endtime="20221111 16:42:55.235"/>
</kw>
<status status="NOT RUN" starttime="20221111 16:42:55.235" endtime="20221111 16:42:55.235"/>
</branch>
<status status="PASS" starttime="20221111 16:42:55.235" endtime="20221111 16:42:55.235"/>
</if>
<status status="PASS" starttime="20221111 16:42:55.232" endtime="20221111 16:42:55.235"/>
</kw>
<kw name="Validate data type and length for given key" library="common_keywords">
<arg>${res['description']}</arg>
<arg>&lt;class 'str'&gt;</arg>
<arg>11</arg>
<doc>This keyword is used to validate data type and lenght of a key in given response
Author-Veeresh</doc>
<kw name="Evaluate" library="BuiltIn">
<var>${key_data_type}</var>
<arg>type("${key}")</arg>
<doc>Evaluates the given expression in Python and returns the result.</doc>
<msg timestamp="20221111 16:42:55.237" level="INFO">${key_data_type} = &lt;class 'str'&gt;</msg>
<status status="PASS" starttime="20221111 16:42:55.236" endtime="20221111 16:42:55.237"/>
</kw>
<if>
<branch type="IF" condition="&quot;${key_data_type}&quot; != &quot;${expected_key_data_type}&quot;">
<kw name="Fail" library="BuiltIn">
<doc>Fails the test with the given message and optionally alters its tags.</doc>
<status status="NOT RUN" starttime="20221111 16:42:55.237" endtime="20221111 16:42:55.237"/>
</kw>
<status status="NOT RUN" starttime="20221111 16:42:55.237" endtime="20221111 16:42:55.237"/>
</branch>
<status status="PASS" starttime="20221111 16:42:55.237" endtime="20221111 16:42:55.237"/>
</if>
<kw name="Get Length" library="BuiltIn">
<var>${key_len}</var>
<arg>${key}</arg>
<doc>Returns and logs the length of the given item as an integer.</doc>
<msg timestamp="20221111 16:42:55.238" level="INFO">Length is 11</msg>
<msg timestamp="20221111 16:42:55.238" level="INFO">${key_len} = 11</msg>
<status status="PASS" starttime="20221111 16:42:55.237" endtime="20221111 16:42:55.238"/>
</kw>
<if>
<branch type="IF" condition="${key_len} != ${expected_key_data_length}">
<kw name="Fail" library="BuiltIn">
<doc>Fails the test with the given message and optionally alters its tags.</doc>
<status status="NOT RUN" starttime="20221111 16:42:55.238" endtime="20221111 16:42:55.238"/>
</kw>
<status status="NOT RUN" starttime="20221111 16:42:55.238" endtime="20221111 16:42:55.238"/>
</branch>
<status status="PASS" starttime="20221111 16:42:55.238" endtime="20221111 16:42:55.238"/>
</if>
<status status="PASS" starttime="20221111 16:42:55.235" endtime="20221111 16:42:55.238"/>
</kw>
<status status="PASS" starttime="20221111 16:42:55.223" endtime="20221111 16:42:55.239"/>
</kw>
<doc>Test to check negative sign in scenario - Empty Email address valid password
Author-Veeresh</doc>
<tag>negative</tag>
<tag>Sign In Negative Test Case Empty value for Email address valid password</tag>
<timeout value="5 seconds"/>
<status status="PASS" starttime="20221111 16:42:54.299" endtime="20221111 16:42:55.239"/>
</test>
<test id="s1-t3" name="Sign In Negative Test Case Valid Email address empty value for password" line="29">
<kw name="Set Variable" library="BuiltIn">
<var>${expected_status_code}</var>
<arg>400</arg>
<doc>Returns the given values which can then be assigned to a variables.</doc>
<msg timestamp="20221111 16:42:55.240" level="INFO">${expected_status_code} = 400</msg>
<status status="PASS" starttime="20221111 16:42:55.240" endtime="20221111 16:42:55.240"/>
</kw>
<kw name="Create Dictionary" library="BuiltIn">
<var>&amp;{data}</var>
<arg>email=${email}</arg>
<arg>password=$${empty_password}</arg>
<doc>Creates and returns a dictionary based on the given ``items``.</doc>
<msg timestamp="20221111 16:42:55.241" level="INFO">&amp;{data} = { email=sagar3@amagi.com | password=$ }</msg>
<status status="PASS" starttime="20221111 16:42:55.240" endtime="20221111 16:42:55.241"/>
</kw>
<kw name="Set Variable" library="BuiltIn">
<var>${path}</var>
<arg>login</arg>
<doc>Returns the given values which can then be assigned to a variables.</doc>
<msg timestamp="20221111 16:42:55.241" level="INFO">${path} = login</msg>
<status status="PASS" starttime="20221111 16:42:55.241" endtime="20221111 16:42:55.241"/>
</kw>
<kw name="Make Post Request and validate response code" library="common_keywords">
<var>${response}</var>
<arg>${expected_status_code}</arg>
<arg>${path}</arg>
<arg>&amp;{data}</arg>
<tag>Make Post Request and validate response code</tag>
<doc>This Key word is used to make API requests
Author-Veeresh</doc>
<kw name="Create Dictionary" library="BuiltIn">
<var>&amp;{headers}</var>
<arg>Content-Type=application/json</arg>
<doc>Creates and returns a dictionary based on the given ``items``.</doc>
<msg timestamp="20221111 16:42:55.242" level="INFO">&amp;{headers} = { Content-Type=application/json }</msg>
<status status="PASS" starttime="20221111 16:42:55.242" endtime="20221111 16:42:55.242"/>
</kw>
<kw name="Get Current Date" library="DateTime">
<var>${time_before_api_call}</var>
<doc>Returns current local or UTC time with an optional increment.</doc>
<msg timestamp="20221111 16:42:55.243" level="INFO">${time_before_api_call} = 2022-11-11 16:42:55.243</msg>
<status status="PASS" starttime="20221111 16:42:55.243" endtime="20221111 16:42:55.243"/>
</kw>
<kw name="POST" library="RequestsLibrary">
<var>${response}</var>
<arg>url=${url}/${path}</arg>
<arg>json=&amp;{data}</arg>
<arg>headers=&amp;{headers}</arg>
<arg>expected_status=${expected_status_code}</arg>
<doc>Sends a POST request.</doc>
<msg timestamp="20221111 16:42:56.442" level="INFO">POST Request : url=http://34.236.189.23:31100/login 
 path_url=/login 
 headers={'User-Agent': 'python-requests/2.26.0', 'Accept-Encoding': 'gzip, deflate', 'Accept': '*/*', 'Connection': 'keep-alive', 'Content-Type': 'application/json', 'Content-Length': '46'} 
 body=b'{"email": "sagar3@amagi.com", "password": "$"}' 
 </msg>
<msg timestamp="20221111 16:42:56.442" level="INFO">POST Response : url=http://34.236.189.23:31100/login 
 status=400, reason=Bad Request 
 headers={'X-Powered-By': 'Express', 'Access-Control-Allow-Origin': '*', 'Access-Control-Allow-Headers': 'Origin, X-Requested-With, Content-Type, Accept, Authorization', 'Content-Type': 'text/html; charset=utf-8', 'Content-Length': '57', 'ETag': 'W/"39-DMaoXXduy/h67B6IIx7+UJD7r5I"', 'Date': 'Fri, 11 Nov 2022 11:12:56 GMT', 'Connection': 'keep-alive'} 
 body={"status_code":"COG-ERR-010","description":"Login error"} 
 </msg>
<msg timestamp="20221111 16:42:56.443" level="INFO">${response} = &lt;Response [400]&gt;</msg>
<status status="PASS" starttime="20221111 16:42:55.243" endtime="20221111 16:42:56.443"/>
</kw>
<kw name="Status Should Be" library="RequestsLibrary">
<arg>${expected_status_code}</arg>
<arg>${response}</arg>
<doc>Fails if response status code is different than the expected.</doc>
<status status="PASS" starttime="20221111 16:42:56.443" endtime="20221111 16:42:56.444"/>
</kw>
<kw name="Evaluate" library="BuiltIn">
<var>${res}</var>
<arg>json.loads("""${response.content}""")</arg>
<arg>json</arg>
<doc>Evaluates the given expression in Python and returns the result.</doc>
<msg timestamp="20221111 16:42:56.445" level="INFO">${res} = {'status_code': 'COG-ERR-010', 'description': 'Login error'}</msg>
<status status="PASS" starttime="20221111 16:42:56.444" endtime="20221111 16:42:56.446"/>
</kw>
<kw name="Get Current Date" library="DateTime">
<var>${time_after_api_call}</var>
<doc>Returns current local or UTC time with an optional increment.</doc>
<msg timestamp="20221111 16:42:56.446" level="INFO">${time_after_api_call} = 2022-11-11 16:42:56.446</msg>
<status status="PASS" starttime="20221111 16:42:56.446" endtime="20221111 16:42:56.446"/>
</kw>
<msg timestamp="20221111 16:42:56.447" level="INFO">${response} = ['2022-11-11 16:42:55.243', '2022-11-11 16:42:56.446', {'status_code': 'COG-ERR-010', 'description': 'Login error'}]</msg>
<status status="PASS" starttime="20221111 16:42:55.242" endtime="20221111 16:42:56.447"/>
</kw>
<kw name="Validate negative response" library="common_keywords">
<arg>${response}</arg>
<tag>Validate negative response</tag>
<doc>This key word is used to validate negative response schema
Author-Veeresh</doc>
<kw name="Set Variable" library="BuiltIn">
<var>${time_before_api_call}</var>
<arg>${response}[0]</arg>
<doc>Returns the given values which can then be assigned to a variables.</doc>
<msg timestamp="20221111 16:42:56.448" level="INFO">${time_before_api_call} = 2022-11-11 16:42:55.243</msg>
<status status="PASS" starttime="20221111 16:42:56.448" endtime="20221111 16:42:56.448"/>
</kw>
<kw name="Set Variable" library="BuiltIn">
<var>${time_after_api_call}</var>
<arg>${response}[1]</arg>
<doc>Returns the given values which can then be assigned to a variables.</doc>
<msg timestamp="20221111 16:42:56.449" level="INFO">${time_after_api_call} = 2022-11-11 16:42:56.446</msg>
<status status="PASS" starttime="20221111 16:42:56.448" endtime="20221111 16:42:56.449"/>
</kw>
<kw name="Set Variable" library="BuiltIn">
<var>${res}</var>
<arg>${response}[2]</arg>
<doc>Returns the given values which can then be assigned to a variables.</doc>
<msg timestamp="20221111 16:42:56.449" level="INFO">${res} = {'status_code': 'COG-ERR-010', 'description': 'Login error'}</msg>
<status status="PASS" starttime="20221111 16:42:56.449" endtime="20221111 16:42:56.449"/>
</kw>
<kw name="Validate Execution time" library="common_keywords">
<arg>${time_before_api_call}</arg>
<arg>${time_after_api_call}</arg>
<tag>Validate Execution time</tag>
<doc>This key word is used to validate the execution time
Author-Veeresh</doc>
<kw name="Subtract Date From Date" library="DateTime">
<var>${executiontime}</var>
<arg>${time_after_api_call}</arg>
<arg>${time_before_api_call}</arg>
<doc>Subtracts date from another date and returns time between.</doc>
<msg timestamp="20221111 16:42:56.450" level="INFO">${executiontime} = 1.203</msg>
<status status="PASS" starttime="20221111 16:42:56.450" endtime="20221111 16:42:56.450"/>
</kw>
<if>
<branch type="IF" condition="${executiontime} &gt;= 2">
<kw name="Fail" library="BuiltIn">
<doc>Fails the test with the given message and optionally alters its tags.</doc>
<status status="NOT RUN" starttime="20221111 16:42:56.451" endtime="20221111 16:42:56.451"/>
</kw>
<status status="NOT RUN" starttime="20221111 16:42:56.451" endtime="20221111 16:42:56.451"/>
</branch>
<status status="PASS" starttime="20221111 16:42:56.450" endtime="20221111 16:42:56.451"/>
</if>
<status status="PASS" starttime="20221111 16:42:56.449" endtime="20221111 16:42:56.451"/>
</kw>
<kw name="Set Variable" library="BuiltIn">
<var>${expected_response_lenghth}</var>
<arg>2</arg>
<doc>Returns the given values which can then be assigned to a variables.</doc>
<msg timestamp="20221111 16:42:56.451" level="INFO">${expected_response_lenghth} = 2</msg>
<status status="PASS" starttime="20221111 16:42:56.451" endtime="20221111 16:42:56.452"/>
</kw>
<kw name="Validate Schema length" library="common_keywords">
<arg>${res}</arg>
<arg>${expected_response_lenghth}</arg>
<tag>Validate Schema</tag>
<doc>This keyword is used to validate the schema
Author-Veeresh</doc>
<kw name="Get Length" library="BuiltIn">
<var>${length_of_resp}</var>
<arg>${response}</arg>
<doc>Returns and logs the length of the given item as an integer.</doc>
<msg timestamp="20221111 16:42:56.452" level="INFO">Length is 2</msg>
<msg timestamp="20221111 16:42:56.453" level="INFO">${length_of_resp} = 2</msg>
<status status="PASS" starttime="20221111 16:42:56.452" endtime="20221111 16:42:56.453"/>
</kw>
<if>
<branch type="IF" condition="${length_of_resp} != ${expected_response_lenghth}">
<kw name="Fail" library="BuiltIn">
<doc>Fails the test with the given message and optionally alters its tags.</doc>
<status status="NOT RUN" starttime="20221111 16:42:56.453" endtime="20221111 16:42:56.453"/>
</kw>
<status status="NOT RUN" starttime="20221111 16:42:56.453" endtime="20221111 16:42:56.453"/>
</branch>
<status status="PASS" starttime="20221111 16:42:56.453" endtime="20221111 16:42:56.453"/>
</if>
<status status="PASS" starttime="20221111 16:42:56.452" endtime="20221111 16:42:56.453"/>
</kw>
<if>
<branch type="IF" condition="&quot;${res['status_code']}&quot; != &quot;COG-ERR-010&quot;">
<kw name="Fail" library="BuiltIn">
<doc>Fails the test with the given message and optionally alters its tags.</doc>
<status status="NOT RUN" starttime="20221111 16:42:56.454" endtime="20221111 16:42:56.454"/>
</kw>
<status status="NOT RUN" starttime="20221111 16:42:56.454" endtime="20221111 16:42:56.454"/>
</branch>
<status status="PASS" starttime="20221111 16:42:56.453" endtime="20221111 16:42:56.454"/>
</if>
<if>
<branch type="IF" condition="&quot;${res['description']}&quot; != &quot;Login error&quot;">
<kw name="Fail" library="BuiltIn">
<doc>Fails the test with the given message and optionally alters its tags.</doc>
<status status="NOT RUN" starttime="20221111 16:42:56.455" endtime="20221111 16:42:56.455"/>
</kw>
<status status="NOT RUN" starttime="20221111 16:42:56.455" endtime="20221111 16:42:56.455"/>
</branch>
<status status="PASS" starttime="20221111 16:42:56.454" endtime="20221111 16:42:56.455"/>
</if>
<kw name="Validate data type and length for given key" library="common_keywords">
<arg>${res['status_code']}</arg>
<arg>&lt;class 'str'&gt;</arg>
<arg>11</arg>
<doc>This keyword is used to validate data type and lenght of a key in given response
Author-Veeresh</doc>
<kw name="Evaluate" library="BuiltIn">
<var>${key_data_type}</var>
<arg>type("${key}")</arg>
<doc>Evaluates the given expression in Python and returns the result.</doc>
<msg timestamp="20221111 16:42:56.457" level="INFO">${key_data_type} = &lt;class 'str'&gt;</msg>
<status status="PASS" starttime="20221111 16:42:56.457" endtime="20221111 16:42:56.457"/>
</kw>
<if>
<branch type="IF" condition="&quot;${key_data_type}&quot; != &quot;${expected_key_data_type}&quot;">
<kw name="Fail" library="BuiltIn">
<doc>Fails the test with the given message and optionally alters its tags.</doc>
<status status="NOT RUN" starttime="20221111 16:42:56.458" endtime="20221111 16:42:56.458"/>
</kw>
<status status="NOT RUN" starttime="20221111 16:42:56.457" endtime="20221111 16:42:56.458"/>
</branch>
<status status="PASS" starttime="20221111 16:42:56.457" endtime="20221111 16:42:56.458"/>
</if>
<kw name="Get Length" library="BuiltIn">
<var>${key_len}</var>
<arg>${key}</arg>
<doc>Returns and logs the length of the given item as an integer.</doc>
<msg timestamp="20221111 16:42:56.458" level="INFO">Length is 11</msg>
<msg timestamp="20221111 16:42:56.458" level="INFO">${key_len} = 11</msg>
<status status="PASS" starttime="20221111 16:42:56.458" endtime="20221111 16:42:56.458"/>
</kw>
<if>
<branch type="IF" condition="${key_len} != ${expected_key_data_length}">
<kw name="Fail" library="BuiltIn">
<doc>Fails the test with the given message and optionally alters its tags.</doc>
<status status="NOT RUN" starttime="20221111 16:42:56.459" endtime="20221111 16:42:56.459"/>
</kw>
<status status="NOT RUN" starttime="20221111 16:42:56.459" endtime="20221111 16:42:56.459"/>
</branch>
<status status="PASS" starttime="20221111 16:42:56.458" endtime="20221111 16:42:56.459"/>
</if>
<status status="PASS" starttime="20221111 16:42:56.455" endtime="20221111 16:42:56.459"/>
</kw>
<kw name="Validate data type and length for given key" library="common_keywords">
<arg>${res['description']}</arg>
<arg>&lt;class 'str'&gt;</arg>
<arg>11</arg>
<doc>This keyword is used to validate data type and lenght of a key in given response
Author-Veeresh</doc>
<kw name="Evaluate" library="BuiltIn">
<var>${key_data_type}</var>
<arg>type("${key}")</arg>
<doc>Evaluates the given expression in Python and returns the result.</doc>
<msg timestamp="20221111 16:42:56.461" level="INFO">${key_data_type} = &lt;class 'str'&gt;</msg>
<status status="PASS" starttime="20221111 16:42:56.460" endtime="20221111 16:42:56.461"/>
</kw>
<if>
<branch type="IF" condition="&quot;${key_data_type}&quot; != &quot;${expected_key_data_type}&quot;">
<kw name="Fail" library="BuiltIn">
<doc>Fails the test with the given message and optionally alters its tags.</doc>
<status status="NOT RUN" starttime="20221111 16:42:56.461" endtime="20221111 16:42:56.461"/>
</kw>
<status status="NOT RUN" starttime="20221111 16:42:56.461" endtime="20221111 16:42:56.461"/>
</branch>
<status status="PASS" starttime="20221111 16:42:56.461" endtime="20221111 16:42:56.461"/>
</if>
<kw name="Get Length" library="BuiltIn">
<var>${key_len}</var>
<arg>${key}</arg>
<doc>Returns and logs the length of the given item as an integer.</doc>
<msg timestamp="20221111 16:42:56.462" level="INFO">Length is 11</msg>
<msg timestamp="20221111 16:42:56.462" level="INFO">${key_len} = 11</msg>
<status status="PASS" starttime="20221111 16:42:56.461" endtime="20221111 16:42:56.462"/>
</kw>
<if>
<branch type="IF" condition="${key_len} != ${expected_key_data_length}">
<kw name="Fail" library="BuiltIn">
<doc>Fails the test with the given message and optionally alters its tags.</doc>
<status status="NOT RUN" starttime="20221111 16:42:56.463" endtime="20221111 16:42:56.463"/>
</kw>
<status status="NOT RUN" starttime="20221111 16:42:56.463" endtime="20221111 16:42:56.463"/>
</branch>
<status status="PASS" starttime="20221111 16:42:56.462" endtime="20221111 16:42:56.463"/>
</if>
<status status="PASS" starttime="20221111 16:42:56.459" endtime="20221111 16:42:56.463"/>
</kw>
<status status="PASS" starttime="20221111 16:42:56.447" endtime="20221111 16:42:56.463"/>
</kw>
<doc>Test to check negative sign in scenario - Valid Email address empty password
Author-Veeresh</doc>
<tag>negative</tag>
<tag>Sign In Negative Test Case Valid Email address empty value for password</tag>
<timeout value="5 seconds"/>
<status status="PASS" starttime="20221111 16:42:55.239" endtime="20221111 16:42:56.463"/>
</test>
<test id="s1-t4" name="Sign In Negative Test Case Empty value for Email address empty value for password" line="39">
<kw name="Set Variable" library="BuiltIn">
<var>${expected_status_code}</var>
<arg>400</arg>
<doc>Returns the given values which can then be assigned to a variables.</doc>
<msg timestamp="20221111 16:42:56.465" level="INFO">${expected_status_code} = 400</msg>
<status status="PASS" starttime="20221111 16:42:56.464" endtime="20221111 16:42:56.465"/>
</kw>
<kw name="Create Dictionary" library="BuiltIn">
<var>&amp;{data}</var>
<arg>email=${empty_email}</arg>
<arg>password=$${empty_password}</arg>
<doc>Creates and returns a dictionary based on the given ``items``.</doc>
<msg timestamp="20221111 16:42:56.466" level="INFO">&amp;{data} = { email= | password=$ }</msg>
<status status="PASS" starttime="20221111 16:42:56.465" endtime="20221111 16:42:56.466"/>
</kw>
<kw name="Set Variable" library="BuiltIn">
<var>${path}</var>
<arg>login</arg>
<doc>Returns the given values which can then be assigned to a variables.</doc>
<msg timestamp="20221111 16:42:56.466" level="INFO">${path} = login</msg>
<status status="PASS" starttime="20221111 16:42:56.466" endtime="20221111 16:42:56.466"/>
</kw>
<kw name="Make Post Request and validate response code" library="common_keywords">
<var>${response}</var>
<arg>${expected_status_code}</arg>
<arg>${path}</arg>
<arg>&amp;{data}</arg>
<tag>Make Post Request and validate response code</tag>
<doc>This Key word is used to make API requests
Author-Veeresh</doc>
<kw name="Create Dictionary" library="BuiltIn">
<var>&amp;{headers}</var>
<arg>Content-Type=application/json</arg>
<doc>Creates and returns a dictionary based on the given ``items``.</doc>
<msg timestamp="20221111 16:42:56.467" level="INFO">&amp;{headers} = { Content-Type=application/json }</msg>
<status status="PASS" starttime="20221111 16:42:56.467" endtime="20221111 16:42:56.467"/>
</kw>
<kw name="Get Current Date" library="DateTime">
<var>${time_before_api_call}</var>
<doc>Returns current local or UTC time with an optional increment.</doc>
<msg timestamp="20221111 16:42:56.468" level="INFO">${time_before_api_call} = 2022-11-11 16:42:56.468</msg>
<status status="PASS" starttime="20221111 16:42:56.467" endtime="20221111 16:42:56.468"/>
</kw>
<kw name="POST" library="RequestsLibrary">
<var>${response}</var>
<arg>url=${url}/${path}</arg>
<arg>json=&amp;{data}</arg>
<arg>headers=&amp;{headers}</arg>
<arg>expected_status=${expected_status_code}</arg>
<doc>Sends a POST request.</doc>
<msg timestamp="20221111 16:42:57.240" level="INFO">POST Request : url=http://34.236.189.23:31100/login 
 path_url=/login 
 headers={'User-Agent': 'python-requests/2.26.0', 'Accept-Encoding': 'gzip, deflate', 'Accept': '*/*', 'Connection': 'keep-alive', 'Content-Type': 'application/json', 'Content-Length': '30'} 
 body=b'{"email": "", "password": "$"}' 
 </msg>
<msg timestamp="20221111 16:42:57.240" level="INFO">POST Response : url=http://34.236.189.23:31100/login 
 status=400, reason=Bad Request 
 headers={'X-Powered-By': 'Express', 'Access-Control-Allow-Origin': '*', 'Access-Control-Allow-Headers': 'Origin, X-Requested-With, Content-Type, Accept, Authorization', 'Content-Type': 'text/html; charset=utf-8', 'Content-Length': '57', 'ETag': 'W/"39-DMaoXXduy/h67B6IIx7+UJD7r5I"', 'Date': 'Fri, 11 Nov 2022 11:12:57 GMT', 'Connection': 'keep-alive'} 
 body={"status_code":"COG-ERR-010","description":"Login error"} 
 </msg>
<msg timestamp="20221111 16:42:57.241" level="INFO">${response} = &lt;Response [400]&gt;</msg>
<status status="PASS" starttime="20221111 16:42:56.468" endtime="20221111 16:42:57.241"/>
</kw>
<kw name="Status Should Be" library="RequestsLibrary">
<arg>${expected_status_code}</arg>
<arg>${response}</arg>
<doc>Fails if response status code is different than the expected.</doc>
<status status="PASS" starttime="20221111 16:42:57.241" endtime="20221111 16:42:57.242"/>
</kw>
<kw name="Evaluate" library="BuiltIn">
<var>${res}</var>
<arg>json.loads("""${response.content}""")</arg>
<arg>json</arg>
<doc>Evaluates the given expression in Python and returns the result.</doc>
<msg timestamp="20221111 16:42:57.243" level="INFO">${res} = {'status_code': 'COG-ERR-010', 'description': 'Login error'}</msg>
<status status="PASS" starttime="20221111 16:42:57.242" endtime="20221111 16:42:57.244"/>
</kw>
<kw name="Get Current Date" library="DateTime">
<var>${time_after_api_call}</var>
<doc>Returns current local or UTC time with an optional increment.</doc>
<msg timestamp="20221111 16:42:57.244" level="INFO">${time_after_api_call} = 2022-11-11 16:42:57.244</msg>
<status status="PASS" starttime="20221111 16:42:57.244" endtime="20221111 16:42:57.244"/>
</kw>
<msg timestamp="20221111 16:42:57.245" level="INFO">${response} = ['2022-11-11 16:42:56.468', '2022-11-11 16:42:57.244', {'status_code': 'COG-ERR-010', 'description': 'Login error'}]</msg>
<status status="PASS" starttime="20221111 16:42:56.466" endtime="20221111 16:42:57.245"/>
</kw>
<kw name="Validate negative response" library="common_keywords">
<arg>${response}</arg>
<tag>Validate negative response</tag>
<doc>This key word is used to validate negative response schema
Author-Veeresh</doc>
<kw name="Set Variable" library="BuiltIn">
<var>${time_before_api_call}</var>
<arg>${response}[0]</arg>
<doc>Returns the given values which can then be assigned to a variables.</doc>
<msg timestamp="20221111 16:42:57.246" level="INFO">${time_before_api_call} = 2022-11-11 16:42:56.468</msg>
<status status="PASS" starttime="20221111 16:42:57.246" endtime="20221111 16:42:57.246"/>
</kw>
<kw name="Set Variable" library="BuiltIn">
<var>${time_after_api_call}</var>
<arg>${response}[1]</arg>
<doc>Returns the given values which can then be assigned to a variables.</doc>
<msg timestamp="20221111 16:42:57.247" level="INFO">${time_after_api_call} = 2022-11-11 16:42:57.244</msg>
<status status="PASS" starttime="20221111 16:42:57.246" endtime="20221111 16:42:57.247"/>
</kw>
<kw name="Set Variable" library="BuiltIn">
<var>${res}</var>
<arg>${response}[2]</arg>
<doc>Returns the given values which can then be assigned to a variables.</doc>
<msg timestamp="20221111 16:42:57.247" level="INFO">${res} = {'status_code': 'COG-ERR-010', 'description': 'Login error'}</msg>
<status status="PASS" starttime="20221111 16:42:57.247" endtime="20221111 16:42:57.247"/>
</kw>
<kw name="Validate Execution time" library="common_keywords">
<arg>${time_before_api_call}</arg>
<arg>${time_after_api_call}</arg>
<tag>Validate Execution time</tag>
<doc>This key word is used to validate the execution time
Author-Veeresh</doc>
<kw name="Subtract Date From Date" library="DateTime">
<var>${executiontime}</var>
<arg>${time_after_api_call}</arg>
<arg>${time_before_api_call}</arg>
<doc>Subtracts date from another date and returns time between.</doc>
<msg timestamp="20221111 16:42:57.249" level="INFO">${executiontime} = 0.776</msg>
<status status="PASS" starttime="20221111 16:42:57.248" endtime="20221111 16:42:57.249"/>
</kw>
<if>
<branch type="IF" condition="${executiontime} &gt;= 2">
<kw name="Fail" library="BuiltIn">
<doc>Fails the test with the given message and optionally alters its tags.</doc>
<status status="NOT RUN" starttime="20221111 16:42:57.249" endtime="20221111 16:42:57.249"/>
</kw>
<status status="NOT RUN" starttime="20221111 16:42:57.249" endtime="20221111 16:42:57.249"/>
</branch>
<status status="PASS" starttime="20221111 16:42:57.249" endtime="20221111 16:42:57.249"/>
</if>
<status status="PASS" starttime="20221111 16:42:57.248" endtime="20221111 16:42:57.249"/>
</kw>
<kw name="Set Variable" library="BuiltIn">
<var>${expected_response_lenghth}</var>
<arg>2</arg>
<doc>Returns the given values which can then be assigned to a variables.</doc>
<msg timestamp="20221111 16:42:57.250" level="INFO">${expected_response_lenghth} = 2</msg>
<status status="PASS" starttime="20221111 16:42:57.249" endtime="20221111 16:42:57.250"/>
</kw>
<kw name="Validate Schema length" library="common_keywords">
<arg>${res}</arg>
<arg>${expected_response_lenghth}</arg>
<tag>Validate Schema</tag>
<doc>This keyword is used to validate the schema
Author-Veeresh</doc>
<kw name="Get Length" library="BuiltIn">
<var>${length_of_resp}</var>
<arg>${response}</arg>
<doc>Returns and logs the length of the given item as an integer.</doc>
<msg timestamp="20221111 16:42:57.251" level="INFO">Length is 2</msg>
<msg timestamp="20221111 16:42:57.251" level="INFO">${length_of_resp} = 2</msg>
<status status="PASS" starttime="20221111 16:42:57.250" endtime="20221111 16:42:57.251"/>
</kw>
<if>
<branch type="IF" condition="${length_of_resp} != ${expected_response_lenghth}">
<kw name="Fail" library="BuiltIn">
<doc>Fails the test with the given message and optionally alters its tags.</doc>
<status status="NOT RUN" starttime="20221111 16:42:57.251" endtime="20221111 16:42:57.251"/>
</kw>
<status status="NOT RUN" starttime="20221111 16:42:57.251" endtime="20221111 16:42:57.251"/>
</branch>
<status status="PASS" starttime="20221111 16:42:57.251" endtime="20221111 16:42:57.251"/>
</if>
<status status="PASS" starttime="20221111 16:42:57.250" endtime="20221111 16:42:57.251"/>
</kw>
<if>
<branch type="IF" condition="&quot;${res['status_code']}&quot; != &quot;COG-ERR-010&quot;">
<kw name="Fail" library="BuiltIn">
<doc>Fails the test with the given message and optionally alters its tags.</doc>
<status status="NOT RUN" starttime="20221111 16:42:57.252" endtime="20221111 16:42:57.252"/>
</kw>
<status status="NOT RUN" starttime="20221111 16:42:57.252" endtime="20221111 16:42:57.252"/>
</branch>
<status status="PASS" starttime="20221111 16:42:57.252" endtime="20221111 16:42:57.252"/>
</if>
<if>
<branch type="IF" condition="&quot;${res['description']}&quot; != &quot;Login error&quot;">
<kw name="Fail" library="BuiltIn">
<doc>Fails the test with the given message and optionally alters its tags.</doc>
<status status="NOT RUN" starttime="20221111 16:42:57.253" endtime="20221111 16:42:57.253"/>
</kw>
<status status="NOT RUN" starttime="20221111 16:42:57.253" endtime="20221111 16:42:57.253"/>
</branch>
<status status="PASS" starttime="20221111 16:42:57.252" endtime="20221111 16:42:57.253"/>
</if>
<kw name="Validate data type and length for given key" library="common_keywords">
<arg>${res['status_code']}</arg>
<arg>&lt;class 'str'&gt;</arg>
<arg>11</arg>
<doc>This keyword is used to validate data type and lenght of a key in given response
Author-Veeresh</doc>
<kw name="Evaluate" library="BuiltIn">
<var>${key_data_type}</var>
<arg>type("${key}")</arg>
<doc>Evaluates the given expression in Python and returns the result.</doc>
<msg timestamp="20221111 16:42:57.255" level="INFO">${key_data_type} = &lt;class 'str'&gt;</msg>
<status status="PASS" starttime="20221111 16:42:57.254" endtime="20221111 16:42:57.255"/>
</kw>
<if>
<branch type="IF" condition="&quot;${key_data_type}&quot; != &quot;${expected_key_data_type}&quot;">
<kw name="Fail" library="BuiltIn">
<doc>Fails the test with the given message and optionally alters its tags.</doc>
<status status="NOT RUN" starttime="20221111 16:42:57.255" endtime="20221111 16:42:57.255"/>
</kw>
<status status="NOT RUN" starttime="20221111 16:42:57.255" endtime="20221111 16:42:57.255"/>
</branch>
<status status="PASS" starttime="20221111 16:42:57.255" endtime="20221111 16:42:57.255"/>
</if>
<kw name="Get Length" library="BuiltIn">
<var>${key_len}</var>
<arg>${key}</arg>
<doc>Returns and logs the length of the given item as an integer.</doc>
<msg timestamp="20221111 16:42:57.256" level="INFO">Length is 11</msg>
<msg timestamp="20221111 16:42:57.256" level="INFO">${key_len} = 11</msg>
<status status="PASS" starttime="20221111 16:42:57.255" endtime="20221111 16:42:57.256"/>
</kw>
<if>
<branch type="IF" condition="${key_len} != ${expected_key_data_length}">
<kw name="Fail" library="BuiltIn">
<doc>Fails the test with the given message and optionally alters its tags.</doc>
<status status="NOT RUN" starttime="20221111 16:42:57.256" endtime="20221111 16:42:57.256"/>
</kw>
<status status="NOT RUN" starttime="20221111 16:42:57.256" endtime="20221111 16:42:57.256"/>
</branch>
<status status="PASS" starttime="20221111 16:42:57.256" endtime="20221111 16:42:57.256"/>
</if>
<status status="PASS" starttime="20221111 16:42:57.253" endtime="20221111 16:42:57.257"/>
</kw>
<kw name="Validate data type and length for given key" library="common_keywords">
<arg>${res['description']}</arg>
<arg>&lt;class 'str'&gt;</arg>
<arg>11</arg>
<doc>This keyword is used to validate data type and lenght of a key in given response
Author-Veeresh</doc>
<kw name="Evaluate" library="BuiltIn">
<var>${key_data_type}</var>
<arg>type("${key}")</arg>
<doc>Evaluates the given expression in Python and returns the result.</doc>
<msg timestamp="20221111 16:42:57.258" level="INFO">${key_data_type} = &lt;class 'str'&gt;</msg>
<status status="PASS" starttime="20221111 16:42:57.258" endtime="20221111 16:42:57.258"/>
</kw>
<if>
<branch type="IF" condition="&quot;${key_data_type}&quot; != &quot;${expected_key_data_type}&quot;">
<kw name="Fail" library="BuiltIn">
<doc>Fails the test with the given message and optionally alters its tags.</doc>
<status status="NOT RUN" starttime="20221111 16:42:57.259" endtime="20221111 16:42:57.259"/>
</kw>
<status status="NOT RUN" starttime="20221111 16:42:57.259" endtime="20221111 16:42:57.259"/>
</branch>
<status status="PASS" starttime="20221111 16:42:57.258" endtime="20221111 16:42:57.259"/>
</if>
<kw name="Get Length" library="BuiltIn">
<var>${key_len}</var>
<arg>${key}</arg>
<doc>Returns and logs the length of the given item as an integer.</doc>
<msg timestamp="20221111 16:42:57.259" level="INFO">Length is 11</msg>
<msg timestamp="20221111 16:42:57.259" level="INFO">${key_len} = 11</msg>
<status status="PASS" starttime="20221111 16:42:57.259" endtime="20221111 16:42:57.259"/>
</kw>
<if>
<branch type="IF" condition="${key_len} != ${expected_key_data_length}">
<kw name="Fail" library="BuiltIn">
<doc>Fails the test with the given message and optionally alters its tags.</doc>
<status status="NOT RUN" starttime="20221111 16:42:57.260" endtime="20221111 16:42:57.260"/>
</kw>
<status status="NOT RUN" starttime="20221111 16:42:57.260" endtime="20221111 16:42:57.260"/>
</branch>
<status status="PASS" starttime="20221111 16:42:57.259" endtime="20221111 16:42:57.260"/>
</if>
<status status="PASS" starttime="20221111 16:42:57.257" endtime="20221111 16:42:57.260"/>
</kw>
<status status="PASS" starttime="20221111 16:42:57.245" endtime="20221111 16:42:57.260"/>
</kw>
<doc>Test to check negative sign in scenario - Valid Email address empty password
Author-Veeresh</doc>
<tag>negative</tag>
<tag>Sign In Negative Test Case Empty value for Email address empty value for password</tag>
<timeout value="5 seconds"/>
<status status="PASS" starttime="20221111 16:42:56.464" endtime="20221111 16:42:57.260"/>
</test>
<test id="s1-t5" name="Sign In Negative Test Case Invalid value for Email address valid value for password" line="49">
<kw name="Set Variable" library="BuiltIn">
<var>${expected_status_code}</var>
<arg>400</arg>
<doc>Returns the given values which can then be assigned to a variables.</doc>
<msg timestamp="20221111 16:42:57.262" level="INFO">${expected_status_code} = 400</msg>
<status status="PASS" starttime="20221111 16:42:57.261" endtime="20221111 16:42:57.262"/>
</kw>
<kw name="Create Dictionary" library="BuiltIn">
<var>&amp;{data}</var>
<arg>email=${invalid_email}</arg>
<arg>password=$${password}</arg>
<doc>Creates and returns a dictionary based on the given ``items``.</doc>
<msg timestamp="20221111 16:42:57.263" level="INFO">&amp;{data} = { email=sagar4@amagi.com" | password=$Amagi@123 }</msg>
<status status="PASS" starttime="20221111 16:42:57.262" endtime="20221111 16:42:57.263"/>
</kw>
<kw name="Set Variable" library="BuiltIn">
<var>${path}</var>
<arg>login</arg>
<doc>Returns the given values which can then be assigned to a variables.</doc>
<msg timestamp="20221111 16:42:57.263" level="INFO">${path} = login</msg>
<status status="PASS" starttime="20221111 16:42:57.263" endtime="20221111 16:42:57.263"/>
</kw>
<kw name="Make Post Request and validate response code" library="common_keywords">
<var>${response}</var>
<arg>${expected_status_code}</arg>
<arg>${path}</arg>
<arg>&amp;{data}</arg>
<tag>Make Post Request and validate response code</tag>
<doc>This Key word is used to make API requests
Author-Veeresh</doc>
<kw name="Create Dictionary" library="BuiltIn">
<var>&amp;{headers}</var>
<arg>Content-Type=application/json</arg>
<doc>Creates and returns a dictionary based on the given ``items``.</doc>
<msg timestamp="20221111 16:42:57.265" level="INFO">&amp;{headers} = { Content-Type=application/json }</msg>
<status status="PASS" starttime="20221111 16:42:57.264" endtime="20221111 16:42:57.265"/>
</kw>
<kw name="Get Current Date" library="DateTime">
<var>${time_before_api_call}</var>
<doc>Returns current local or UTC time with an optional increment.</doc>
<msg timestamp="20221111 16:42:57.265" level="INFO">${time_before_api_call} = 2022-11-11 16:42:57.265</msg>
<status status="PASS" starttime="20221111 16:42:57.265" endtime="20221111 16:42:57.265"/>
</kw>
<kw name="POST" library="RequestsLibrary">
<var>${response}</var>
<arg>url=${url}/${path}</arg>
<arg>json=&amp;{data}</arg>
<arg>headers=&amp;{headers}</arg>
<arg>expected_status=${expected_status_code}</arg>
<doc>Sends a POST request.</doc>
<msg timestamp="20221111 16:42:58.164" level="INFO">POST Request : url=http://34.236.189.23:31100/login 
 path_url=/login 
 headers={'User-Agent': 'python-requests/2.26.0', 'Accept-Encoding': 'gzip, deflate', 'Accept': '*/*', 'Connection': 'keep-alive', 'Content-Type': 'application/json', 'Content-Length': '57'} 
 body=b'{"email": "sagar4@amagi.com\\"", "password": "$Amagi@123"}' 
 </msg>
<msg timestamp="20221111 16:42:58.164" level="INFO">POST Response : url=http://34.236.189.23:31100/login 
 status=400, reason=Bad Request 
 headers={'X-Powered-By': 'Express', 'Access-Control-Allow-Origin': '*', 'Access-Control-Allow-Headers': 'Origin, X-Requested-With, Content-Type, Accept, Authorization', 'Content-Type': 'text/html; charset=utf-8', 'Content-Length': '57', 'ETag': 'W/"39-DMaoXXduy/h67B6IIx7+UJD7r5I"', 'Date': 'Fri, 11 Nov 2022 11:12:57 GMT', 'Connection': 'keep-alive'} 
 body={"status_code":"COG-ERR-010","description":"Login error"} 
 </msg>
<msg timestamp="20221111 16:42:58.164" level="INFO">${response} = &lt;Response [400]&gt;</msg>
<status status="PASS" starttime="20221111 16:42:57.265" endtime="20221111 16:42:58.164"/>
</kw>
<kw name="Status Should Be" library="RequestsLibrary">
<arg>${expected_status_code}</arg>
<arg>${response}</arg>
<doc>Fails if response status code is different than the expected.</doc>
<status status="PASS" starttime="20221111 16:42:58.165" endtime="20221111 16:42:58.165"/>
</kw>
<kw name="Evaluate" library="BuiltIn">
<var>${res}</var>
<arg>json.loads("""${response.content}""")</arg>
<arg>json</arg>
<doc>Evaluates the given expression in Python and returns the result.</doc>
<msg timestamp="20221111 16:42:58.167" level="INFO">${res} = {'status_code': 'COG-ERR-010', 'description': 'Login error'}</msg>
<status status="PASS" starttime="20221111 16:42:58.166" endtime="20221111 16:42:58.167"/>
</kw>
<kw name="Get Current Date" library="DateTime">
<var>${time_after_api_call}</var>
<doc>Returns current local or UTC time with an optional increment.</doc>
<msg timestamp="20221111 16:42:58.167" level="INFO">${time_after_api_call} = 2022-11-11 16:42:58.167</msg>
<status status="PASS" starttime="20221111 16:42:58.167" endtime="20221111 16:42:58.167"/>
</kw>
<msg timestamp="20221111 16:42:58.168" level="INFO">${response} = ['2022-11-11 16:42:57.265', '2022-11-11 16:42:58.167', {'status_code': 'COG-ERR-010', 'description': 'Login error'}]</msg>
<status status="PASS" starttime="20221111 16:42:57.263" endtime="20221111 16:42:58.168"/>
</kw>
<kw name="Validate negative response" library="common_keywords">
<arg>${response}</arg>
<tag>Validate negative response</tag>
<doc>This key word is used to validate negative response schema
Author-Veeresh</doc>
<kw name="Set Variable" library="BuiltIn">
<var>${time_before_api_call}</var>
<arg>${response}[0]</arg>
<doc>Returns the given values which can then be assigned to a variables.</doc>
<msg timestamp="20221111 16:42:58.169" level="INFO">${time_before_api_call} = 2022-11-11 16:42:57.265</msg>
<status status="PASS" starttime="20221111 16:42:58.169" endtime="20221111 16:42:58.169"/>
</kw>
<kw name="Set Variable" library="BuiltIn">
<var>${time_after_api_call}</var>
<arg>${response}[1]</arg>
<doc>Returns the given values which can then be assigned to a variables.</doc>
<msg timestamp="20221111 16:42:58.170" level="INFO">${time_after_api_call} = 2022-11-11 16:42:58.167</msg>
<status status="PASS" starttime="20221111 16:42:58.169" endtime="20221111 16:42:58.170"/>
</kw>
<kw name="Set Variable" library="BuiltIn">
<var>${res}</var>
<arg>${response}[2]</arg>
<doc>Returns the given values which can then be assigned to a variables.</doc>
<msg timestamp="20221111 16:42:58.170" level="INFO">${res} = {'status_code': 'COG-ERR-010', 'description': 'Login error'}</msg>
<status status="PASS" starttime="20221111 16:42:58.170" endtime="20221111 16:42:58.170"/>
</kw>
<kw name="Validate Execution time" library="common_keywords">
<arg>${time_before_api_call}</arg>
<arg>${time_after_api_call}</arg>
<tag>Validate Execution time</tag>
<doc>This key word is used to validate the execution time
Author-Veeresh</doc>
<kw name="Subtract Date From Date" library="DateTime">
<var>${executiontime}</var>
<arg>${time_after_api_call}</arg>
<arg>${time_before_api_call}</arg>
<doc>Subtracts date from another date and returns time between.</doc>
<msg timestamp="20221111 16:42:58.172" level="INFO">${executiontime} = 0.902</msg>
<status status="PASS" starttime="20221111 16:42:58.171" endtime="20221111 16:42:58.172"/>
</kw>
<if>
<branch type="IF" condition="${executiontime} &gt;= 2">
<kw name="Fail" library="BuiltIn">
<doc>Fails the test with the given message and optionally alters its tags.</doc>
<status status="NOT RUN" starttime="20221111 16:42:58.172" endtime="20221111 16:42:58.172"/>
</kw>
<status status="NOT RUN" starttime="20221111 16:42:58.172" endtime="20221111 16:42:58.172"/>
</branch>
<status status="PASS" starttime="20221111 16:42:58.172" endtime="20221111 16:42:58.172"/>
</if>
<status status="PASS" starttime="20221111 16:42:58.170" endtime="20221111 16:42:58.172"/>
</kw>
<kw name="Set Variable" library="BuiltIn">
<var>${expected_response_lenghth}</var>
<arg>2</arg>
<doc>Returns the given values which can then be assigned to a variables.</doc>
<msg timestamp="20221111 16:42:58.173" level="INFO">${expected_response_lenghth} = 2</msg>
<status status="PASS" starttime="20221111 16:42:58.172" endtime="20221111 16:42:58.173"/>
</kw>
<kw name="Validate Schema length" library="common_keywords">
<arg>${res}</arg>
<arg>${expected_response_lenghth}</arg>
<tag>Validate Schema</tag>
<doc>This keyword is used to validate the schema
Author-Veeresh</doc>
<kw name="Get Length" library="BuiltIn">
<var>${length_of_resp}</var>
<arg>${response}</arg>
<doc>Returns and logs the length of the given item as an integer.</doc>
<msg timestamp="20221111 16:42:58.174" level="INFO">Length is 2</msg>
<msg timestamp="20221111 16:42:58.174" level="INFO">${length_of_resp} = 2</msg>
<status status="PASS" starttime="20221111 16:42:58.173" endtime="20221111 16:42:58.174"/>
</kw>
<if>
<branch type="IF" condition="${length_of_resp} != ${expected_response_lenghth}">
<kw name="Fail" library="BuiltIn">
<doc>Fails the test with the given message and optionally alters its tags.</doc>
<status status="NOT RUN" starttime="20221111 16:42:58.174" endtime="20221111 16:42:58.174"/>
</kw>
<status status="NOT RUN" starttime="20221111 16:42:58.174" endtime="20221111 16:42:58.174"/>
</branch>
<status status="PASS" starttime="20221111 16:42:58.174" endtime="20221111 16:42:58.174"/>
</if>
<status status="PASS" starttime="20221111 16:42:58.173" endtime="20221111 16:42:58.175"/>
</kw>
<if>
<branch type="IF" condition="&quot;${res['status_code']}&quot; != &quot;COG-ERR-010&quot;">
<kw name="Fail" library="BuiltIn">
<doc>Fails the test with the given message and optionally alters its tags.</doc>
<status status="NOT RUN" starttime="20221111 16:42:58.175" endtime="20221111 16:42:58.175"/>
</kw>
<status status="NOT RUN" starttime="20221111 16:42:58.175" endtime="20221111 16:42:58.175"/>
</branch>
<status status="PASS" starttime="20221111 16:42:58.175" endtime="20221111 16:42:58.176"/>
</if>
<if>
<branch type="IF" condition="&quot;${res['description']}&quot; != &quot;Login error&quot;">
<kw name="Fail" library="BuiltIn">
<doc>Fails the test with the given message and optionally alters its tags.</doc>
<status status="NOT RUN" starttime="20221111 16:42:58.176" endtime="20221111 16:42:58.176"/>
</kw>
<status status="NOT RUN" starttime="20221111 16:42:58.176" endtime="20221111 16:42:58.176"/>
</branch>
<status status="PASS" starttime="20221111 16:42:58.176" endtime="20221111 16:42:58.176"/>
</if>
<kw name="Validate data type and length for given key" library="common_keywords">
<arg>${res['status_code']}</arg>
<arg>&lt;class 'str'&gt;</arg>
<arg>11</arg>
<doc>This keyword is used to validate data type and lenght of a key in given response
Author-Veeresh</doc>
<kw name="Evaluate" library="BuiltIn">
<var>${key_data_type}</var>
<arg>type("${key}")</arg>
<doc>Evaluates the given expression in Python and returns the result.</doc>
<msg timestamp="20221111 16:42:58.178" level="INFO">${key_data_type} = &lt;class 'str'&gt;</msg>
<status status="PASS" starttime="20221111 16:42:58.178" endtime="20221111 16:42:58.178"/>
</kw>
<if>
<branch type="IF" condition="&quot;${key_data_type}&quot; != &quot;${expected_key_data_type}&quot;">
<kw name="Fail" library="BuiltIn">
<doc>Fails the test with the given message and optionally alters its tags.</doc>
<status status="NOT RUN" starttime="20221111 16:42:58.178" endtime="20221111 16:42:58.179"/>
</kw>
<status status="NOT RUN" starttime="20221111 16:42:58.178" endtime="20221111 16:42:58.179"/>
</branch>
<status status="PASS" starttime="20221111 16:42:58.178" endtime="20221111 16:42:58.179"/>
</if>
<kw name="Get Length" library="BuiltIn">
<var>${key_len}</var>
<arg>${key}</arg>
<doc>Returns and logs the length of the given item as an integer.</doc>
<msg timestamp="20221111 16:42:58.179" level="INFO">Length is 11</msg>
<msg timestamp="20221111 16:42:58.179" level="INFO">${key_len} = 11</msg>
<status status="PASS" starttime="20221111 16:42:58.179" endtime="20221111 16:42:58.179"/>
</kw>
<if>
<branch type="IF" condition="${key_len} != ${expected_key_data_length}">
<kw name="Fail" library="BuiltIn">
<doc>Fails the test with the given message and optionally alters its tags.</doc>
<status status="NOT RUN" starttime="20221111 16:42:58.180" endtime="20221111 16:42:58.180"/>
</kw>
<status status="NOT RUN" starttime="20221111 16:42:58.179" endtime="20221111 16:42:58.180"/>
</branch>
<status status="PASS" starttime="20221111 16:42:58.179" endtime="20221111 16:42:58.180"/>
</if>
<status status="PASS" starttime="20221111 16:42:58.177" endtime="20221111 16:42:58.180"/>
</kw>
<kw name="Validate data type and length for given key" library="common_keywords">
<arg>${res['description']}</arg>
<arg>&lt;class 'str'&gt;</arg>
<arg>11</arg>
<doc>This keyword is used to validate data type and lenght of a key in given response
Author-Veeresh</doc>
<kw name="Evaluate" library="BuiltIn">
<var>${key_data_type}</var>
<arg>type("${key}")</arg>
<doc>Evaluates the given expression in Python and returns the result.</doc>
<msg timestamp="20221111 16:42:58.181" level="INFO">${key_data_type} = &lt;class 'str'&gt;</msg>
<status status="PASS" starttime="20221111 16:42:58.181" endtime="20221111 16:42:58.181"/>
</kw>
<if>
<branch type="IF" condition="&quot;${key_data_type}&quot; != &quot;${expected_key_data_type}&quot;">
<kw name="Fail" library="BuiltIn">
<doc>Fails the test with the given message and optionally alters its tags.</doc>
<status status="NOT RUN" starttime="20221111 16:42:58.182" endtime="20221111 16:42:58.182"/>
</kw>
<status status="NOT RUN" starttime="20221111 16:42:58.182" endtime="20221111 16:42:58.182"/>
</branch>
<status status="PASS" starttime="20221111 16:42:58.181" endtime="20221111 16:42:58.182"/>
</if>
<kw name="Get Length" library="BuiltIn">
[...]
<status status="PASS" starttime="20221111 16:43:21.821" endtime="20221111 16:43:21.822"/>
</kw>
<kw name="Set Variable" library="BuiltIn">
<var>${time_after_api_call}</var>
<arg>${response}[1]</arg>
<doc>Returns the given values which can then be assigned to a variables.</doc>
<msg timestamp="20221111 16:43:21.822" level="INFO">${time_after_api_call} = 2022-11-11 16:43:21.820</msg>
<status status="PASS" starttime="20221111 16:43:21.822" endtime="20221111 16:43:21.822"/>
</kw>
<kw name="Set Variable" library="BuiltIn">
<var>${res}</var>
<arg>${response}[2]</arg>
<doc>Returns the given values which can then be assigned to a variables.</doc>
<msg timestamp="20221111 16:43:21.823" level="INFO">${res} = {'error': {'message': 'Not Found'}}</msg>
<status status="PASS" starttime="20221111 16:43:21.822" endtime="20221111 16:43:21.823"/>
</kw>
<kw name="Validate Execution time" library="common_keywords">
<arg>${time_before_api_call}</arg>
<arg>${time_after_api_call}</arg>
<tag>Validate Execution time</tag>
<doc>This key word is used to validate the execution time
Author-Veeresh</doc>
<kw name="Subtract Date From Date" library="DateTime">
<var>${executiontime}</var>
<arg>${time_after_api_call}</arg>
<arg>${time_before_api_call}</arg>
<doc>Subtracts date from another date and returns time between.</doc>
<msg timestamp="20221111 16:43:21.824" level="INFO">${executiontime} = 0.587</msg>
<status status="PASS" starttime="20221111 16:43:21.823" endtime="20221111 16:43:21.824"/>
</kw>
<if>
<branch type="IF" condition="${executiontime} &gt;= 2">
<kw name="Fail" library="BuiltIn">
<doc>Fails the test with the given message and optionally alters its tags.</doc>
<status status="NOT RUN" starttime="20221111 16:43:21.824" endtime="20221111 16:43:21.824"/>
</kw>
<status status="NOT RUN" starttime="20221111 16:43:21.824" endtime="20221111 16:43:21.825"/>
</branch>
<status status="PASS" starttime="20221111 16:43:21.824" endtime="20221111 16:43:21.825"/>
</if>
<status status="PASS" starttime="20221111 16:43:21.823" endtime="20221111 16:43:21.825"/>
</kw>
<kw name="Set Variable" library="BuiltIn">
<var>${expected_response_lenghth}</var>
<arg>1</arg>
<doc>Returns the given values which can then be assigned to a variables.</doc>
<msg timestamp="20221111 16:43:21.825" level="INFO">${expected_response_lenghth} = 1</msg>
<status status="PASS" starttime="20221111 16:43:21.825" endtime="20221111 16:43:21.825"/>
</kw>
<kw name="Validate Schema length" library="common_keywords">
<arg>${res}</arg>
<arg>${expected_response_lenghth}</arg>
<tag>Validate Schema</tag>
<doc>This keyword is used to validate the schema
Author-Veeresh</doc>
<kw name="Get Length" library="BuiltIn">
<var>${length_of_resp}</var>
<arg>${response}</arg>
<doc>Returns and logs the length of the given item as an integer.</doc>
<msg timestamp="20221111 16:43:21.826" level="INFO">Length is 1</msg>
<msg timestamp="20221111 16:43:21.826" level="INFO">${length_of_resp} = 1</msg>
<status status="PASS" starttime="20221111 16:43:21.826" endtime="20221111 16:43:21.826"/>
</kw>
<if>
<branch type="IF" condition="${length_of_resp} != ${expected_response_lenghth}">
<kw name="Fail" library="BuiltIn">
<doc>Fails the test with the given message and optionally alters its tags.</doc>
<status status="NOT RUN" starttime="20221111 16:43:21.827" endtime="20221111 16:43:21.827"/>
</kw>
<status status="NOT RUN" starttime="20221111 16:43:21.827" endtime="20221111 16:43:21.827"/>
</branch>
<status status="PASS" starttime="20221111 16:43:21.826" endtime="20221111 16:43:21.827"/>
</if>
<status status="PASS" starttime="20221111 16:43:21.825" endtime="20221111 16:43:21.827"/>
</kw>
<if>
<branch type="IF" condition="${res['error']} == &quot;${EMPTY}&quot;">
<kw name="Fail" library="BuiltIn">
<doc>Fails the test with the given message and optionally alters its tags.</doc>
<status status="NOT RUN" starttime="20221111 16:43:21.828" endtime="20221111 16:43:21.828"/>
</kw>
<status status="NOT RUN" starttime="20221111 16:43:21.828" endtime="20221111 16:43:21.828"/>
</branch>
<status status="PASS" starttime="20221111 16:43:21.827" endtime="20221111 16:43:21.828"/>
</if>
<status status="PASS" starttime="20221111 16:43:21.821" endtime="20221111 16:43:21.829"/>
</kw>
<doc>Test to check negative sign in scenario - Empty payload
Author-Veeresh</doc>
<tag>negative</tag>
<tag>Sign In Negative Case with Empty path</tag>
<timeout value="5 seconds"/>
<status status="PASS" starttime="20221111 16:43:21.229" endtime="20221111 16:43:21.829"/>
</test>
<test id="s1-t17" name="Sign In Negative Case with empty key for email" line="166">
<kw name="Set Variable" library="BuiltIn">
<var>${expected_status_code}</var>
<arg>400</arg>
<doc>Returns the given values which can then be assigned to a variables.</doc>
<msg timestamp="20221111 16:43:21.830" level="INFO">${expected_status_code} = 400</msg>
<status status="PASS" starttime="20221111 16:43:21.830" endtime="20221111 16:43:21.830"/>
</kw>
<kw name="Create Dictionary" library="BuiltIn">
<var>&amp;{data}</var>
<arg>${EMPTY}=${email}</arg>
<arg>password=${password}</arg>
<doc>Creates and returns a dictionary based on the given ``items``.</doc>
<msg timestamp="20221111 16:43:21.832" level="INFO">&amp;{data} = { =sagar3@amagi.com | password=Amagi@123 }</msg>
<status status="PASS" starttime="20221111 16:43:21.831" endtime="20221111 16:43:21.832"/>
</kw>
<kw name="Set Variable" library="BuiltIn">
<var>${path}</var>
<arg>login</arg>
<doc>Returns the given values which can then be assigned to a variables.</doc>
<msg timestamp="20221111 16:43:21.832" level="INFO">${path} = login</msg>
<status status="PASS" starttime="20221111 16:43:21.832" endtime="20221111 16:43:21.832"/>
</kw>
<kw name="Make Post Request and validate response code" library="common_keywords">
<var>${response}</var>
<arg>${expected_status_code}</arg>
<arg>${path}</arg>
<arg>&amp;{data}</arg>
<tag>Make Post Request and validate response code</tag>
<doc>This Key word is used to make API requests
Author-Veeresh</doc>
<kw name="Create Dictionary" library="BuiltIn">
<var>&amp;{headers}</var>
<arg>Content-Type=application/json</arg>
<doc>Creates and returns a dictionary based on the given ``items``.</doc>
<msg timestamp="20221111 16:43:21.834" level="INFO">&amp;{headers} = { Content-Type=application/json }</msg>
<status status="PASS" starttime="20221111 16:43:21.833" endtime="20221111 16:43:21.834"/>
</kw>
<kw name="Get Current Date" library="DateTime">
<var>${time_before_api_call}</var>
<doc>Returns current local or UTC time with an optional increment.</doc>
<msg timestamp="20221111 16:43:21.834" level="INFO">${time_before_api_call} = 2022-11-11 16:43:21.834</msg>
<status status="PASS" starttime="20221111 16:43:21.834" endtime="20221111 16:43:21.834"/>
</kw>
<kw name="POST" library="RequestsLibrary">
<var>${response}</var>
<arg>url=${url}/${path}</arg>
<arg>json=&amp;{data}</arg>
<arg>headers=&amp;{headers}</arg>
<arg>expected_status=${expected_status_code}</arg>
<doc>Sends a POST request.</doc>
<msg timestamp="20221111 16:43:26.833" level="FAIL">Test timeout 5 seconds exceeded.</msg>
<status status="FAIL" starttime="20221111 16:43:21.834" endtime="20221111 16:43:26.833"/>
</kw>
<kw name="Status Should Be" library="RequestsLibrary">
<arg>${expected_status_code}</arg>
<arg>${response}</arg>
<doc>Fails if response status code is different than the expected.</doc>
<status status="NOT RUN" starttime="20221111 16:43:26.834" endtime="20221111 16:43:26.834"/>
</kw>
<kw name="Evaluate" library="BuiltIn">
<var>${res}</var>
<arg>json.loads("""${response.content}""")</arg>
<arg>json</arg>
<doc>Evaluates the given expression in Python and returns the result.</doc>
<status status="NOT RUN" starttime="20221111 16:43:26.834" endtime="20221111 16:43:26.834"/>
</kw>
<kw name="Get Current Date" library="DateTime">
<var>${time_after_api_call}</var>
<doc>Returns current local or UTC time with an optional increment.</doc>
<status status="NOT RUN" starttime="20221111 16:43:26.834" endtime="20221111 16:43:26.834"/>
</kw>
<status status="FAIL" starttime="20221111 16:43:21.832" endtime="20221111 16:43:26.835"/>
</kw>
<doc>Test to check negative sign in scenario - Empty key for email
Author-Veeresh</doc>
<tag>negative</tag>
<tag>Sign In Negative Case with empty key for email</tag>
<timeout value="5 seconds"/>
<status status="FAIL" starttime="20221111 16:43:21.829" endtime="20221111 16:43:26.835">Test timeout 5 seconds exceeded.</status>
</test>
<test id="s1-t18" name="Sign In Negative Case with empty key for password and email" line="175">
<kw name="Set Variable" library="BuiltIn">
<var>${expected_status_code}</var>
<arg>400</arg>
<doc>Returns the given values which can then be assigned to a variables.</doc>
<msg timestamp="20221111 16:43:26.837" level="INFO">${expected_status_code} = 400</msg>
<status status="PASS" starttime="20221111 16:43:26.837" endtime="20221111 16:43:26.837"/>
</kw>
<kw name="Create Dictionary" library="BuiltIn">
<var>&amp;{data}</var>
<arg>${EMPTY}=${email}</arg>
<arg>${EMPTY}=${password}</arg>
<doc>Creates and returns a dictionary based on the given ``items``.</doc>
<msg timestamp="20221111 16:43:26.839" level="INFO">&amp;{data} = { =Amagi@123 }</msg>
<status status="PASS" starttime="20221111 16:43:26.837" endtime="20221111 16:43:26.839"/>
</kw>
<kw name="Set Variable" library="BuiltIn">
<var>${path}</var>
<arg>login</arg>
<doc>Returns the given values which can then be assigned to a variables.</doc>
<msg timestamp="20221111 16:43:26.840" level="INFO">${path} = login</msg>
<status status="PASS" starttime="20221111 16:43:26.840" endtime="20221111 16:43:26.840"/>
</kw>
<kw name="Make Post Request and validate response code" library="common_keywords">
<var>${response}</var>
<arg>${expected_status_code}</arg>
<arg>${path}</arg>
<arg>&amp;{data}</arg>
<tag>Make Post Request and validate response code</tag>
<doc>This Key word is used to make API requests
Author-Veeresh</doc>
<kw name="Create Dictionary" library="BuiltIn">
<var>&amp;{headers}</var>
<arg>Content-Type=application/json</arg>
<doc>Creates and returns a dictionary based on the given ``items``.</doc>
<msg timestamp="20221111 16:43:26.841" level="INFO">&amp;{headers} = { Content-Type=application/json }</msg>
<status status="PASS" starttime="20221111 16:43:26.841" endtime="20221111 16:43:26.841"/>
</kw>
<kw name="Get Current Date" library="DateTime">
<var>${time_before_api_call}</var>
<doc>Returns current local or UTC time with an optional increment.</doc>
<msg timestamp="20221111 16:43:26.842" level="INFO">${time_before_api_call} = 2022-11-11 16:43:26.842</msg>
<status status="PASS" starttime="20221111 16:43:26.841" endtime="20221111 16:43:26.842"/>
</kw>
<kw name="POST" library="RequestsLibrary">
<var>${response}</var>
<arg>url=${url}/${path}</arg>
<arg>json=&amp;{data}</arg>
<arg>headers=&amp;{headers}</arg>
<arg>expected_status=${expected_status_code}</arg>
<doc>Sends a POST request.</doc>
<msg timestamp="20221111 16:43:31.842" level="FAIL">Test timeout 5 seconds exceeded.</msg>
<status status="FAIL" starttime="20221111 16:43:26.842" endtime="20221111 16:43:31.842"/>
</kw>
<kw name="Status Should Be" library="RequestsLibrary">
<arg>${expected_status_code}</arg>
<arg>${response}</arg>
<doc>Fails if response status code is different than the expected.</doc>
<status status="NOT RUN" starttime="20221111 16:43:31.842" endtime="20221111 16:43:31.842"/>
</kw>
<kw name="Evaluate" library="BuiltIn">
<var>${res}</var>
<arg>json.loads("""${response.content}""")</arg>
<arg>json</arg>
<doc>Evaluates the given expression in Python and returns the result.</doc>
<status status="NOT RUN" starttime="20221111 16:43:31.842" endtime="20221111 16:43:31.843"/>
</kw>
<kw name="Get Current Date" library="DateTime">
<var>${time_after_api_call}</var>
<doc>Returns current local or UTC time with an optional increment.</doc>
<status status="NOT RUN" starttime="20221111 16:43:31.843" endtime="20221111 16:43:31.843"/>
</kw>
<status status="FAIL" starttime="20221111 16:43:26.840" endtime="20221111 16:43:31.843"/>
</kw>
<doc>Test to check negative sign in scenario - Empty key for email
Author-Veeresh</doc>
<tag>negative</tag>
<tag>Sign In Negative Case with empty key for password and email</tag>
<timeout value="5 seconds"/>
<status status="FAIL" starttime="20221111 16:43:26.836" endtime="20221111 16:43:31.844">Test timeout 5 seconds exceeded.</status>
</test>
<test id="s1-t19" name="Sign In Negative Case with empty key for password" line="184">
<kw name="Set Variable" library="BuiltIn">
<var>${expected_status_code}</var>
<arg>400</arg>
<doc>Returns the given values which can then be assigned to a variables.</doc>
<msg timestamp="20221111 16:43:31.847" level="INFO">${expected_status_code} = 400</msg>
<status status="PASS" starttime="20221111 16:43:31.846" endtime="20221111 16:43:31.847"/>
</kw>
<kw name="Create Dictionary" library="BuiltIn">
<var>&amp;{data}</var>
<arg>email=${email}</arg>
<arg>${EMPTY}=${password}</arg>
<doc>Creates and returns a dictionary based on the given ``items``.</doc>
<msg timestamp="20221111 16:43:31.848" level="INFO">&amp;{data} = { email=sagar3@amagi.com | =Amagi@123 }</msg>
<status status="PASS" starttime="20221111 16:43:31.847" endtime="20221111 16:43:31.848"/>
</kw>
<kw name="Set Variable" library="BuiltIn">
<var>${path}</var>
<arg>login</arg>
<doc>Returns the given values which can then be assigned to a variables.</doc>
<msg timestamp="20221111 16:43:31.849" level="INFO">${path} = login</msg>
<status status="PASS" starttime="20221111 16:43:31.848" endtime="20221111 16:43:31.849"/>
</kw>
<kw name="Make Post Request and validate response code" library="common_keywords">
<var>${response}</var>
<arg>${expected_status_code}</arg>
<arg>${path}</arg>
<arg>&amp;{data}</arg>
<tag>Make Post Request and validate response code</tag>
<doc>This Key word is used to make API requests
Author-Veeresh</doc>
<kw name="Create Dictionary" library="BuiltIn">
<var>&amp;{headers}</var>
<arg>Content-Type=application/json</arg>
<doc>Creates and returns a dictionary based on the given ``items``.</doc>
<msg timestamp="20221111 16:43:31.850" level="INFO">&amp;{headers} = { Content-Type=application/json }</msg>
<status status="PASS" starttime="20221111 16:43:31.850" endtime="20221111 16:43:31.850"/>
</kw>
<kw name="Get Current Date" library="DateTime">
<var>${time_before_api_call}</var>
<doc>Returns current local or UTC time with an optional increment.</doc>
<msg timestamp="20221111 16:43:31.850" level="INFO">${time_before_api_call} = 2022-11-11 16:43:31.850</msg>
<status status="PASS" starttime="20221111 16:43:31.850" endtime="20221111 16:43:31.850"/>
</kw>
<kw name="POST" library="RequestsLibrary">
<var>${response}</var>
<arg>url=${url}/${path}</arg>
<arg>json=&amp;{data}</arg>
<arg>headers=&amp;{headers}</arg>
<arg>expected_status=${expected_status_code}</arg>
<doc>Sends a POST request.</doc>
<msg timestamp="20221111 16:43:33.282" level="INFO">POST Request : url=http://34.236.189.23:31100/login 
 path_url=/login 
 headers={'User-Agent': 'python-requests/2.26.0', 'Accept-Encoding': 'gzip, deflate', 'Accept': '*/*', 'Connection': 'keep-alive', 'Content-Type': 'application/json', 'Content-Length': '46'} 
 body=b'{"email": "sagar3@amagi.com", "": "Amagi@123"}' 
 </msg>
<msg timestamp="20221111 16:43:33.282" level="INFO">POST Response : url=http://34.236.189.23:31100/login 
 status=400, reason=Bad Request 
 headers={'X-Powered-By': 'Express', 'Access-Control-Allow-Origin': '*', 'Access-Control-Allow-Headers': 'Origin, X-Requested-With, Content-Type, Accept, Authorization', 'Content-Type': 'text/html; charset=utf-8', 'Content-Length': '57', 'ETag': 'W/"39-DMaoXXduy/h67B6IIx7+UJD7r5I"', 'Date': 'Fri, 11 Nov 2022 11:13:32 GMT', 'Connection': 'keep-alive'} 
 body={"status_code":"COG-ERR-010","description":"Login error"} 
 </msg>
<msg timestamp="20221111 16:43:33.282" level="INFO">${response} = &lt;Response [400]&gt;</msg>
<status status="PASS" starttime="20221111 16:43:31.851" endtime="20221111 16:43:33.282"/>
</kw>
<kw name="Status Should Be" library="RequestsLibrary">
<arg>${expected_status_code}</arg>
<arg>${response}</arg>
<doc>Fails if response status code is different than the expected.</doc>
<status status="PASS" starttime="20221111 16:43:33.282" endtime="20221111 16:43:33.283"/>
</kw>
<kw name="Evaluate" library="BuiltIn">
<var>${res}</var>
<arg>json.loads("""${response.content}""")</arg>
<arg>json</arg>
<doc>Evaluates the given expression in Python and returns the result.</doc>
<msg timestamp="20221111 16:43:33.284" level="INFO">${res} = {'status_code': 'COG-ERR-010', 'description': 'Login error'}</msg>
<status status="PASS" starttime="20221111 16:43:33.283" endtime="20221111 16:43:33.284"/>
</kw>
<kw name="Get Current Date" library="DateTime">
<var>${time_after_api_call}</var>
<doc>Returns current local or UTC time with an optional increment.</doc>
<msg timestamp="20221111 16:43:33.284" level="INFO">${time_after_api_call} = 2022-11-11 16:43:33.284</msg>
<status status="PASS" starttime="20221111 16:43:33.284" endtime="20221111 16:43:33.284"/>
</kw>
<msg timestamp="20221111 16:43:33.284" level="INFO">${response} = ['2022-11-11 16:43:31.850', '2022-11-11 16:43:33.284', {'status_code': 'COG-ERR-010', 'description': 'Login error'}]</msg>
<status status="PASS" starttime="20221111 16:43:31.849" endtime="20221111 16:43:33.284"/>
</kw>
<doc>Test to check negative sign in scenario - Empty key for email
Author-Veeresh</doc>
<tag>negative</tag>
<tag>Sign In Negative Case with empty key for password</tag>
<timeout value="5 seconds"/>
<status status="PASS" starttime="20221111 16:43:31.844" endtime="20221111 16:43:33.284"/>
</test>
<status status="FAIL" starttime="20221111 16:42:52.703" endtime="20221111 16:43:33.285"/>
</suite>
<statistics>
<total>
<stat pass="13" fail="6" skip="0">All Tests</stat>
</total>
<tag>
<stat pass="12" fail="6" skip="0">negative</stat>
<stat pass="1" fail="0" skip="0">positive</stat>
<stat pass="0" fail="1" skip="0">Sign In Negative Case with empty key for email</stat>
<stat pass="1" fail="0" skip="0">Sign In Negative Case with empty key for password</stat>
<stat pass="0" fail="1" skip="0">Sign In Negative Case with empty key for password and email</stat>
<stat pass="1" fail="0" skip="0">Sign In Negative Case with Empty path</stat>
<stat pass="0" fail="1" skip="0">Sign In Negative Case with empty payload</stat>
<stat pass="0" fail="1" skip="0">Sign In Negative Case With Invalid key for email in paylaod</stat>
<stat pass="1" fail="0" skip="0">Sign In Negative Case With Invalid key in paylaod</stat>
<stat pass="1" fail="0" skip="0">Sign In Negative Case with Invalid path</stat>
<stat pass="0" fail="1" skip="0">Sign In Negative Case Without Email in paylod</stat>
<stat pass="1" fail="0" skip="0">Sign In Negative Case Without Password in paylod</stat>
<stat pass="1" fail="0" skip="0">Sign In Negative Test Case Empty value for Email address empty value for password</stat>
<stat pass="1" fail="0" skip="0">Sign In Negative Test Case Empty value for Email address valid password</stat>
<stat pass="1" fail="0" skip="0">Sign In Negative Test Case Invalid Email address Invalid password</stat>
<stat pass="1" fail="0" skip="0">Sign In Negative Test Case Invalid value for Email address valid value for password</stat>
<stat pass="1" fail="0" skip="0">Sign In Negative Test Case Valid Email address empty value for password</stat>
<stat pass="1" fail="0" skip="0">Sign In Negative Test Case Valid value for Email address Invalid value for password</stat>
<stat pass="0" fail="1" skip="0">Sign In Negative Test Case With Additional Key in Payload</stat>
<stat pass="1" fail="0" skip="0">Sign In Negative Test Case With Invalid REST method</stat>
<stat pass="1" fail="0" skip="0">Sign In Positive Test case</stat>
</tag>
<suite>
<stat pass="13" fail="6" skip="0" id="s1" name="Login Test">Login Test</stat>
</suite>
</statistics>
<errors>
</errors>
</robot>
